17 22 50
1 4 -4050
1 8 2655
1 16 -4312
1 19 -1
1 20 67
2 14 -600
2 15 -2325
3 1 -608
3 3 1000
3 4 -2520
3 7 -2300
3 8 295
3 9 -1771
3 16 -470
3 20 -1136
4 3 3640
4 7 -8372
6 1 1102
6 2 620
6 6 -610
6 7 460
6 16 700
6 19 110
6 20 2059
8 12 2910
9 9 -210
9 20 986
10 9 -1344
11 4 -6831
11 13 1881
13 1 -2888
13 2 4712
13 4 -1725
13 6 -4636
13 7 3496
13 16 8272
13 19 872
13 20 -7808
13 21 -2277
14 9 406
14 20 2108
15 14 -72
15 15 -279
16 4 6348
16 12 -432
16 13 -1748
16 17 624
17 12 -5076
17 17 7332
17 20 -1071
