17 20 82
1 3 -9163
1 4 2426
1 6 -2106
1 7 10257
1 9 4852
1 13 923
1 14 3311
1 15 142
1 17 1443
2 3 8687
2 4 -2654
2 6 -1711
2 7 -2400
2 9 -5308
2 13 1261
2 14 -3139
2 15 194
2 19 -3127
3 2 -3750
3 12 -2070
3 13 1219
3 19 1566
4 2 2130
4 3 360
4 4 -430
4 7 420
4 8 -52
4 9 -980
4 13 -115
4 15 70
4 19 -3402
5 1 3136
7 3 4165
7 13 -4028
7 14 -1505
8 3 3213
8 14 -1161
9 4 1204
9 7 -1032
9 9 8392
9 10 -70
9 12 -1681
9 13 -1118
9 15 -172
9 16 -1886
9 19 -6160
10 1 -4002
10 2 -132
10 3 -396
10 4 -66
10 6 2754
10 8 435
10 11 4350
10 13 627
10 17 -1887
11 2 2325
11 4 -3564
11 7 -9801
11 9 -7128
11 11 50
11 15 -2280
11 20 3720
12 2 -3150
12 4 812
12 7 -696
12 9 1624
12 13 -754
12 15 -116
13 12 5490
13 13 -3233
13 19 3888
14 1 1274
15 1 -1845
15 6 4712
15 7 -720
15 10 485
15 11 4018
15 12 608
15 17 2542
16 13 -1900
17 9 -1836
17 19 1890
