32 40 382
1 7 1349
2 1 -1232
2 2 -240
2 4 -2301
2 8 -378
2 11 5664
2 13 1947
2 14 -531
2 16 -3360
2 19 -2898
2 21 880
2 25 -4116
2 27 -1392
2 28 620
2 32 531
2 34 -5811
2 39 4779
3 2 1900
3 3 -2700
3 6 -2850
3 7 6618
3 13 -6045
3 16 1323
3 17 1729
3 22 1064
4 1 2296
4 2 3036
4 6 -2624
4 10 -690
4 26 -6560
4 28 3690
4 36 -5494
4 37 1886
5 2 6528
5 5 11424
5 8 -5045
5 12 -5226
5 16 1864
5 17 1360
5 18 1404
5 19 4071
5 20 -8019
5 21 -408
5 22 884
5 25 5782
5 31 -3400
5 32 -4698
5 34 1947
5 35 -578
5 37 4680
5 39 3645
6 1 -9609
6 9 3410
6 10 1488
6 11 -2604
6 13 2015
6 14 5208
6 20 -1595
6 27 -8265
6 29 5022
7 2 -1311
7 3 2079
7 8 -468
7 12 2621
7 15 -1159
7 16 -4160
7 19 -9510
7 21 -1008
7 25 -5096
7 26 -630
7 30 -1615
7 31 -5229
7 34 -8016
7 35 5796
7 39 4977
8 2 -1656
8 8 -2904
8 12 -3208
8 13 2340
8 15 -1464
8 23 2552
8 30 -2040
8 34 3608
8 37 -4576
9 8 -297
9 11 -4300
9 12 -576
9 13 2989
9 17 -5848
9 23 261
9 27 8084
9 28 -7310
9 34 369
9 37 -468
9 40 -5551
10 1 888
10 3 -1485
10 4 990
10 6 -5973
10 7 -3311
10 8 8706
10 9 -1320
10 10 -576
10 11 7908
10 12 3904
10 14 -2016
10 19 1410
10 21 240
10 23 -1769
10 24 -1350
10 26 150
10 29 -1944
10 30 -4002
10 31 1245
10 32 -6006
10 34 1690
10 35 -1380
10 37 3172
10 39 -1185
11 1 -2184
11 2 84
11 3 4984
11 6 7564
11 7 -13311
11 8 -7372
11 9 -21
11 11 -11128
11 12 2448
11 13 -1687
11 15 6552
11 16 -720
11 20 7200
11 26 6240
11 28 -3510
11 30 4408
11 32 5624
11 33 -1958
11 34 -2964
11 35 6586
11 36 5226
11 38 -21
11 39 -108
12 1 -3920
12 3 -480
12 11 -3640
12 13 806
12 14 32
12 21 -3920
12 22 736
12 27 -2784
13 1 -392
13 3 -180
13 4 132
13 6 -2432
13 7 -6241
13 8 -1650
13 11 -6985
13 12 -514
13 13 -3315
13 15 7189
13 16 -790
13 17 -3740
13 20 7900
13 21 -392
13 23 1450
13 24 -180
13 27 5170
13 28 -4675
13 32 -120
13 34 2050
13 37 -2600
14 3 -3132
14 4 1872
14 6 -8738
14 7 6873
14 8 5432
14 11 992
14 13 -5700
14 14 432
14 30 -3248
14 32 -4576
14 34 5784
14 39 -3888
14 40 7644
15 3 -3360
15 13 -300
15 21 -2450
15 22 2200
15 33 1320
15 34 750
15 35 -4440
16 2 6240
16 3 3240
16 5 10920
16 6 3420
16 7 -7110
16 8 -5330
16 16 -2730
16 21 -390
16 22 845
16 31 -3250
17 3 990
17 4 -990
17 6 -112
17 7 601
17 8 -135
17 11 931
17 12 -646
17 15 -982
17 16 -6450
17 19 -5727
17 20 -1900
17 22 -864
17 24 1350
17 25 -8134
17 32 900
17 34 -3342
17 38 -171
18 4 -2067
18 11 5088
18 13 2169
18 14 -477
18 21 3430
18 22 -3080
18 32 477
18 34 -5025
18 39 4293
19 1 -13202
19 2 2304
19 3 -1032
19 11 -7826
19 20 330
19 21 -16876
19 27 -5394
19 28 -5952
20 7 -3900
20 8 2652
20 15 3237
20 22 -3744
20 34 -2613
20 38 -741
21 3 3003
21 8 -828
21 11 480
21 12 1340
21 16 -7360
21 18 -360
21 19 -14902
21 20 3240
21 21 -1456
21 25 -9016
21 26 3830
21 31 -7553
21 34 -7276
21 35 8372
21 37 -1200
21 39 7189
22 2 -1920
22 5 -3360
22 8 1640
22 10 3744
22 16 840
22 17 -3159
22 19 3510
22 21 3201
22 22 -260
22 31 1000
23 2 -9000
23 3 -3472
23 12 2574
23 16 5733
23 17 -8190
23 18 -1645
23 20 4344
23 22 44
23 32 2256
23 33 4464
24 1 -8036
24 2 -528
24 3 -984
24 11 -7462
24 21 -6100
24 28 1364
25 10 -2784
25 17 2349
25 19 -2610
25 20 495
25 21 -2291
26 1 -9702
26 2 1064
26 3 -1188
26 7 -5041
26 9 -266
26 11 -9009
26 12 4489
26 13 -2432
26 16 -2394
26 18 -1206
26 20 396
26 21 -9702
26 32 232
26 37 -4020
26 38 -266
26 39 -1548
27 2 2112
27 7 -6314
27 10 -1728
27 13 -3528
27 16 -1071
27 17 1053
27 19 -1170
27 21 -1027
27 37 1312
27 40 6552
28 2 -1914
28 6 -6111
28 8 6111
28 10 435
28 11 6300
28 20 7722
28 30 -3654
28 32 -138
28 34 2457
28 37 -1189
28 39 -3510
29 2 6000
29 3 4816
29 7 2079
29 8 8281
29 11 3094
29 12 1474
29 17 5460
29 18 -396
29 20 -4752
29 22 -4594
29 24 5187
29 32 -2784
29 33 -7379
29 35 -2088
29 37 -1320
29 39 2160
30 1 -980
30 2 6600
30 3 -480
30 6 -380
30 7 2490
30 8 -1156
30 11 -1550
30 15 -1411
30 17 6006
30 20 -910
30 21 -980
30 22 5328
30 26 -6320
30 34 -5341
30 38 323
31 1 9212
31 3 192
31 6 -988
31 7 5178
31 11 7946
31 13 -2444
31 14 47
31 20 -4104
31 21 9212
31 22 1081
31 26 -6004
31 27 -4089
31 34 -6156
32 3 1452
32 8 1456
32 11 544
32 16 -3087
32 19 -4136
32 21 -704
32 24 912
32 26 -440
32 31 -3652
32 33 -112
32 34 -4400
32 35 3824
32 39 3476
