31 48 456
1 4 2730
1 6 -4205
1 10 -2988
1 12 -6640
1 16 -1015
1 17 1925
1 24 2075
1 28 2135
1 31 -3510
1 36 -540
1 41 3600
1 43 6214
1 47 2130
1 48 -5751
2 10 -1116
2 12 -2480
2 16 1271
2 24 775
2 43 2480
3 1 -2400
3 2 324
3 6 -3324
3 7 -2326
3 8 1968
3 10 540
3 12 -2816
3 13 840
3 15 1892
3 16 -1554
3 18 968
3 19 7425
3 20 -720
3 21 -2370
3 22 816
3 24 550
3 25 396
3 31 -480
3 35 2325
3 36 -2860
3 39 -572
3 41 -1608
3 42 3024
3 43 -640
3 44 -4272
3 48 -4932
4 1 7360
4 4 -876
4 13 -2576
4 16 5244
4 19 5613
4 21 7268
4 24 650
4 34 -192
4 35 1829
4 48 -4248
5 5 234
5 6 6264
5 7 165
5 16 -7437
5 20 1826
5 31 3393
5 35 3081
5 36 522
5 41 -3480
5 44 180
6 1 -4898
6 6 -1640
6 7 -1140
6 20 -4836
6 25 -1736
6 26 1984
6 35 2108
6 41 -1120
6 47 5456
7 2 -1939
7 4 -7098
7 6 -12739
7 7 480
7 8 -612
7 10 7357
7 13 408
7 15 7200
7 17 -5005
7 18 3230
7 20 -5220
7 21 -70
7 22 10044
7 25 2871
7 26 -612
7 28 -5551
7 29 -1904
7 31 4968
7 33 -6172
7 35 490
7 36 5856
7 37 -2240
7 40 -2890
7 41 2256
7 43 -544
7 44 2112
7 46 -102
7 48 833
8 1 7840
8 2 -8316
8 6 244
8 7 -8232
8 13 -2744
8 16 5770
8 21 7742
8 28 -116
8 32 6132
8 36 -7896
8 39 -2100
8 42 -6216
9 1 -3024
9 2 455
9 4 -3938
9 5 3120
9 7 2200
9 8 -376
9 9 -975
9 13 -3504
9 18 -380
9 19 -1140
9 23 2336
9 26 72
9 27 -900
9 29 224
9 31 1638
9 33 -48
9 34 3564
9 35 2680
9 36 2736
9 37 -900
9 40 340
9 41 -1968
9 42 660
9 43 -1721
9 44 2400
9 46 12
9 47 1188
9 48 -1134
10 10 6162
10 19 520
10 21 -78
10 33 -7332
10 35 546
10 37 -2496
10 47 4680
10 48 1950
11 1 -5760
11 6 1464
11 13 2016
11 16 -3000
11 21 -5688
11 28 -696
12 2 5368
12 4 -11433
12 6 2156
12 10 -440
12 17 4472
12 19 -1767
12 20 -1798
12 24 465
12 26 2064
12 30 -1804
12 31 4042
12 32 -1672
12 34 -1488
13 1 -1896
13 2 -544
13 20 -45
13 22 2924
13 25 -672
13 26 -8350
13 31 5984
13 35 816
13 36 4148
13 39 4042
13 40 4324
13 44 1496
13 47 2112
14 5 -2960
14 8 -4130
14 13 74
14 15 6734
14 16 5254
14 25 -4588
14 27 2242
14 29 -59
14 38 -5074
14 42 -3245
14 44 2596
14 48 3245
15 1 6552
15 2 1782
15 5 -312
15 6 -4752
15 7 -220
15 9 165
15 10 1386
15 13 7488
15 20 -5903
15 22 4488
15 25 2178
15 26 2838
15 27 1950
15 31 -2640
15 34 -7722
15 35 -124
15 36 -5928
15 37 1950
15 41 4218
15 43 -792
15 44 -240
15 48 2574
16 2 -13924
16 4 -2046
16 6 886
16 7 1022
16 8 462
16 10 -679
16 15 -3139
16 16 -803
16 18 -1606
16 19 7096
16 20 4740
16 22 -5372
16 23 -2409
16 24 720
16 25 -2607
16 26 -7216
16 30 4018
16 31 3160
16 32 3724
16 34 -10660
16 35 747
16 36 4745
16 39 949
16 41 -474
16 47 -1080
16 48 -8385
17 1 3792
17 2 195
17 4 -6816
17 8 3662
17 9 -335
17 12 -5472
17 13 4560
17 20 3744
17 23 -2847
17 25 1344
17 26 -7298
17 30 -2040
17 31 2262
17 35 -3387
17 41 -3780
17 42 4788
17 43 -741
17 44 -6764
17 47 -5160
18 2 1052
18 4 -3844
18 5 -1200
18 6 -5143
18 7 6468
18 8 9928
18 10 1264
18 13 30
18 15 2730
18 16 2130
18 20 -2040
18 22 2312
18 23 -4526
18 25 -738
18 26 -830
18 27 -3648
18 29 96
18 30 2255
18 31 -1360
18 32 -2728
18 35 -2790
18 36 6204
18 38 8256
18 39 704
18 40 -1012
18 41 204
18 42 10164
18 43 6318
18 44 -4224
18 47 -4764
18 48 -3954
19 2 -4851
19 3 1496
19 6 -164
19 7 -2128
19 8 756
19 13 -504
19 18 1858
19 21 6052
19 26 756
19 27 1020
19 29 2352
19 32 3577
19 33 -504
19 35 4896
19 36 -4606
19 39 -1225
19 40 3570
19 41 -2254
19 42 -3626
19 43 672
19 46 126
20 2 -656
20 8 -4620
20 10 -1044
20 12 -2320
20 16 9743
20 22 3526
20 24 725
20 26 5626
20 27 2508
20 29 -66
20 31 7216
20 36 5002
20 38 -5676
20 39 -2494
20 40 -2668
20 42 -3630
20 43 2320
20 44 4708
20 48 3630
21 5 -2418
21 7 -1705
21 35 -961
21 44 -1860
22 5 1160
22 8 5950
22 13 -29
22 15 -2639
22 16 4615
22 21 -3072
22 25 1798
22 27 -3230
22 29 85
22 35 -2848
22 38 7310
22 42 4675
22 44 -3740
22 48 -4675
23 2 1128
23 4 516
23 9 -95
23 25 36
23 26 -1634
23 43 456
24 4 -63
24 6 -6039
24 13 -76
24 16 -4546
24 20 176
24 21 -2016
24 26 873
24 28 2871
24 30 34
24 35 -1581
24 39 -387
24 40 -414
24 41 63
25 8 -840
25 10 11954
25 25 13205
25 27 456
25 29 -12
25 30 -13622
25 38 -1032
25 40 10981
25 42 2676
25 44 528
25 48 660
26 2 32
26 6 -1368
26 22 -172
26 31 -1093
26 36 -358
26 41 760
26 44 -88
27 1 -316
27 2 -7896
27 4 2931
27 8 -2190
27 13 6004
27 17 -1508
27 19 -280
27 20 -312
27 25 -364
27 26 2206
27 30 -2686
27 31 -1363
27 35 136
27 41 -4977
27 43 -5913
27 47 898
27 48 -1050
28 8 -1968
28 12 3456
28 42 -3024
28 44 4272
29 2 4265
29 4 -5544
29 6 -6552
29 7 4214
29 8 -3280
29 12 4608
29 13 -648
29 19 -800
29 20 6696
29 22 -43
29 23 3888
29 25 5976
29 26 5368
29 30 -2520
29 31 -3637
29 32 -3139
29 34 7930
29 36 3435
29 37 -8280
29 39 -653
29 41 3640
29 42 -1858
29 43 9360
29 44 7098
29 47 -12528
29 48 -3000
30 2 1886
30 3 -1848
30 7 -3444
30 8 3000
30 9 -2990
30 10 3081
30 18 -7224
30 19 -3496
30 20 -2610
30 21 -7515
30 26 -3800
30 27 -1260
30 33 -3666
30 35 -5775
30 37 -1248
30 42 2024
30 43 8100
30 47 -4200
31 16 -3196
31 26 -4462
31 39 1978
31 40 2116
