60 36 739
1 2 -2688
1 11 -6336
1 30 -3840
1 31 832
1 35 5760
2 2 3444
2 3 -5390
2 8 7007
2 10 -38
2 11 8118
2 14 819
2 15 -741
2 16 -1018
2 17 48
2 20 4356
2 21 -2772
2 22 -8811
2 23 6776
2 29 2718
2 30 4920
2 31 -1066
2 35 -7380
3 2 -1440
3 9 3336
3 10 3204
3 13 -2950
3 17 4147
3 22 5429
3 23 4779
3 29 531
3 31 4450
3 35 -2184
5 3 -4505
5 4 9393
5 6 765
5 7 -420
5 9 -2508
5 12 3807
5 14 8381
5 15 1950
5 17 -1645
5 18 -2600
5 21 -1260
5 24 -5168
5 26 -3760
5 27 4408
5 32 -2132
5 35 -3948
5 36 6715
6 4 -1311
6 6 -186
6 7 -3976
6 8 1761
6 9 -2520
6 12 6141
6 13 -1480
6 14 -6552
6 15 -168
6 17 2523
6 19 -4704
6 20 405
6 23 -108
6 26 5295
6 28 -1425
6 35 5796
7 2 336
7 7 -3053
7 9 4533
7 11 -4892
7 15 1047
7 19 -3612
7 25 3822
7 28 1470
7 30 480
7 31 -104
7 33 -3332
7 35 -720
8 12 245
8 13 -3800
8 17 259
8 21 42
8 23 6156
8 29 684
8 35 -21
9 5 -3021
9 6 378
9 12 3948
9 14 -966
9 29 -3542
9 31 -1113
9 36 3318
10 1 3108
10 2 770
10 7 4260
10 8 1332
10 9 2106
10 11 -2730
10 13 1152
10 14 972
10 15 180
10 16 2183
10 17 -999
10 19 5040
10 24 -1224
10 26 666
10 27 1044
10 31 4320
10 36 4070
11 3 -3640
11 7 -1278
11 8 4732
11 9 -810
11 15 -54
11 16 -728
11 19 -1512
11 20 -1628
11 21 1036
11 22 3293
11 23 4576
12 4 -741
12 7 -426
12 9 -270
12 10 1368
12 12 3471
12 14 -3549
12 15 -18
12 17 1365
12 19 -504
12 25 -1368
12 26 3120
12 35 3276
13 3 901
13 4 -1900
13 5 -3420
13 6 630
13 12 6580
13 14 -1720
13 27 -2040
13 28 -240
13 31 -1260
13 32 2120
13 36 5530
14 1 -2022
14 4 -265
14 7 -564
14 11 2745
14 12 -2997
14 13 -2760
14 14 -2279
14 15 -5925
14 18 7900
14 20 -518
14 23 3402
14 27 -2703
14 28 -318
14 29 378
14 30 1961
14 31 -2475
14 32 9287
14 34 -360
14 36 -354
15 9 4158
15 11 -3654
15 13 3500
15 15 756
15 23 -5670
15 25 2457
15 28 945
15 29 -630
15 33 -2142
16 14 1617
16 25 224
16 29 5929
16 32 -105
16 34 -644
17 4 -400
17 9 -2211
17 10 -96
17 13 -2915
17 14 178
17 15 -1872
17 24 -4556
17 26 530
17 27 -3904
17 28 -480
17 29 -720
17 32 4240
17 33 1802
17 34 2067
18 1 1750
18 5 1974
18 6 -2430
18 7 -2350
18 8 5452
18 9 -1620
18 11 2500
18 13 -2800
18 15 540
18 21 -108
18 34 -1500
18 36 -4391
19 10 -3600
19 13 -576
19 15 -7050
19 17 -5900
19 18 9400
19 22 -6100
19 31 -7160
19 32 7708
20 1 819
20 2 224
20 4 -266
20 12 1246
20 13 -273
20 14 -1274
20 17 490
20 21 1554
20 23 580
20 25 1653
20 26 1120
20 28 -5600
20 29 2407
20 31 -6570
20 33 2900
20 35 1176
20 36 567
21 1 -67
21 2 172
21 3 1908
21 4 -3847
21 5 819
21 8 2262
21 11 4087
21 12 -6418
21 14 -1183
21 17 -2949
21 21 -552
21 26 1040
21 28 -4300
21 29 -4891
21 30 4891
21 35 1368
21 36 5829
22 2 -2704
22 4 175
22 7 3050
22 9 7089
22 13 1700
22 14 3035
22 16 -2210
22 17 476
22 21 1500
22 27 1785
22 28 -8690
22 32 -1855
22 35 -4641
23 2 -364
23 4 -355
23 12 -3325
23 13 2652
23 14 -3053
23 17 -3515
23 20 3212
23 21 -2614
23 22 -6497
23 23 1040
23 25 2964
23 27 -3621
23 28 8674
23 29 4316
23 32 3763
23 33 5200
23 35 285
24 1 780
24 4 779
24 12 -219
24 14 3731
24 15 3528
24 16 -1890
24 17 2191
24 18 1932
24 21 2068
24 25 3612
24 26 -3280
24 31 5586
24 35 -3738
24 36 540
25 1 -2660
25 7 3572
25 10 2016
25 11 -3800
25 12 1015
25 13 -918
25 17 4377
25 21 174
25 22 3416
25 23 -360
25 25 -258
25 29 -1494
25 31 2800
25 32 -360
25 33 -1800
25 34 72
25 35 -87
25 36 2242
26 2 1080
26 3 6370
26 8 -8281
26 9 -2502
26 14 1785
26 16 4394
26 17 3324
26 23 -8008
26 29 6545
26 35 1638
27 1 935
27 4 -1482
27 5 1806
27 6 -729
27 8 4988
27 11 -3185
27 12 -672
27 14 -7098
27 17 2730
27 21 -5106
27 26 6240
27 35 6552
27 36 -8262
28 1 -46
28 2 -232
28 7 994
28 9 630
28 11 2806
28 12 -2990
28 15 42
28 19 1176
28 28 5800
28 29 -3358
28 30 3358
28 36 4002
29 1 -93
29 4 -385
29 6 81
29 11 5673
29 12 -5199
29 14 -3311
29 27 -3927
29 28 -462
29 29 -6789
29 30 6789
29 32 4081
29 36 8802
30 2 -84
30 8 -2805
30 15 3375
30 18 -4500
30 28 2448
30 32 -3690
30 36 -444
31 6 486
31 9 3168
31 12 5076
31 14 -5184
31 20 1980
31 21 -1260
31 22 -4005
31 24 6528
31 27 -5568
31 36 4266
32 7 781
32 9 495
32 10 102
32 12 7452
32 15 2022
32 17 100
32 19 924
32 20 1288
32 25 -2073
32 29 765
32 30 -4876
32 32 990
32 33 -35
32 34 6072
33 2 -2730
33 4 7600
33 7 790
33 10 72
33 11 -6435
33 17 118
33 21 2370
33 22 122
33 30 1496
33 31 945
33 35 5850
34 2 -756
34 6 729
34 11 -1782
34 12 7614
34 13 2500
34 23 -4050
34 29 -450
34 30 -1080
34 31 234
34 35 1620
34 36 6399
35 6 2385
35 7 -4260
35 8 3132
35 9 -1110
35 15 -710
35 16 5133
35 17 -2349
35 19 -5040
35 21 106
35 26 1566
35 36 2862
36 4 470
36 7 -7200
36 13 -4800
36 14 -278
36 15 2475
36 16 6240
36 17 -7968
36 18 -3300
36 27 4794
36 28 564
36 32 -7688
37 6 -2266
37 7 3263
37 8 -1784
37 9 1320
37 13 850
37 14 -4373
37 15 2164
37 16 -2230
37 17 2779
37 18 1150
37 19 2352
37 20 5130
37 21 4
37 23 -1368
37 25 2150
37 26 -2850
37 28 2974
37 29 -6160
37 31 3325
37 36 108
38 1 21
38 2 -5460
38 3 -420
38 5 57
38 6 4216
38 8 1770
38 9 19183
38 10 2952
38 11 -7023
38 12 1365
38 13 3850
38 14 6188
38 15 1188
38 16 -4584
38 17 -5396
38 20 -9180
38 22 5002
38 23 -3261
38 25 3861
38 26 5100
38 28 -2119
38 29 840
38 30 -1533
38 31 4121
38 33 -3366
38 35 -8281
38 36 -1827
39 1 8
39 3 2030
39 6 -3915
39 8 -2639
39 9 -2610
39 11 -488
39 12 520
39 15 870
39 16 406
39 21 -174
39 23 -2552
39 29 584
39 30 -584
39 36 -5394
40 1 -3920
40 2 -2720
40 3 6440
40 7 5264
40 8 -8372
40 9 7923
40 11 -5600
40 13 -3402
40 16 1288
40 17 -2622
40 23 -9896
40 25 -5130
40 29 -7470
40 31 4455
40 33 -9000
40 34 3360
40 35 -5187
40 36 7004
41 7 7350
41 13 4900
41 14 4410
41 15 2520
41 16 -7720
41 17 8134
41 18 1380
41 25 2580
41 31 3990
42 2 -384
42 6 2430
42 9 369
42 15 -540
42 17 414
42 21 108
42 25 -2176
42 32 1020
42 34 6256
42 35 819
42 36 -1968
43 1 2516
43 6 -3600
43 7 -4899
43 9 963
43 10 -1440
43 11 -7894
43 13 4250
43 15 1769
43 17 -2360
43 19 -5796
43 21 -160
43 22 -2440
43 23 -6885
43 25 3822
43 28 1470
43 29 -765
43 31 -2000
43 33 -3332
43 36 -4320
44 1 4790
44 7 -6486
44 11 9340
44 12 -2600
44 16 2220
44 17 1776
44 29 -2920
44 30 2920
44 34 -4140
44 36 -591
45 10 -72
45 14 735
45 17 -118
45 22 -122
45 29 2695
45 31 -100
46 1 -9102
46 2 2340
46 8 -4345
46 9 -4596
46 11 7995
46 14 -1350
46 15 -525
46 17 1794
46 18 700
46 20 2772
46 21 -1764
46 22 -5607
46 24 1700
46 27 -1450
46 28 3792
46 32 574
46 35 3549
47 1 5460
47 7 -11734
47 9 -5463
47 10 3078
47 11 7568
47 12 -4617
47 13 -3417
47 14 4806
47 15 -138
47 19 -5208
47 20 -798
47 23 -1340
47 24 -6052
47 25 -6741
47 27 5162
47 28 60
47 29 -5561
47 30 3021
47 33 -6836
47 34 -4680
47 36 -4602
48 3 -2438
48 4 9100
48 9 -198
48 11 174
48 13 5170
48 15 1140
48 16 -630
48 18 644
48 25 1087
48 26 -940
48 27 6580
48 28 -45
48 30 3195
48 31 1862
48 33 -3094
48 34 -3666
49 3 3080
49 8 -4004
49 14 672
49 15 4704
49 16 -1904
49 18 2576
49 23 -3872
49 25 4816
49 29 2464
49 31 7448
50 8 4455
50 12 -3483
50 13 2280
50 20 -1614
50 21 644
50 22 2047
50 28 -3888
50 30 2279
51 5 -4821
51 7 -4070
51 8 -802
51 13 -2800
51 14 -1281
51 16 2991
51 17 -4351
51 21 390
51 26 -198
51 29 4543
51 31 -1722
52 2 2538
52 9 -4031
52 11 1881
52 12 5913
52 17 1334
52 20 1022
52 30 -2729
52 31 -247
52 35 929
53 1 -601
53 2 5220
53 3 630
53 7 940
53 8 -819
53 9 -12093
53 11 -7039
53 12 7310
53 16 126
53 17 4927
53 21 150
53 23 -792
53 29 7227
53 30 -7227
53 34 600
53 35 7842
53 36 -8023
54 7 -360
54 13 -768
54 20 2024
54 21 -2368
54 22 -4094
54 25 -1760
54 31 -2880
54 32 825
54 34 5060
55 3 1400
55 5 798
55 7 420
55 8 384
55 10 3060
55 16 280
55 17 5015
55 21 1260
55 22 5185
55 23 -1760
55 31 4250
56 6 1125
56 9 750
56 10 -1908
56 14 -1995
56 15 -250
56 17 -3127
56 21 50
56 22 -3233
56 29 -7315
56 31 -2650
56 36 1350
57 3 4081
57 4 -7700
57 6 540
57 9 360
57 10 12
57 13 -4510
57 15 114
57 21 24
57 26 820
57 27 -5740
57 29 90
57 33 2788
57 34 3198
57 36 648
58 1 -2067
58 15 -8325
58 18 11100
58 21 -3922
58 32 9102
58 36 -1431
59 2 -882
59 4 -114
59 7 -600
59 12 2529
59 14 -546
59 17 2319
59 21 -1458
59 26 480
59 35 333
59 36 -4662
60 1 1911
60 7 710
60 10 -380
60 13 444
60 21 5756
60 25 380
60 31 1665
60 36 1323
