69 37 950
1 2 -564
1 3 704
1 4 260
1 5 -1518
1 6 -216
1 8 -372
1 9 93
1 10 -3246
1 16 -1007
1 17 -83
1 18 5952
1 20 -371
1 24 -1468
1 25 2184
1 26 170
1 27 2366
1 28 204
1 30 540
1 33 -6200
1 36 -598
2 1 2650
2 3 -5628
2 5 -4760
2 6 -1248
2 10 -1620
2 11 -4154
2 12 5360
2 13 -582
2 14 -2881
2 15 1205
2 21 4573
2 22 -56
2 24 -5040
2 25 -4154
2 28 212
2 32 -5320
2 36 10523
3 2 5600
3 5 -2212
3 6 -702
3 7 -74
3 8 -504
3 9 -4636
3 10 -6328
3 12 2837
3 13 -812
3 15 -140
3 16 2200
3 17 -132
3 18 -396
3 19 124
3 20 2150
3 21 -462
3 22 3168
3 23 -2012
3 26 8818
3 28 1798
3 29 -2911
3 31 -400
3 36 766
4 1 -250
4 6 -1488
4 7 -418
4 10 1380
4 13 667
4 15 115
4 21 1313
4 22 2350
4 24 -650
4 28 1550
4 33 2450
4 34 -190
4 36 6417
5 1 -108
5 6 -78
5 10 -2660
5 12 -3581
5 16 -2162
5 18 836
5 21 -4542
5 22 -950
5 25 -1904
5 26 -473
5 27 -1900
5 28 -3570
5 30 2318
5 33 -1440
5 34 1224
5 36 1710
6 1 -600
6 5 7200
6 6 -216
6 7 957
6 9 -2352
6 10 -154
6 12 -2340
6 15 -2892
6 16 -1880
6 21 -5290
6 26 -628
6 27 -990
6 29 -2216
6 30 750
6 31 -140
6 32 1562
6 34 435
7 7 2301
7 9 -4628
7 10 -3103
7 12 2088
7 16 551
7 18 -10137
7 19 -2242
7 22 5129
7 25 -5782
7 26 -1731
7 27 1450
7 28 -2108
7 30 -1769
7 31 780
7 32 468
7 36 4182
7 37 -4099
8 3 -32
8 5 69
8 9 -5264
8 10 -1938
8 13 -841
8 15 -1930
8 16 -1645
8 17 1848
8 18 5544
8 19 -1736
8 20 297
8 21 3690
8 22 3619
8 23 -56
8 26 7431
8 28 2686
8 29 2950
8 31 -4620
8 32 -2772
9 6 -1394
9 7 -484
9 8 -1640
9 9 3245
9 10 2023
9 12 2376
9 15 -765
9 16 3403
9 17 -1711
9 18 -726
9 19 -82
9 20 -106
9 21 4309
9 22 721
9 26 4323
9 27 1650
9 30 -2013
9 32 1813
9 34 -220
9 36 -1485
9 37 106
10 4 704
10 5 -8064
10 9 3872
10 10 -560
10 12 -576
10 16 2872
10 18 176
10 22 7808
10 24 396
10 26 144
10 27 -400
10 30 -352
10 34 3780
10 36 360
11 5 -4675
11 10 1078
11 16 462
11 17 -22
11 18 -2112
11 22 -55
11 24 -4444
11 32 -5225
11 33 2200
11 36 1980
12 6 414
12 9 3108
12 12 4485
12 21 -1518
12 26 2737
12 28 -1734
12 31 185
14 2 1350
14 5 9188
14 7 -1012
14 8 -2075
14 10 -4669
14 12 -5002
14 16 -5519
14 17 91
14 18 8736
14 20 -3622
14 21 7912
14 24 -2093
14 27 -1350
14 29 -1680
14 30 530
14 31 550
14 32 7458
14 33 -9100
14 34 -460
14 36 -8190
15 3 -4284
15 5 -1000
15 6 1292
15 8 1520
15 10 -711
15 12 1220
15 14 -2193
15 15 -4131
15 16 -4166
15 17 59
15 18 5664
15 20 -2011
15 21 4569
15 24 -1357
15 25 -3162
15 26 -5308
15 29 -4698
15 33 -5900
15 36 -5310
16 3 -5428
16 5 -3315
16 9 -5264
16 14 -2881
16 17 1848
16 18 5544
16 19 -1736
16 20 -6300
16 21 2278
16 22 6561
16 23 -456
16 24 -3510
16 25 -4154
16 28 2142
16 29 2464
16 31 1725
16 32 -3705
17 1 51
17 2 7802
17 6 2988
17 8 5146
17 20 497
17 24 581
17 30 -7470
17 33 680
17 34 -1428
17 36 -6674
18 2 1944
18 4 -3740
18 8 -2988
18 10 -60
18 11 6290
18 12 -8070
18 13 -29
18 15 -5
18 21 85
18 29 -475
18 31 792
18 35 -340
19 1 -4650
19 2 -810
19 6 672
19 8 1245
19 15 -6603
19 20 -602
19 21 -6674
19 25 -2632
19 29 -7626
19 31 -330
19 36 5186
20 3 3960
20 5 18523
20 6 -1014
20 7 4017
20 8 -728
20 10 -3219
20 12 1742
20 18 -5957
20 19 -1406
20 20 -6952
20 22 3240
20 24 6408
20 25 -3626
20 26 2106
20 29 1950
20 30 -2640
20 32 7161
20 36 5599
20 37 -9577
21 2 -4158
21 3 2944
21 5 -6348
21 7 748
21 8 6391
21 21 -5848
21 22 5632
21 28 -2822
21 31 -1694
21 32 2405
21 34 340
22 2 3854
22 4 2024
22 5 -1700
22 6 1476
22 7 -803
22 8 2542
22 10 -21
22 11 -3404
22 12 6352
22 16 1496
22 20 1462
22 21 6278
22 24 -1561
22 27 -135
22 29 -168
22 30 -3690
22 32 213
22 34 -365
22 35 184
23 1 -258
23 9 10528
23 17 -3696
23 18 -11088
23 19 2611
23 20 -1113
23 22 -1092
23 23 112
23 29 -4928
23 33 -3440
23 34 7224
23 37 1113
24 2 12185
24 3 1344
24 6 3312
24 8 -2596
24 10 -4899
24 13 1380
24 14 688
24 15 4968
24 20 784
24 21 -2248
24 24 644
24 25 320
24 29 4830
24 30 -8280
24 31 2200
24 35 -1656
25 2 7708
25 3 -1856
25 5 4002
25 6 2952
25 8 5084
25 16 -3840
25 24 574
25 30 -7380
25 34 -4800
26 1 -540
26 3 4410
26 5 12172
26 7 939
26 9 9217
26 12 -1220
26 16 -880
26 17 -2574
26 18 -7722
26 19 2418
26 20 -8602
26 21 1335
26 22 5076
26 23 78
26 24 -1404
26 28 2449
26 29 -3432
26 30 -2940
26 32 -98
26 33 5292
26 34 5
26 37 -9800
27 1 450
27 3 -768
27 5 5016
27 6 2938
27 8 2120
27 9 -2970
27 10 371
27 16 -3186
27 17 1566
27 22 -4230
27 24 1170
27 26 -5599
27 28 -2790
27 30 350
27 33 -4410
27 36 -4899
28 2 378
28 4 1948
28 5 -6630
28 8 -581
28 9 11334
28 10 80
28 20 832
28 22 -78
28 24 -5868
28 25 -840
28 27 -910
28 31 154
28 32 -7410
29 3 -172
29 4 -1936
29 5 4512
29 11 3256
29 12 -4092
29 20 4796
29 22 -5676
29 23 344
29 30 470
29 35 -176
29 36 4888
30 1 -3900
30 2 6956
30 3 184
30 4 2940
30 5 3936
30 6 2664
30 8 4588
30 15 -7140
30 19 2436
30 20 -5520
30 22 6072
30 23 -368
30 24 518
30 28 -312
30 30 -6250
30 36 -7566
31 1 600
31 4 3652
31 5 -6120
31 11 -6142
31 12 7719
31 15 852
31 20 -357
31 22 -72
31 24 -6480
31 29 984
31 32 -6840
31 35 332
31 36 4794
32 1 -225
32 5 -150
32 12 183
32 16 -1980
32 20 -18
32 33 -3000
32 34 3660
32 36 1974
33 10 -658
33 27 -4230
33 29 -5264
33 32 6674
34 5 7395
34 6 646
34 8 760
34 10 133
34 12 2211
34 21 2769
34 22 87
34 24 3630
34 25 1092
34 26 -1349
34 29 6365
34 32 8265
35 3 1440
35 5 -3105
35 6 -3162
35 8 -3720
35 10 -651
35 16 -6816
35 26 6603
35 34 -8520
36 4 -930
36 5 4608
36 9 4666
36 10 744
36 16 4307
36 17 -2117
36 20 1104
36 25 -7812
36 26 2482
36 27 -8463
36 30 480
37 3 -420
37 5 1296
37 6 -3159
37 7 8041
37 8 -2268
37 12 5427
37 14 -215
37 21 -2
37 25 -310
37 26 6561
37 29 6075
37 34 10
37 36 6723
38 3 4005
38 5 12162
38 6 18
38 9 5082
38 10 -4312
38 12 195
38 20 -8039
38 21 -66
38 23 -4312
38 26 267
38 30 -2460
38 32 -89
38 37 -8900
39 2 2160
39 8 -3320
39 20 -700
39 31 880
39 36 9400
40 1 -2800
40 3 1184
40 4 590
40 5 -3497
40 6 2301
40 7 -5841
40 8 1652
40 9 -413
40 10 -2408
40 12 -4712
40 15 -3976
40 20 2904
40 22 -376
40 25 4956
40 26 -2883
40 27 5369
40 29 -6450
40 31 480
40 32 288
40 36 -4897
41 2 4418
41 6 1692
41 8 2914
41 11 -2914
41 12 3760
41 13 141
41 15 940
41 16 -1392
41 20 432
41 22 1316
41 24 329
41 26 2604
41 28 3162
41 30 -4230
41 31 -1680
41 32 -1008
41 34 -1740
42 1 1950
42 5 784
42 6 -1911
42 7 4851
42 8 -1372
42 12 3283
42 15 2769
42 26 3969
42 29 6873
42 36 4067
43 2 -8700
43 3 4500
43 5 11400
43 9 -330
43 16 -354
43 17 174
43 20 -7900
43 23 -4089
43 26 -204
43 30 -3000
43 32 -100
43 36 1131
43 37 -10000
44 3 -1170
44 5 -1514
44 10 -1892
44 12 -1769
44 16 -1276
44 20 3645
44 26 2580
44 29 4644
44 30 780
44 32 26
44 37 2600
46 5 -464
46 6 1131
46 7 -1053
46 8 812
46 9 6295
46 10 -6778
46 12 -1943
46 13 -2755
46 15 -475
46 16 1593
46 17 -783
46 20 1617
46 21 16001
46 24 2394
46 26 39
46 28 -2294
46 29 471
46 34 -250
46 36 -2407
47 3 -6783
47 5 2906
47 6 -1248
47 7 2973
47 8 -896
47 10 -2565
47 12 2144
47 13 -1450
47 14 -3956
47 15 -250
47 18 805
47 19 190
47 20 -811
47 21 7378
47 22 3758
47 25 -5214
47 26 10869
47 29 2400
47 30 -630
47 31 -5340
47 32 -3225
47 36 2191
47 37 -1995
48 1 -363
48 4 1276
48 5 -2600
48 10 1958
48 11 -2146
48 12 5869
48 16 2288
48 20 -701
48 21 -213
48 22 1410
48 24 -390
48 25 -84
48 26 -2670
48 28 930
48 29 -4806
48 33 -1370
48 34 5964
48 35 116
49 2 3996
49 3 6636
49 6 -414
49 8 -6142
49 12 -6102
49 14 3397
49 21 -1168
49 25 4898
49 26 -6141
49 28 -2584
49 29 -4655
49 31 1628
50 2 -6768
50 5 2400
50 6 -2592
50 7 1730
50 8 -4464
50 9 3380
50 16 2256
50 21 2032
50 24 -3486
50 28 -1612
50 30 6730
50 34 2850
51 4 -3740
51 6 366
51 7 -968
51 11 6290
51 12 -3940
51 20 -91
51 21 6226
51 26 5429
51 34 -440
51 35 -340
51 36 1222
52 5 1440
52 6 -3510
52 7 8910
52 8 -2520
52 9 -7209
52 10 -140
52 11 3410
52 12 1486
52 13 -165
52 15 -1100
52 16 -38
52 18 44
52 22 -50
52 26 7326
52 27 -100
52 29 6750
52 30 122
52 36 7560
52 37 -4455
53 3 7980
53 6 -2080
53 8 -1280
53 10 -224
53 12 -2706
53 14 4085
53 15 4590
53 16 4230
53 21 -6380
53 25 5890
53 26 2272
53 28 136
53 29 -7790
53 36 4278
54 1 -490
54 5 -7565
54 6 3154
54 8 4000
54 9 3478
54 10 -3620
54 12 -2665
54 13 -2088
54 15 -360
54 16 624
54 17 -1221
54 18 -3663
54 19 1147
54 20 1104
54 21 8442
54 22 4517
54 23 37
54 24 -9284
54 25 560
54 26 -10749
54 28 3038
54 29 -1628
54 32 -8455
54 33 4802
54 34 780
55 5 1955
55 22 23
55 24 2070
55 32 2185
56 2 5658
56 3 128
56 5 -276
56 6 228
56 8 -2241
56 9 5607
56 10 -1920
56 12 2470
56 13 -928
56 15 -160
56 21 1884
56 23 1974
56 26 3382
56 31 594
56 36 -546
56 37 3465
57 1 -2850
57 2 -6000
57 4 -3652
57 5 600
57 11 2484
57 12 -3731
57 13 177
57 15 -5111
57 16 -2596
57 20 -516
57 21 1540
57 23 -2820
57 29 -4674
57 35 -332
57 36 780
58 1 270
58 4 -2992
58 6 -1054
58 7 1023
58 8 -1240
58 9 5880
58 10 2135
58 11 5032
58 12 -6324
58 16 1008
58 17 -48
58 18 -4608
58 21 -7998
58 24 1104
58 26 -4239
58 31 350
58 33 8400
58 34 -7095
58 35 -272
58 36 4320
59 5 -5651
59 15 -4998
59 16 -4606
59 21 3430
59 22 -71
59 24 -6390
59 28 952
59 30 40
59 32 -6745
60 1 -3850
60 2 -1882
60 5 2800
60 6 -1908
60 8 -3286
60 12 -3416
60 15 -5467
60 16 -2464
60 20 -2408
60 23 1457
60 24 -371
60 29 -6314
60 30 4770
60 36 -403
61 1 -1600
61 7 -2223
61 10 4959
61 18 9177
61 19 -376
61 20 -3286
61 22 -8069
61 25 5586
61 28 -128
61 36 -8405
61 37 4483
62 1 4450
62 4 1072
62 9 5896
62 10 -2450
62 16 -1050
62 17 50
62 18 4800
62 24 -547
62 28 356
62 32 148
62 33 -5000
62 36 4133
63 1 4550
63 3 -2266
63 5 -10290
63 12 -4148
63 15 6461
63 16 -2992
63 20 1506
63 22 -622
63 23 32
63 24 -8460
63 29 7462
63 30 1500
63 32 -10286
63 37 5000
64 4 740
64 5 6120
64 9 7546
64 10 -592
64 22 72
64 24 6480
64 25 6216
64 26 -8832
64 27 6734
64 31 480
64 32 6840
65 3 -4032
65 7 -3354
65 10 7482
65 14 -2064
65 18 13846
65 19 3268
65 20 -693
65 21 1632
65 22 -7310
65 25 5452
65 36 1308
65 37 1806
66 1 -4650
66 3 4284
66 5 -1056
66 6 2574
66 7 -6534
66 8 1848
66 11 -6200
66 12 3578
66 13 300
66 14 2193
66 15 2000
66 21 -1734
66 25 3162
66 26 -5346
66 28 1464
66 29 -4950
66 36 -14499
67 3 -90
67 5 3082
67 6 -656
67 10 2400
67 13 1160
67 15 200
67 20 158
67 21 -3400
67 22 22
67 24 1980
67 30 210
67 32 2092
67 36 2829
67 37 200
68 4 208
68 5 -944
68 6 -681
68 7 -5841
68 8 -1028
68 9 1144
68 10 -469
68 12 -2765
68 15 -3366
68 16 -3102
68 21 2310
68 24 117
68 26 -22
68 29 -1005
68 36 -1861
69 3 5738
69 5 4932
69 12 -1650
69 20 -7902
69 29 -4750
69 30 -2460
69 32 -82
69 37 -8200
