0
0
0
0
0
0
2
0
5
1
6
2
2
10
3
2
1
5
4
1
9
4
2
2
7
6
5
8
4
4
2
5
10
1
0
2
5
2
8
0
3
5
4
6
0
1
7
8
6
6
1
9
5
1
0
6
1
3
8
3
3
1
4
7
5
5
7
2
9
0
0
0
0
1
2
10
10
2
3
10
2
2
1
5
2
2
9
1
8
4
4
9
8
5
9
4
8
6
8
6
5
9
2
4
0
2
4
8
1
6
8
1
4
10
1
7
7
4
5
6
8
3
7
5
8
5
5
3
0
8
2
3
4
7
2
0
7
7
2
8
8
8
8
7
9
4
1
4
5
6
5
4
2
7
9
1
7
0
6
3
5
8
0
4
3
4
4
0
5
0
0
2
7
6
10
0
5
5
6
0
10
6
7
10
3
5
9
2
1
7
8
0
1
4
2
0
3
7
3
3
5
2
0
0
1
0
0
0
2
0
2
9
6
3
6
0
0
0
5
7
8
2
4
1
6
10
3
1
3
3
7
0
5
7
5
0
3
5
2
3
1
1
4
1
6
6
6
4
2
10
5
5
8
0
0
7
3
0
9
8
4
3
4
2
0
1
0
5
4
0
0
5
3
1
2
7
9
9
3
3
3
10
3
8
4
3
5
6
7
9
5
8
5
1
0
0
0
3
4
0
3
3
6
9
1
9
3
8
5
1
8
4
1
4
5
2
8
0
3
6
3
4
0
