0 0 0 0 0 0 1349 0 0 0 0 0 0 0 0 0 0 0 0 0 0 0 0 0 0 0 0 0 0 0 0 0 0 0 0 0 0 0 0 0 
-1232 -240 0 -2301 0 0 0 -378 0 0 5664 0 1947 -531 0 -3360 0 0 -2898 0 880 0 0 0 -4116 0 -1392 620 0 0 0 531 0 -5811 0 0 0 0 4779 0 
0 1900 -2700 0 0 -2850 6618 0 0 0 0 0 -6045 0 0 1323 1729 0 0 0 0 1064 0 0 0 0 0 0 0 0 0 0 0 0 0 0 0 0 0 0 
2296 3036 0 0 0 -2624 0 0 0 -690 0 0 0 0 0 0 0 0 0 0 0 0 0 0 0 -6560 0 3690 0 0 0 0 0 0 0 -5494 1886 0 0 0 
0 6528 0 0 11424 0 0 -5045 0 0 0 -5226 0 0 0 1864 1360 1404 4071 -8019 -408 884 0 0 5782 0 0 0 0 0 -3400 -4698 0 1947 -578 0 4680 0 3645 0 
-9609 0 0 0 0 0 0 0 3410 1488 -2604 0 2015 5208 0 0 0 0 0 -1595 0 0 0 0 0 0 -8265 0 5022 0 0 0 0 0 0 0 0 0 0 0 
0 -1311 2079 0 0 0 0 -468 0 0 0 2621 0 0 -1159 -4160 0 0 -9510 0 -1008 0 0 0 -5096 -630 0 0 0 -1615 -5229 0 0 -8016 5796 0 0 0 4977 0 
0 -1656 0 0 0 0 0 -2904 0 0 0 -3208 2340 0 -1464 0 0 0 0 0 0 0 2552 0 0 0 0 0 0 -2040 0 0 0 3608 0 0 -4576 0 0 0 
0 0 0 0 0 0 0 -297 0 0 -4300 -576 2989 0 0 0 -5848 0 0 0 0 0 261 0 0 0 8084 -7310 0 0 0 0 0 369 0 0 -468 0 0 -5551 
888 0 -1485 990 0 -5973 -3311 8706 -1320 -576 7908 3904 0 -2016 0 0 0 0 1410 0 240 0 -1769 -1350 0 150 0 0 -1944 -4002 1245 -6006 0 1690 -1380 0 3172 0 -1185 0 
-2184 84 4984 0 0 7564 -13311 -7372 -21 0 -11128 2448 -1687 0 6552 -720 0 0 0 7200 0 0 0 0 0 6240 0 -3510 0 4408 0 5624 -1958 -2964 6586 5226 0 -21 -108 0 
-3920 0 -480 0 0 0 0 0 0 0 -3640 0 806 32 0 0 0 0 0 0 -3920 736 0 0 0 0 -2784 0 0 0 0 0 0 0 0 0 0 0 0 0 
-392 0 -180 132 0 -2432 -6241 -1650 0 0 -6985 -514 -3315 0 7189 -790 -3740 0 0 7900 -392 0 1450 -180 0 0 5170 -4675 0 0 0 -120 0 2050 0 0 -2600 0 0 0 
0 0 -3132 1872 0 -8738 6873 5432 0 0 992 0 -5700 432 0 0 0 0 0 0 0 0 0 0 0 0 0 0 0 -3248 0 -4576 0 5784 0 0 0 0 -3888 7644 
0 0 -3360 0 0 0 0 0 0 0 0 0 -300 0 0 0 0 0 0 0 -2450 2200 0 0 0 0 0 0 0 0 0 0 1320 750 -4440 0 0 0 0 0 
0 6240 3240 0 10920 3420 -7110 -5330 0 0 0 0 0 0 0 -2730 0 0 0 0 -390 845 0 0 0 0 0 0 0 0 -3250 0 0 0 0 0 0 0 0 0 
0 0 990 -990 0 -112 601 -135 0 0 931 -646 0 0 -982 -6450 0 0 -5727 -1900 0 -864 0 1350 -8134 0 0 0 0 0 0 900 0 -3342 0 0 0 -171 0 0 
0 0 0 -2067 0 0 0 0 0 0 5088 0 2169 -477 0 0 0 0 0 0 3430 -3080 0 0 0 0 0 0 0 0 0 477 0 -5025 0 0 0 0 4293 0 
-13202 2304 -1032 0 0 0 0 0 0 0 -7826 0 0 0 0 0 0 0 0 330 -16876 0 0 0 0 0 -5394 -5952 0 0 0 0 0 0 0 0 0 0 0 0 
0 0 0 0 0 0 -3900 2652 0 0 0 0 0 0 3237 0 0 0 0 0 0 -3744 0 0 0 0 0 0 0 0 0 0 0 -2613 0 0 0 -741 0 0 
0 0 3003 0 0 0 0 -828 0 0 480 1340 0 0 0 -7360 0 -360 -14902 3240 -1456 0 0 0 -9016 3830 0 0 0 0 -7553 0 0 -7276 8372 0 -1200 0 7189 0 
0 -1920 0 0 -3360 0 0 1640 0 3744 0 0 0 0 0 840 -3159 0 3510 0 3201 -260 0 0 0 0 0 0 0 0 1000 0 0 0 0 0 0 0 0 0 
0 -9000 -3472 0 0 0 0 0 0 0 0 2574 0 0 0 5733 -8190 -1645 0 4344 0 44 0 0 0 0 0 0 0 0 0 2256 4464 0 0 0 0 0 0 0 
-8036 -528 -984 0 0 0 0 0 0 0 -7462 0 0 0 0 0 0 0 0 0 -6100 0 0 0 0 0 0 1364 0 0 0 0 0 0 0 0 0 0 0 0 
0 0 0 0 0 0 0 0 0 -2784 0 0 0 0 0 0 2349 0 -2610 495 -2291 0 0 0 0 0 0 0 0 0 0 0 0 0 0 0 0 0 0 0 
-9702 1064 -1188 0 0 0 -5041 0 -266 0 -9009 4489 -2432 0 0 -2394 0 -1206 0 396 -9702 0 0 0 0 0 0 0 0 0 0 232 0 0 0 0 -4020 -266 -1548 0 
0 2112 0 0 0 0 -6314 0 0 -1728 0 0 -3528 0 0 -1071 1053 0 -1170 0 -1027 0 0 0 0 0 0 0 0 0 0 0 0 0 0 0 1312 0 0 6552 
0 -1914 0 0 0 -6111 0 6111 0 435 6300 0 0 0 0 0 0 0 0 7722 0 0 0 0 0 0 0 0 0 -3654 0 -138 0 2457 0 0 -1189 0 -3510 0 
0 6000 4816 0 0 0 2079 8281 0 0 3094 1474 0 0 0 0 5460 -396 0 -4752 0 -4594 0 5187 0 0 0 0 0 0 0 -2784 -7379 0 -2088 0 -1320 0 2160 0 
-980 6600 -480 0 0 -380 2490 -1156 0 0 -1550 0 0 0 -1411 0 6006 0 0 -910 -980 5328 0 0 0 -6320 0 0 0 0 0 0 0 -5341 0 0 0 323 0 0 
9212 0 192 0 0 -988 5178 0 0 0 7946 0 -2444 47 0 0 0 0 0 -4104 9212 1081 0 0 0 -6004 -4089 0 0 0 0 0 0 -6156 0 0 0 0 0 0 
0 0 1452 0 0 0 0 1456 0 0 544 0 0 0 0 -3087 0 0 -4136 0 -704 0 0 912 0 -440 0 0 0 0 -3652 0 -112 -4400 3824 0 0 0 3476 0 
32 40 382
1 7 1349
2 1 -1232
2 2 -240
2 4 -2301
2 8 -378
2 11 5664
2 13 1947
2 14 -531
2 16 -3360
2 19 -2898
2 21 880
2 25 -4116
2 27 -1392
2 28 620
2 32 531
2 34 -5811
2 39 4779
3 2 1900
3 3 -2700
3 6 -2850
3 7 6618
3 13 -6045
3 16 1323
3 17 1729
3 22 1064
4 1 2296
4 2 3036
4 6 -2624
4 10 -690
4 26 -6560
4 28 3690
4 36 -5494
4 37 1886
5 2 6528
5 5 11424
5 8 -5045
5 12 -5226
5 16 1864
5 17 1360
5 18 1404
5 19 4071
5 20 -8019
5 21 -408
5 22 884
5 25 5782
5 31 -3400
5 32 -4698
5 34 1947
5 35 -578
5 37 4680
5 39 3645
6 1 -9609
6 9 3410
6 10 1488
6 11 -2604
6 13 2015
6 14 5208
6 20 -1595
6 27 -8265
6 29 5022
7 2 -1311
7 3 2079
7 8 -468
7 12 2621
7 15 -1159
7 16 -4160
7 19 -9510
7 21 -1008
7 25 -5096
7 26 -630
7 30 -1615
7 31 -5229
7 34 -8016
7 35 5796
7 39 4977
8 2 -1656
8 8 -2904
8 12 -3208
8 13 2340
8 15 -1464
8 23 2552
8 30 -2040
8 34 3608
8 37 -4576
9 8 -297
9 11 -4300
9 12 -576
9 13 2989
9 17 -5848
9 23 261
9 27 8084
9 28 -7310
9 34 369
9 37 -468
9 40 -5551
10 1 888
10 3 -1485
10 4 990
10 6 -5973
10 7 -3311
10 8 8706
10 9 -1320
10 10 -576
10 11 7908
10 12 3904
10 14 -2016
10 19 1410
10 21 240
10 23 -1769
10 24 -1350
10 26 150
10 29 -1944
10 30 -4002
10 31 1245
10 32 -6006
10 34 1690
10 35 -1380
10 37 3172
10 39 -1185
11 1 -2184
11 2 84
11 3 4984
11 6 7564
11 7 -13311
11 8 -7372
11 9 -21
11 11 -11128
11 12 2448
11 13 -1687
11 15 6552
11 16 -720
11 20 7200
11 26 6240
11 28 -3510
11 30 4408
11 32 5624
11 33 -1958
11 34 -2964
11 35 6586
11 36 5226
11 38 -21
11 39 -108
12 1 -3920
12 3 -480
12 11 -3640
12 13 806
12 14 32
12 21 -3920
12 22 736
12 27 -2784
13 1 -392
13 3 -180
13 4 132
13 6 -2432
13 7 -6241
13 8 -1650
13 11 -6985
13 12 -514
13 13 -3315
13 15 7189
13 16 -790
13 17 -3740
13 20 7900
13 21 -392
13 23 1450
13 24 -180
13 27 5170
13 28 -4675
13 32 -120
13 34 2050
13 37 -2600
14 3 -3132
14 4 1872
14 6 -8738
14 7 6873
14 8 5432
14 11 992
14 13 -5700
14 14 432
14 30 -3248
14 32 -4576
14 34 5784
14 39 -3888
14 40 7644
15 3 -3360
15 13 -300
15 21 -2450
15 22 2200
15 33 1320
15 34 750
15 35 -4440
16 2 6240
16 3 3240
16 5 10920
16 6 3420
16 7 -7110
16 8 -5330
16 16 -2730
16 21 -390
16 22 845
16 31 -3250
17 3 990
17 4 -990
17 6 -112
17 7 601
17 8 -135
17 11 931
17 12 -646
17 15 -982
17 16 -6450
17 19 -5727
17 20 -1900
17 22 -864
17 24 1350
17 25 -8134
17 32 900
17 34 -3342
17 38 -171
18 4 -2067
18 11 5088
18 13 2169
18 14 -477
18 21 3430
18 22 -3080
18 32 477
18 34 -5025
18 39 4293
19 1 -13202
19 2 2304
19 3 -1032
19 11 -7826
19 20 330
19 21 -16876
19 27 -5394
19 28 -5952
20 7 -3900
20 8 2652
20 15 3237
20 22 -3744
20 34 -2613
20 38 -741
21 3 3003
21 8 -828
21 11 480
21 12 1340
21 16 -7360
21 18 -360
21 19 -14902
21 20 3240
21 21 -1456
21 25 -9016
21 26 3830
21 31 -7553
21 34 -7276
21 35 8372
21 37 -1200
21 39 7189
22 2 -1920
22 5 -3360
22 8 1640
22 10 3744
22 16 840
22 17 -3159
22 19 3510
22 21 3201
22 22 -260
22 31 1000
23 2 -9000
23 3 -3472
23 12 2574
23 16 5733
23 17 -8190
23 18 -1645
23 20 4344
23 22 44
23 32 2256
23 33 4464
24 1 -8036
24 2 -528
24 3 -984
24 11 -7462
24 21 -6100
24 28 1364
25 10 -2784
25 17 2349
25 19 -2610
25 20 495
25 21 -2291
26 1 -9702
26 2 1064
26 3 -1188
26 7 -5041
26 9 -266
26 11 -9009
26 12 4489
26 13 -2432
26 16 -2394
26 18 -1206
26 20 396
26 21 -9702
26 32 232
26 37 -4020
26 38 -266
26 39 -1548
27 2 2112
27 7 -6314
27 10 -1728
27 13 -3528
27 16 -1071
27 17 1053
27 19 -1170
27 21 -1027
27 37 1312
27 40 6552
28 2 -1914
28 6 -6111
28 8 6111
28 10 435
28 11 6300
28 20 7722
28 30 -3654
28 32 -138
28 34 2457
28 37 -1189
28 39 -3510
29 2 6000
29 3 4816
29 7 2079
29 8 8281
29 11 3094
29 12 1474
29 17 5460
29 18 -396
29 20 -4752
29 22 -4594
29 24 5187
29 32 -2784
29 33 -7379
29 35 -2088
29 37 -1320
29 39 2160
30 1 -980
30 2 6600
30 3 -480
30 6 -380
30 7 2490
30 8 -1156
30 11 -1550
30 15 -1411
30 17 6006
30 20 -910
30 21 -980
30 22 5328
30 26 -6320
30 34 -5341
30 38 323
31 1 9212
31 3 192
31 6 -988
31 7 5178
31 11 7946
31 13 -2444
31 14 47
31 20 -4104
31 21 9212
31 22 1081
31 26 -6004
31 27 -4089
31 34 -6156
32 3 1452
32 8 1456
32 11 544
32 16 -3087
32 19 -4136
32 21 -704
32 24 912
32 26 -440
32 31 -3652
32 33 -112
32 34 -4400
32 35 3824
32 39 3476
