0 0 0 2730 0 -4205 0 0 0 -2988 0 -6640 0 0 0 -1015 1925 0 0 0 0 0 0 2075 0 0 0 2135 0 0 -3510 0 0 0 0 -540 0 0 0 0 3600 0 6214 0 0 0 2130 -5751 
0 0 0 0 0 0 0 0 0 -1116 0 -2480 0 0 0 1271 0 0 0 0 0 0 0 775 0 0 0 0 0 0 0 0 0 0 0 0 0 0 0 0 0 0 2480 0 0 0 0 0 
-2400 324 0 0 0 -3324 -2326 1968 0 540 0 -2816 840 0 1892 -1554 0 968 7425 -720 -2370 816 0 550 396 0 0 0 0 0 -480 0 0 0 2325 -2860 0 0 -572 0 -1608 3024 -640 -4272 0 0 0 -4932 
7360 0 0 -876 0 0 0 0 0 0 0 0 -2576 0 0 5244 0 0 5613 0 7268 0 0 650 0 0 0 0 0 0 0 0 0 -192 1829 0 0 0 0 0 0 0 0 0 0 0 0 -4248 
0 0 0 0 234 6264 165 0 0 0 0 0 0 0 0 -7437 0 0 0 1826 0 0 0 0 0 0 0 0 0 0 3393 0 0 0 3081 522 0 0 0 0 -3480 0 0 180 0 0 0 0 
-4898 0 0 0 0 -1640 -1140 0 0 0 0 0 0 0 0 0 0 0 0 -4836 0 0 0 0 -1736 1984 0 0 0 0 0 0 0 0 2108 0 0 0 0 0 -1120 0 0 0 0 0 5456 0 
0 -1939 0 -7098 0 -12739 480 -612 0 7357 0 0 408 0 7200 0 -5005 3230 0 -5220 -70 10044 0 0 2871 -612 0 -5551 -1904 0 4968 0 -6172 0 490 5856 -2240 0 0 -2890 2256 0 -544 2112 0 -102 0 833 
7840 -8316 0 0 0 244 -8232 0 0 0 0 0 -2744 0 0 5770 0 0 0 0 7742 0 0 0 0 0 0 -116 0 0 0 6132 0 0 0 -7896 0 0 -2100 0 0 -6216 0 0 0 0 0 0 
-3024 455 0 -3938 3120 0 2200 -376 -975 0 0 0 -3504 0 0 0 0 -380 -1140 0 0 0 2336 0 0 72 -900 0 224 0 1638 0 -48 3564 2680 2736 -900 0 0 340 -1968 660 -1721 2400 0 12 1188 -1134 
0 0 0 0 0 0 0 0 0 6162 0 0 0 0 0 0 0 0 520 0 -78 0 0 0 0 0 0 0 0 0 0 0 -7332 0 546 0 -2496 0 0 0 0 0 0 0 0 0 4680 1950 
-5760 0 0 0 0 1464 0 0 0 0 0 0 2016 0 0 -3000 0 0 0 0 -5688 0 0 0 0 0 0 -696 0 0 0 0 0 0 0 0 0 0 0 0 0 0 0 0 0 0 0 0 
0 5368 0 -11433 0 2156 0 0 0 -440 0 0 0 0 0 0 4472 0 -1767 -1798 0 0 0 465 0 2064 0 0 0 -1804 4042 -1672 0 -1488 0 0 0 0 0 0 0 0 0 0 0 0 0 0 
-1896 -544 0 0 0 0 0 0 0 0 0 0 0 0 0 0 0 0 0 -45 0 2924 0 0 -672 -8350 0 0 0 0 5984 0 0 0 816 4148 0 0 4042 4324 0 0 0 1496 0 0 2112 0 
0 0 0 0 -2960 0 0 -4130 0 0 0 0 74 0 6734 5254 0 0 0 0 0 0 0 0 -4588 0 2242 0 -59 0 0 0 0 0 0 0 0 -5074 0 0 0 -3245 0 2596 0 0 0 3245 
6552 1782 0 0 -312 -4752 -220 0 165 1386 0 0 7488 0 0 0 0 0 0 -5903 0 4488 0 0 2178 2838 1950 0 0 0 -2640 0 0 -7722 -124 -5928 1950 0 0 0 4218 0 -792 -240 0 0 0 2574 
0 -13924 0 -2046 0 886 1022 462 0 -679 0 0 0 0 -3139 -803 0 -1606 7096 4740 0 -5372 -2409 720 -2607 -7216 0 0 0 4018 3160 3724 0 -10660 747 4745 0 0 949 0 -474 0 0 0 0 0 -1080 -8385 
3792 195 0 -6816 0 0 0 3662 -335 0 0 -5472 4560 0 0 0 0 0 0 3744 0 0 -2847 0 1344 -7298 0 0 0 -2040 2262 0 0 0 -3387 0 0 0 0 0 -3780 4788 -741 -6764 0 0 -5160 0 
0 1052 0 -3844 -1200 -5143 6468 9928 0 1264 0 0 30 0 2730 2130 0 0 0 -2040 0 2312 -4526 0 -738 -830 -3648 0 96 2255 -1360 -2728 0 0 -2790 6204 0 8256 704 -1012 204 10164 6318 -4224 0 0 -4764 -3954 
0 -4851 1496 0 0 -164 -2128 756 0 0 0 0 -504 0 0 0 0 1858 0 0 6052 0 0 0 0 756 1020 0 2352 0 0 3577 -504 0 4896 -4606 0 0 -1225 3570 -2254 -3626 672 0 0 126 0 0 
0 -656 0 0 0 0 0 -4620 0 -1044 0 -2320 0 0 0 9743 0 0 0 0 0 3526 0 725 0 5626 2508 0 -66 0 7216 0 0 0 0 5002 0 -5676 -2494 -2668 0 -3630 2320 4708 0 0 0 3630 
0 0 0 0 -2418 0 -1705 0 0 0 0 0 0 0 0 0 0 0 0 0 0 0 0 0 0 0 0 0 0 0 0 0 0 0 -961 0 0 0 0 0 0 0 0 -1860 0 0 0 0 
0 0 0 0 1160 0 0 5950 0 0 0 0 -29 0 -2639 4615 0 0 0 0 -3072 0 0 0 1798 0 -3230 0 85 0 0 0 0 0 -2848 0 0 7310 0 0 0 4675 0 -3740 0 0 0 -4675 
0 1128 0 516 0 0 0 0 -95 0 0 0 0 0 0 0 0 0 0 0 0 0 0 0 36 -1634 0 0 0 0 0 0 0 0 0 0 0 0 0 0 0 0 456 0 0 0 0 0 
0 0 0 -63 0 -6039 0 0 0 0 0 0 -76 0 0 -4546 0 0 0 176 -2016 0 0 0 0 873 0 2871 0 34 0 0 0 0 -1581 0 0 0 -387 -414 63 0 0 0 0 0 0 0 
0 0 0 0 0 0 0 -840 0 11954 0 0 0 0 0 0 0 0 0 0 0 0 0 0 13205 0 456 0 -12 -13622 0 0 0 0 0 0 0 -1032 0 10981 0 2676 0 528 0 0 0 660 
0 32 0 0 0 -1368 0 0 0 0 0 0 0 0 0 0 0 0 0 0 0 -172 0 0 0 0 0 0 0 0 -1093 0 0 0 0 -358 0 0 0 0 760 0 0 -88 0 0 0 0 
-316 -7896 0 2931 0 0 0 -2190 0 0 0 0 6004 0 0 0 -1508 0 -280 -312 0 0 0 0 -364 2206 0 0 0 -2686 -1363 0 0 0 136 0 0 0 0 0 -4977 0 -5913 0 0 0 898 -1050 
0 0 0 0 0 0 0 -1968 0 0 0 3456 0 0 0 0 0 0 0 0 0 0 0 0 0 0 0 0 0 0 0 0 0 0 0 0 0 0 0 0 0 -3024 0 4272 0 0 0 0 
0 4265 0 -5544 0 -6552 4214 -3280 0 0 0 4608 -648 0 0 0 0 0 -800 6696 0 -43 3888 0 5976 5368 0 0 0 -2520 -3637 -3139 0 7930 0 3435 -8280 0 -653 0 3640 -1858 9360 7098 0 0 -12528 -3000 
0 1886 -1848 0 0 0 -3444 3000 -2990 3081 0 0 0 0 0 0 0 -7224 -3496 -2610 -7515 0 0 0 0 -3800 -1260 0 0 0 0 0 -3666 0 -5775 0 -1248 0 0 0 0 2024 8100 0 0 0 -4200 0 
0 0 0 0 0 0 0 0 0 0 0 0 0 0 0 -3196 0 0 0 0 0 0 0 0 0 -4462 0 0 0 0 0 0 0 0 0 0 0 0 1978 2116 0 0 0 0 0 0 0 0 
31 48 456
1 4 2730
1 6 -4205
1 10 -2988
1 12 -6640
1 16 -1015
1 17 1925
1 24 2075
1 28 2135
1 31 -3510
1 36 -540
1 41 3600
1 43 6214
1 47 2130
1 48 -5751
2 10 -1116
2 12 -2480
2 16 1271
2 24 775
2 43 2480
3 1 -2400
3 2 324
3 6 -3324
3 7 -2326
3 8 1968
3 10 540
3 12 -2816
3 13 840
3 15 1892
3 16 -1554
3 18 968
3 19 7425
3 20 -720
3 21 -2370
3 22 816
3 24 550
3 25 396
3 31 -480
3 35 2325
3 36 -2860
3 39 -572
3 41 -1608
3 42 3024
3 43 -640
3 44 -4272
3 48 -4932
4 1 7360
4 4 -876
4 13 -2576
4 16 5244
4 19 5613
4 21 7268
4 24 650
4 34 -192
4 35 1829
4 48 -4248
5 5 234
5 6 6264
5 7 165
5 16 -7437
5 20 1826
5 31 3393
5 35 3081
5 36 522
5 41 -3480
5 44 180
6 1 -4898
6 6 -1640
6 7 -1140
6 20 -4836
6 25 -1736
6 26 1984
6 35 2108
6 41 -1120
6 47 5456
7 2 -1939
7 4 -7098
7 6 -12739
7 7 480
7 8 -612
7 10 7357
7 13 408
7 15 7200
7 17 -5005
7 18 3230
7 20 -5220
7 21 -70
7 22 10044
7 25 2871
7 26 -612
7 28 -5551
7 29 -1904
7 31 4968
7 33 -6172
7 35 490
7 36 5856
7 37 -2240
7 40 -2890
7 41 2256
7 43 -544
7 44 2112
7 46 -102
7 48 833
8 1 7840
8 2 -8316
8 6 244
8 7 -8232
8 13 -2744
8 16 5770
8 21 7742
8 28 -116
8 32 6132
8 36 -7896
8 39 -2100
8 42 -6216
9 1 -3024
9 2 455
9 4 -3938
9 5 3120
9 7 2200
9 8 -376
9 9 -975
9 13 -3504
9 18 -380
9 19 -1140
9 23 2336
9 26 72
9 27 -900
9 29 224
9 31 1638
9 33 -48
9 34 3564
9 35 2680
9 36 2736
9 37 -900
9 40 340
9 41 -1968
9 42 660
9 43 -1721
9 44 2400
9 46 12
9 47 1188
9 48 -1134
10 10 6162
10 19 520
10 21 -78
10 33 -7332
10 35 546
10 37 -2496
10 47 4680
10 48 1950
11 1 -5760
11 6 1464
11 13 2016
11 16 -3000
11 21 -5688
11 28 -696
12 2 5368
12 4 -11433
12 6 2156
12 10 -440
12 17 4472
12 19 -1767
12 20 -1798
12 24 465
12 26 2064
12 30 -1804
12 31 4042
12 32 -1672
12 34 -1488
13 1 -1896
13 2 -544
13 20 -45
13 22 2924
13 25 -672
13 26 -8350
13 31 5984
13 35 816
13 36 4148
13 39 4042
13 40 4324
13 44 1496
13 47 2112
14 5 -2960
14 8 -4130
14 13 74
14 15 6734
14 16 5254
14 25 -4588
14 27 2242
14 29 -59
14 38 -5074
14 42 -3245
14 44 2596
14 48 3245
15 1 6552
15 2 1782
15 5 -312
15 6 -4752
15 7 -220
15 9 165
15 10 1386
15 13 7488
15 20 -5903
15 22 4488
15 25 2178
15 26 2838
15 27 1950
15 31 -2640
15 34 -7722
15 35 -124
15 36 -5928
15 37 1950
15 41 4218
15 43 -792
15 44 -240
15 48 2574
16 2 -13924
16 4 -2046
16 6 886
16 7 1022
16 8 462
16 10 -679
16 15 -3139
16 16 -803
16 18 -1606
16 19 7096
16 20 4740
16 22 -5372
16 23 -2409
16 24 720
16 25 -2607
16 26 -7216
16 30 4018
16 31 3160
16 32 3724
16 34 -10660
16 35 747
16 36 4745
16 39 949
16 41 -474
16 47 -1080
16 48 -8385
17 1 3792
17 2 195
17 4 -6816
17 8 3662
17 9 -335
17 12 -5472
17 13 4560
17 20 3744
17 23 -2847
17 25 1344
17 26 -7298
17 30 -2040
17 31 2262
17 35 -3387
17 41 -3780
17 42 4788
17 43 -741
17 44 -6764
17 47 -5160
18 2 1052
18 4 -3844
18 5 -1200
18 6 -5143
18 7 6468
18 8 9928
18 10 1264
18 13 30
18 15 2730
18 16 2130
18 20 -2040
18 22 2312
18 23 -4526
18 25 -738
18 26 -830
18 27 -3648
18 29 96
18 30 2255
18 31 -1360
18 32 -2728
18 35 -2790
18 36 6204
18 38 8256
18 39 704
18 40 -1012
18 41 204
18 42 10164
18 43 6318
18 44 -4224
18 47 -4764
18 48 -3954
19 2 -4851
19 3 1496
19 6 -164
19 7 -2128
19 8 756
19 13 -504
19 18 1858
19 21 6052
19 26 756
19 27 1020
19 29 2352
19 32 3577
19 33 -504
19 35 4896
19 36 -4606
19 39 -1225
19 40 3570
19 41 -2254
19 42 -3626
19 43 672
19 46 126
20 2 -656
20 8 -4620
20 10 -1044
20 12 -2320
20 16 9743
20 22 3526
20 24 725
20 26 5626
20 27 2508
20 29 -66
20 31 7216
20 36 5002
20 38 -5676
20 39 -2494
20 40 -2668
20 42 -3630
20 43 2320
20 44 4708
20 48 3630
21 5 -2418
21 7 -1705
21 35 -961
21 44 -1860
22 5 1160
22 8 5950
22 13 -29
22 15 -2639
22 16 4615
22 21 -3072
22 25 1798
22 27 -3230
22 29 85
22 35 -2848
22 38 7310
22 42 4675
22 44 -3740
22 48 -4675
23 2 1128
23 4 516
23 9 -95
23 25 36
23 26 -1634
23 43 456
24 4 -63
24 6 -6039
24 13 -76
24 16 -4546
24 20 176
24 21 -2016
24 26 873
24 28 2871
24 30 34
24 35 -1581
24 39 -387
24 40 -414
24 41 63
25 8 -840
25 10 11954
25 25 13205
25 27 456
25 29 -12
25 30 -13622
25 38 -1032
25 40 10981
25 42 2676
25 44 528
25 48 660
26 2 32
26 6 -1368
26 22 -172
26 31 -1093
26 36 -358
26 41 760
26 44 -88
27 1 -316
27 2 -7896
27 4 2931
27 8 -2190
27 13 6004
27 17 -1508
27 19 -280
27 20 -312
27 25 -364
27 26 2206
27 30 -2686
27 31 -1363
27 35 136
27 41 -4977
27 43 -5913
27 47 898
27 48 -1050
28 8 -1968
28 12 3456
28 42 -3024
28 44 4272
29 2 4265
29 4 -5544
29 6 -6552
29 7 4214
29 8 -3280
29 12 4608
29 13 -648
29 19 -800
29 20 6696
29 22 -43
29 23 3888
29 25 5976
29 26 5368
29 30 -2520
29 31 -3637
29 32 -3139
29 34 7930
29 36 3435
29 37 -8280
29 39 -653
29 41 3640
29 42 -1858
29 43 9360
29 44 7098
29 47 -12528
29 48 -3000
30 2 1886
30 3 -1848
30 7 -3444
30 8 3000
30 9 -2990
30 10 3081
30 18 -7224
30 19 -3496
30 20 -2610
30 21 -7515
30 26 -3800
30 27 -1260
30 33 -3666
30 35 -5775
30 37 -1248
30 42 2024
30 43 8100
30 47 -4200
31 16 -3196
31 26 -4462
31 39 1978
31 40 2116
