0 -2688 0 0 0 0 0 0 0 0 -6336 0 0 0 0 0 0 0 0 0 0 0 0 0 0 0 0 0 0 -3840 832 0 0 0 5760 0 
0 3444 -5390 0 0 0 0 7007 0 -38 8118 0 0 819 -741 -1018 48 0 0 4356 -2772 -8811 6776 0 0 0 0 0 2718 4920 -1066 0 0 0 -7380 0 
0 -1440 0 0 0 0 0 0 3336 3204 0 0 -2950 0 0 0 4147 0 0 0 0 5429 4779 0 0 0 0 0 531 0 4450 0 0 0 -2184 0 
0 0 0 0 0 0 0 0 0 0 0 0 0 0 0 0 0 0 0 0 0 0 0 0 0 0 0 0 0 0 0 0 0 0 0 0 
0 0 -4505 9393 0 765 -420 0 -2508 0 0 3807 0 8381 1950 0 -1645 -2600 0 0 -1260 0 0 -5168 0 -3760 4408 0 0 0 0 -2132 0 0 -3948 6715 
0 0 0 -1311 0 -186 -3976 1761 -2520 0 0 6141 -1480 -6552 -168 0 2523 0 -4704 405 0 0 -108 0 0 5295 0 -1425 0 0 0 0 0 0 5796 0 
0 336 0 0 0 0 -3053 0 4533 0 -4892 0 0 0 1047 0 0 0 -3612 0 0 0 0 0 3822 0 0 1470 0 480 -104 0 -3332 0 -720 0 
0 0 0 0 0 0 0 0 0 0 0 245 -3800 0 0 0 259 0 0 0 42 0 6156 0 0 0 0 0 684 0 0 0 0 0 -21 0 
0 0 0 0 -3021 378 0 0 0 0 0 3948 0 -966 0 0 0 0 0 0 0 0 0 0 0 0 0 0 -3542 0 -1113 0 0 0 0 3318 
3108 770 0 0 0 0 4260 1332 2106 0 -2730 0 1152 972 180 2183 -999 0 5040 0 0 0 0 -1224 0 666 1044 0 0 0 4320 0 0 0 0 4070 
0 0 -3640 0 0 0 -1278 4732 -810 0 0 0 0 0 -54 -728 0 0 -1512 -1628 1036 3293 4576 0 0 0 0 0 0 0 0 0 0 0 0 0 
0 0 0 -741 0 0 -426 0 -270 1368 0 3471 0 -3549 -18 0 1365 0 -504 0 0 0 0 0 -1368 3120 0 0 0 0 0 0 0 0 3276 0 
0 0 901 -1900 -3420 630 0 0 0 0 0 6580 0 -1720 0 0 0 0 0 0 0 0 0 0 0 0 -2040 -240 0 0 -1260 2120 0 0 0 5530 
-2022 0 0 -265 0 0 -564 0 0 0 2745 -2997 -2760 -2279 -5925 0 0 7900 0 -518 0 0 3402 0 0 0 -2703 -318 378 1961 -2475 9287 0 -360 0 -354 
0 0 0 0 0 0 0 0 4158 0 -3654 0 3500 0 756 0 0 0 0 0 0 0 -5670 0 2457 0 0 945 -630 0 0 0 -2142 0 0 0 
0 0 0 0 0 0 0 0 0 0 0 0 0 1617 0 0 0 0 0 0 0 0 0 0 224 0 0 0 5929 0 0 -105 0 -644 0 0 
0 0 0 -400 0 0 0 0 -2211 -96 0 0 -2915 178 -1872 0 0 0 0 0 0 0 0 -4556 0 530 -3904 -480 -720 0 0 4240 1802 2067 0 0 
1750 0 0 0 1974 -2430 -2350 5452 -1620 0 2500 0 -2800 0 540 0 0 0 0 0 -108 0 0 0 0 0 0 0 0 0 0 0 0 -1500 0 -4391 
0 0 0 0 0 0 0 0 0 -3600 0 0 -576 0 -7050 0 -5900 9400 0 0 0 -6100 0 0 0 0 0 0 0 0 -7160 7708 0 0 0 0 
819 224 0 -266 0 0 0 0 0 0 0 1246 -273 -1274 0 0 490 0 0 0 1554 0 580 0 1653 1120 0 -5600 2407 0 -6570 0 2900 0 1176 567 
-67 172 1908 -3847 819 0 0 2262 0 0 4087 -6418 0 -1183 0 0 -2949 0 0 0 -552 0 0 0 0 1040 0 -4300 -4891 4891 0 0 0 0 1368 5829 
0 -2704 0 175 0 0 3050 0 7089 0 0 0 1700 3035 0 -2210 476 0 0 0 1500 0 0 0 0 0 1785 -8690 0 0 0 -1855 0 0 -4641 0 
0 -364 0 -355 0 0 0 0 0 0 0 -3325 2652 -3053 0 0 -3515 0 0 3212 -2614 -6497 1040 0 2964 0 -3621 8674 4316 0 0 3763 5200 0 285 0 
780 0 0 779 0 0 0 0 0 0 0 -219 0 3731 3528 -1890 2191 1932 0 0 2068 0 0 0 3612 -3280 0 0 0 0 5586 0 0 0 -3738 540 
-2660 0 0 0 0 0 3572 0 0 2016 -3800 1015 -918 0 0 0 4377 0 0 0 174 3416 -360 0 -258 0 0 0 -1494 0 2800 -360 -1800 72 -87 2242 
0 1080 6370 0 0 0 0 -8281 -2502 0 0 0 0 1785 0 4394 3324 0 0 0 0 0 -8008 0 0 0 0 0 6545 0 0 0 0 0 1638 0 
935 0 0 -1482 1806 -729 0 4988 0 0 -3185 -672 0 -7098 0 0 2730 0 0 0 -5106 0 0 0 0 6240 0 0 0 0 0 0 0 0 6552 -8262 
-46 -232 0 0 0 0 994 0 630 0 2806 -2990 0 0 42 0 0 0 1176 0 0 0 0 0 0 0 0 5800 -3358 3358 0 0 0 0 0 4002 
-93 0 0 -385 0 81 0 0 0 0 5673 -5199 0 -3311 0 0 0 0 0 0 0 0 0 0 0 0 -3927 -462 -6789 6789 0 4081 0 0 0 8802 
0 -84 0 0 0 0 0 -2805 0 0 0 0 0 0 3375 0 0 -4500 0 0 0 0 0 0 0 0 0 2448 0 0 0 -3690 0 0 0 -444 
0 0 0 0 0 486 0 0 3168 0 0 5076 0 -5184 0 0 0 0 0 1980 -1260 -4005 0 6528 0 0 -5568 0 0 0 0 0 0 0 0 4266 
0 0 0 0 0 0 781 0 495 102 0 7452 0 0 2022 0 100 0 924 1288 0 0 0 0 -2073 0 0 0 765 -4876 0 990 -35 6072 0 0 
0 -2730 0 7600 0 0 790 0 0 72 -6435 0 0 0 0 0 118 0 0 0 2370 122 0 0 0 0 0 0 0 1496 945 0 0 0 5850 0 
0 -756 0 0 0 729 0 0 0 0 -1782 7614 2500 0 0 0 0 0 0 0 0 0 -4050 0 0 0 0 0 -450 -1080 234 0 0 0 1620 6399 
0 0 0 0 0 2385 -4260 3132 -1110 0 0 0 0 0 -710 5133 -2349 0 -5040 0 106 0 0 0 0 1566 0 0 0 0 0 0 0 0 0 2862 
0 0 0 470 0 0 -7200 0 0 0 0 0 -4800 -278 2475 6240 -7968 -3300 0 0 0 0 0 0 0 0 4794 564 0 0 0 -7688 0 0 0 0 
0 0 0 0 0 -2266 3263 -1784 1320 0 0 0 850 -4373 2164 -2230 2779 1150 2352 5130 4 0 -1368 0 2150 -2850 0 2974 -6160 0 3325 0 0 0 0 108 
21 -5460 -420 0 57 4216 0 1770 19183 2952 -7023 1365 3850 6188 1188 -4584 -5396 0 0 -9180 0 5002 -3261 0 3861 5100 0 -2119 840 -1533 4121 0 -3366 0 -8281 -1827 
8 0 2030 0 0 -3915 0 -2639 -2610 0 -488 520 0 0 870 406 0 0 0 0 -174 0 -2552 0 0 0 0 0 584 -584 0 0 0 0 0 -5394 
-3920 -2720 6440 0 0 0 5264 -8372 7923 0 -5600 0 -3402 0 0 1288 -2622 0 0 0 0 0 -9896 0 -5130 0 0 0 -7470 0 4455 0 -9000 3360 -5187 7004 
0 0 0 0 0 0 7350 0 0 0 0 0 4900 4410 2520 -7720 8134 1380 0 0 0 0 0 0 2580 0 0 0 0 0 3990 0 0 0 0 0 
0 -384 0 0 0 2430 0 0 369 0 0 0 0 0 -540 0 414 0 0 0 108 0 0 0 -2176 0 0 0 0 0 0 1020 0 6256 819 -1968 
2516 0 0 0 0 -3600 -4899 0 963 -1440 -7894 0 4250 0 1769 0 -2360 0 -5796 0 -160 -2440 -6885 0 3822 0 0 1470 -765 0 -2000 0 -3332 0 0 -4320 
4790 0 0 0 0 0 -6486 0 0 0 9340 -2600 0 0 0 2220 1776 0 0 0 0 0 0 0 0 0 0 0 -2920 2920 0 0 0 -4140 0 -591 
0 0 0 0 0 0 0 0 0 -72 0 0 0 735 0 0 -118 0 0 0 0 -122 0 0 0 0 0 0 2695 0 -100 0 0 0 0 0 
-9102 2340 0 0 0 0 0 -4345 -4596 0 7995 0 0 -1350 -525 0 1794 700 0 2772 -1764 -5607 0 1700 0 0 -1450 3792 0 0 0 574 0 0 3549 0 
5460 0 0 0 0 0 -11734 0 -5463 3078 7568 -4617 -3417 4806 -138 0 0 0 -5208 -798 0 0 -1340 -6052 -6741 0 5162 60 -5561 3021 0 0 -6836 -4680 0 -4602 
0 0 -2438 9100 0 0 0 0 -198 0 174 0 5170 0 1140 -630 0 644 0 0 0 0 0 0 1087 -940 6580 -45 0 3195 1862 0 -3094 -3666 0 0 
0 0 3080 0 0 0 0 -4004 0 0 0 0 0 672 4704 -1904 0 2576 0 0 0 0 -3872 0 4816 0 0 0 2464 0 7448 0 0 0 0 0 
0 0 0 0 0 0 0 4455 0 0 0 -3483 2280 0 0 0 0 0 0 -1614 644 2047 0 0 0 0 0 -3888 0 2279 0 0 0 0 0 0 
0 0 0 0 -4821 0 -4070 -802 0 0 0 0 -2800 -1281 0 2991 -4351 0 0 0 390 0 0 0 0 -198 0 0 4543 0 -1722 0 0 0 0 0 
0 2538 0 0 0 0 0 0 -4031 0 1881 5913 0 0 0 0 1334 0 0 1022 0 0 0 0 0 0 0 0 0 -2729 -247 0 0 0 929 0 
-601 5220 630 0 0 0 940 -819 -12093 0 -7039 7310 0 0 0 126 4927 0 0 0 150 0 -792 0 0 0 0 0 7227 -7227 0 0 0 600 7842 -8023 
0 0 0 0 0 0 -360 0 0 0 0 0 -768 0 0 0 0 0 0 2024 -2368 -4094 0 0 -1760 0 0 0 0 0 -2880 825 0 5060 0 0 
0 0 1400 0 798 0 420 384 0 3060 0 0 0 0 0 280 5015 0 0 0 1260 5185 -1760 0 0 0 0 0 0 0 4250 0 0 0 0 0 
0 0 0 0 0 1125 0 0 750 -1908 0 0 0 -1995 -250 0 -3127 0 0 0 50 -3233 0 0 0 0 0 0 -7315 0 -2650 0 0 0 0 1350 
0 0 4081 -7700 0 540 0 0 360 12 0 0 -4510 0 114 0 0 0 0 0 24 0 0 0 0 820 -5740 0 90 0 0 0 2788 3198 0 648 
-2067 0 0 0 0 0 0 0 0 0 0 0 0 0 -8325 0 0 11100 0 0 -3922 0 0 0 0 0 0 0 0 0 0 9102 0 0 0 -1431 
0 -882 0 -114 0 0 -600 0 0 0 0 2529 0 -546 0 0 2319 0 0 0 -1458 0 0 0 0 480 0 0 0 0 0 0 0 0 333 -4662 
1911 0 0 0 0 0 710 0 0 -380 0 0 444 0 0 0 0 0 0 0 5756 0 0 0 380 0 0 0 0 0 1665 0 0 0 0 1323 
60 36 739
1 2 -2688
1 11 -6336
1 30 -3840
1 31 832
1 35 5760
2 2 3444
2 3 -5390
2 8 7007
2 10 -38
2 11 8118
2 14 819
2 15 -741
2 16 -1018
2 17 48
2 20 4356
2 21 -2772
2 22 -8811
2 23 6776
2 29 2718
2 30 4920
2 31 -1066
2 35 -7380
3 2 -1440
3 9 3336
3 10 3204
3 13 -2950
3 17 4147
3 22 5429
3 23 4779
3 29 531
3 31 4450
3 35 -2184
5 3 -4505
5 4 9393
5 6 765
5 7 -420
5 9 -2508
5 12 3807
5 14 8381
5 15 1950
5 17 -1645
5 18 -2600
5 21 -1260
5 24 -5168
5 26 -3760
5 27 4408
5 32 -2132
5 35 -3948
5 36 6715
6 4 -1311
6 6 -186
6 7 -3976
6 8 1761
6 9 -2520
6 12 6141
6 13 -1480
6 14 -6552
6 15 -168
6 17 2523
6 19 -4704
6 20 405
6 23 -108
6 26 5295
6 28 -1425
6 35 5796
7 2 336
7 7 -3053
7 9 4533
7 11 -4892
7 15 1047
7 19 -3612
7 25 3822
7 28 1470
7 30 480
7 31 -104
7 33 -3332
7 35 -720
8 12 245
8 13 -3800
8 17 259
8 21 42
8 23 6156
8 29 684
8 35 -21
9 5 -3021
9 6 378
9 12 3948
9 14 -966
9 29 -3542
9 31 -1113
9 36 3318
10 1 3108
10 2 770
10 7 4260
10 8 1332
10 9 2106
10 11 -2730
10 13 1152
10 14 972
10 15 180
10 16 2183
10 17 -999
10 19 5040
10 24 -1224
10 26 666
10 27 1044
10 31 4320
10 36 4070
11 3 -3640
11 7 -1278
11 8 4732
11 9 -810
11 15 -54
11 16 -728
11 19 -1512
11 20 -1628
11 21 1036
11 22 3293
11 23 4576
12 4 -741
12 7 -426
12 9 -270
12 10 1368
12 12 3471
12 14 -3549
12 15 -18
12 17 1365
12 19 -504
12 25 -1368
12 26 3120
12 35 3276
13 3 901
13 4 -1900
13 5 -3420
13 6 630
13 12 6580
13 14 -1720
13 27 -2040
13 28 -240
13 31 -1260
13 32 2120
13 36 5530
14 1 -2022
14 4 -265
14 7 -564
14 11 2745
14 12 -2997
14 13 -2760
14 14 -2279
14 15 -5925
14 18 7900
14 20 -518
14 23 3402
14 27 -2703
14 28 -318
14 29 378
14 30 1961
14 31 -2475
14 32 9287
14 34 -360
14 36 -354
15 9 4158
15 11 -3654
15 13 3500
15 15 756
15 23 -5670
15 25 2457
15 28 945
15 29 -630
15 33 -2142
16 14 1617
16 25 224
16 29 5929
16 32 -105
16 34 -644
17 4 -400
17 9 -2211
17 10 -96
17 13 -2915
17 14 178
17 15 -1872
17 24 -4556
17 26 530
17 27 -3904
17 28 -480
17 29 -720
17 32 4240
17 33 1802
17 34 2067
18 1 1750
18 5 1974
18 6 -2430
18 7 -2350
18 8 5452
18 9 -1620
18 11 2500
18 13 -2800
18 15 540
18 21 -108
18 34 -1500
18 36 -4391
19 10 -3600
19 13 -576
19 15 -7050
19 17 -5900
19 18 9400
19 22 -6100
19 31 -7160
19 32 7708
20 1 819
20 2 224
20 4 -266
20 12 1246
20 13 -273
20 14 -1274
20 17 490
20 21 1554
20 23 580
20 25 1653
20 26 1120
20 28 -5600
20 29 2407
20 31 -6570
20 33 2900
20 35 1176
20 36 567
21 1 -67
21 2 172
21 3 1908
21 4 -3847
21 5 819
21 8 2262
21 11 4087
21 12 -6418
21 14 -1183
21 17 -2949
21 21 -552
21 26 1040
21 28 -4300
21 29 -4891
21 30 4891
21 35 1368
21 36 5829
22 2 -2704
22 4 175
22 7 3050
22 9 7089
22 13 1700
22 14 3035
22 16 -2210
22 17 476
22 21 1500
22 27 1785
22 28 -8690
22 32 -1855
22 35 -4641
23 2 -364
23 4 -355
23 12 -3325
23 13 2652
23 14 -3053
23 17 -3515
23 20 3212
23 21 -2614
23 22 -6497
23 23 1040
23 25 2964
23 27 -3621
23 28 8674
23 29 4316
23 32 3763
23 33 5200
23 35 285
24 1 780
24 4 779
24 12 -219
24 14 3731
24 15 3528
24 16 -1890
24 17 2191
24 18 1932
24 21 2068
24 25 3612
24 26 -3280
24 31 5586
24 35 -3738
24 36 540
25 1 -2660
25 7 3572
25 10 2016
25 11 -3800
25 12 1015
25 13 -918
25 17 4377
25 21 174
25 22 3416
25 23 -360
25 25 -258
25 29 -1494
25 31 2800
25 32 -360
25 33 -1800
25 34 72
25 35 -87
25 36 2242
26 2 1080
26 3 6370
26 8 -8281
26 9 -2502
26 14 1785
26 16 4394
26 17 3324
26 23 -8008
26 29 6545
26 35 1638
27 1 935
27 4 -1482
27 5 1806
27 6 -729
27 8 4988
27 11 -3185
27 12 -672
27 14 -7098
27 17 2730
27 21 -5106
27 26 6240
27 35 6552
27 36 -8262
28 1 -46
28 2 -232
28 7 994
28 9 630
28 11 2806
28 12 -2990
28 15 42
28 19 1176
28 28 5800
28 29 -3358
28 30 3358
28 36 4002
29 1 -93
29 4 -385
29 6 81
29 11 5673
29 12 -5199
29 14 -3311
29 27 -3927
29 28 -462
29 29 -6789
29 30 6789
29 32 4081
29 36 8802
30 2 -84
30 8 -2805
30 15 3375
30 18 -4500
30 28 2448
30 32 -3690
30 36 -444
31 6 486
31 9 3168
31 12 5076
31 14 -5184
31 20 1980
31 21 -1260
31 22 -4005
31 24 6528
31 27 -5568
31 36 4266
32 7 781
32 9 495
32 10 102
32 12 7452
32 15 2022
32 17 100
32 19 924
32 20 1288
32 25 -2073
32 29 765
32 30 -4876
32 32 990
32 33 -35
32 34 6072
33 2 -2730
33 4 7600
33 7 790
33 10 72
33 11 -6435
33 17 118
33 21 2370
33 22 122
33 30 1496
33 31 945
33 35 5850
34 2 -756
34 6 729
34 11 -1782
34 12 7614
34 13 2500
34 23 -4050
34 29 -450
34 30 -1080
34 31 234
34 35 1620
34 36 6399
35 6 2385
35 7 -4260
35 8 3132
35 9 -1110
35 15 -710
35 16 5133
35 17 -2349
35 19 -5040
35 21 106
35 26 1566
35 36 2862
36 4 470
36 7 -7200
36 13 -4800
36 14 -278
36 15 2475
36 16 6240
36 17 -7968
36 18 -3300
36 27 4794
36 28 564
36 32 -7688
37 6 -2266
37 7 3263
37 8 -1784
37 9 1320
37 13 850
37 14 -4373
37 15 2164
37 16 -2230
37 17 2779
37 18 1150
37 19 2352
37 20 5130
37 21 4
37 23 -1368
37 25 2150
37 26 -2850
37 28 2974
37 29 -6160
37 31 3325
37 36 108
38 1 21
38 2 -5460
38 3 -420
38 5 57
38 6 4216
38 8 1770
38 9 19183
38 10 2952
38 11 -7023
38 12 1365
38 13 3850
38 14 6188
38 15 1188
38 16 -4584
38 17 -5396
38 20 -9180
38 22 5002
38 23 -3261
38 25 3861
38 26 5100
38 28 -2119
38 29 840
38 30 -1533
38 31 4121
38 33 -3366
38 35 -8281
38 36 -1827
39 1 8
39 3 2030
39 6 -3915
39 8 -2639
39 9 -2610
39 11 -488
39 12 520
39 15 870
39 16 406
39 21 -174
39 23 -2552
39 29 584
39 30 -584
39 36 -5394
40 1 -3920
40 2 -2720
40 3 6440
40 7 5264
40 8 -8372
40 9 7923
40 11 -5600
40 13 -3402
40 16 1288
40 17 -2622
40 23 -9896
40 25 -5130
40 29 -7470
40 31 4455
40 33 -9000
40 34 3360
40 35 -5187
40 36 7004
41 7 7350
41 13 4900
41 14 4410
41 15 2520
41 16 -7720
41 17 8134
41 18 1380
41 25 2580
41 31 3990
42 2 -384
42 6 2430
42 9 369
42 15 -540
42 17 414
42 21 108
42 25 -2176
42 32 1020
42 34 6256
42 35 819
42 36 -1968
43 1 2516
43 6 -3600
43 7 -4899
43 9 963
43 10 -1440
43 11 -7894
43 13 4250
43 15 1769
43 17 -2360
43 19 -5796
43 21 -160
43 22 -2440
43 23 -6885
43 25 3822
43 28 1470
43 29 -765
43 31 -2000
43 33 -3332
43 36 -4320
44 1 4790
44 7 -6486
44 11 9340
44 12 -2600
44 16 2220
44 17 1776
44 29 -2920
44 30 2920
44 34 -4140
44 36 -591
45 10 -72
45 14 735
45 17 -118
45 22 -122
45 29 2695
45 31 -100
46 1 -9102
46 2 2340
46 8 -4345
46 9 -4596
46 11 7995
46 14 -1350
46 15 -525
46 17 1794
46 18 700
46 20 2772
46 21 -1764
46 22 -5607
46 24 1700
46 27 -1450
46 28 3792
46 32 574
46 35 3549
47 1 5460
47 7 -11734
47 9 -5463
47 10 3078
47 11 7568
47 12 -4617
47 13 -3417
47 14 4806
47 15 -138
47 19 -5208
47 20 -798
47 23 -1340
47 24 -6052
47 25 -6741
47 27 5162
47 28 60
47 29 -5561
47 30 3021
47 33 -6836
47 34 -4680
47 36 -4602
48 3 -2438
48 4 9100
48 9 -198
48 11 174
48 13 5170
48 15 1140
48 16 -630
48 18 644
48 25 1087
48 26 -940
48 27 6580
48 28 -45
48 30 3195
48 31 1862
48 33 -3094
48 34 -3666
49 3 3080
49 8 -4004
49 14 672
49 15 4704
49 16 -1904
49 18 2576
49 23 -3872
49 25 4816
49 29 2464
49 31 7448
50 8 4455
50 12 -3483
50 13 2280
50 20 -1614
50 21 644
50 22 2047
50 28 -3888
50 30 2279
51 5 -4821
51 7 -4070
51 8 -802
51 13 -2800
51 14 -1281
51 16 2991
51 17 -4351
51 21 390
51 26 -198
51 29 4543
51 31 -1722
52 2 2538
52 9 -4031
52 11 1881
52 12 5913
52 17 1334
52 20 1022
52 30 -2729
52 31 -247
52 35 929
53 1 -601
53 2 5220
53 3 630
53 7 940
53 8 -819
53 9 -12093
53 11 -7039
53 12 7310
53 16 126
53 17 4927
53 21 150
53 23 -792
53 29 7227
53 30 -7227
53 34 600
53 35 7842
53 36 -8023
54 7 -360
54 13 -768
54 20 2024
54 21 -2368
54 22 -4094
54 25 -1760
54 31 -2880
54 32 825
54 34 5060
55 3 1400
55 5 798
55 7 420
55 8 384
55 10 3060
55 16 280
55 17 5015
55 21 1260
55 22 5185
55 23 -1760
55 31 4250
56 6 1125
56 9 750
56 10 -1908
56 14 -1995
56 15 -250
56 17 -3127
56 21 50
56 22 -3233
56 29 -7315
56 31 -2650
56 36 1350
57 3 4081
57 4 -7700
57 6 540
57 9 360
57 10 12
57 13 -4510
57 15 114
57 21 24
57 26 820
57 27 -5740
57 29 90
57 33 2788
57 34 3198
57 36 648
58 1 -2067
58 15 -8325
58 18 11100
58 21 -3922
58 32 9102
58 36 -1431
59 2 -882
59 4 -114
59 7 -600
59 12 2529
59 14 -546
59 17 2319
59 21 -1458
59 26 480
59 35 333
59 36 -4662
60 1 1911
60 7 710
60 10 -380
60 13 444
60 21 5756
60 25 380
60 31 1665
60 36 1323
