0 -564 704 260 -1518 -216 0 -372 93 -3246 0 0 0 0 0 -1007 -83 5952 0 -371 0 0 0 -1468 2184 170 2366 204 0 540 0 0 -6200 0 0 -598 0 
2650 0 -5628 0 -4760 -1248 0 0 0 -1620 -4154 5360 -582 -2881 1205 0 0 0 0 0 4573 -56 0 -5040 -4154 0 0 212 0 0 0 -5320 0 0 0 10523 0 
0 5600 0 0 -2212 -702 -74 -504 -4636 -6328 0 2837 -812 0 -140 2200 -132 -396 124 2150 -462 3168 -2012 0 0 8818 0 1798 -2911 0 -400 0 0 0 0 766 0 
-250 0 0 0 0 -1488 -418 0 0 1380 0 0 667 0 115 0 0 0 0 0 1313 2350 0 -650 0 0 0 1550 0 0 0 0 2450 -190 0 6417 0 
-108 0 0 0 0 -78 0 0 0 -2660 0 -3581 0 0 0 -2162 0 836 0 0 -4542 -950 0 0 -1904 -473 -1900 -3570 0 2318 0 0 -1440 1224 0 1710 0 
-600 0 0 0 7200 -216 957 0 -2352 -154 0 -2340 0 0 -2892 -1880 0 0 0 0 -5290 0 0 0 0 -628 -990 0 -2216 750 -140 1562 0 435 0 0 0 
0 0 0 0 0 0 2301 0 -4628 -3103 0 2088 0 0 0 551 0 -10137 -2242 0 0 5129 0 0 -5782 -1731 1450 -2108 0 -1769 780 468 0 0 0 4182 -4099 
0 0 -32 0 69 0 0 0 -5264 -1938 0 0 -841 0 -1930 -1645 1848 5544 -1736 297 3690 3619 -56 0 0 7431 0 2686 2950 0 -4620 -2772 0 0 0 0 0 
0 0 0 0 0 -1394 -484 -1640 3245 2023 0 2376 0 0 -765 3403 -1711 -726 -82 -106 4309 721 0 0 0 4323 1650 0 0 -2013 0 1813 0 -220 0 -1485 106 
0 0 0 704 -8064 0 0 0 3872 -560 0 -576 0 0 0 2872 0 176 0 0 0 7808 0 396 0 144 -400 0 0 -352 0 0 0 3780 0 360 0 
0 0 0 0 -4675 0 0 0 0 1078 0 0 0 0 0 462 -22 -2112 0 0 0 -55 0 -4444 0 0 0 0 0 0 0 -5225 2200 0 0 1980 0 
0 0 0 0 0 414 0 0 3108 0 0 4485 0 0 0 0 0 0 0 0 -1518 0 0 0 0 2737 0 -1734 0 0 185 0 0 0 0 0 0 
0 0 0 0 0 0 0 0 0 0 0 0 0 0 0 0 0 0 0 0 0 0 0 0 0 0 0 0 0 0 0 0 0 0 0 0 0 
0 1350 0 0 9188 0 -1012 -2075 0 -4669 0 -5002 0 0 0 -5519 91 8736 0 -3622 7912 0 0 -2093 0 0 -1350 0 -1680 530 550 7458 -9100 -460 0 -8190 0 
0 0 -4284 0 -1000 1292 0 1520 0 -711 0 1220 0 -2193 -4131 -4166 59 5664 0 -2011 4569 0 0 -1357 -3162 -5308 0 0 -4698 0 0 0 -5900 0 0 -5310 0 
0 0 -5428 0 -3315 0 0 0 -5264 0 0 0 0 -2881 0 0 1848 5544 -1736 -6300 2278 6561 -456 -3510 -4154 0 0 2142 2464 0 1725 -3705 0 0 0 0 0 
51 7802 0 0 0 2988 0 5146 0 0 0 0 0 0 0 0 0 0 0 497 0 0 0 581 0 0 0 0 0 -7470 0 0 680 -1428 0 -6674 0 
0 1944 0 -3740 0 0 0 -2988 0 -60 6290 -8070 -29 0 -5 0 0 0 0 0 85 0 0 0 0 0 0 0 -475 0 792 0 0 0 -340 0 0 
-4650 -810 0 0 0 672 0 1245 0 0 0 0 0 0 -6603 0 0 0 0 -602 -6674 0 0 0 -2632 0 0 0 -7626 0 -330 0 0 0 0 5186 0 
0 0 3960 0 18523 -1014 4017 -728 0 -3219 0 1742 0 0 0 0 0 -5957 -1406 -6952 0 3240 0 6408 -3626 2106 0 0 1950 -2640 0 7161 0 0 0 5599 -9577 
0 -4158 2944 0 -6348 0 748 6391 0 0 0 0 0 0 0 0 0 0 0 0 -5848 5632 0 0 0 0 0 -2822 0 0 -1694 2405 0 340 0 0 0 
0 3854 0 2024 -1700 1476 -803 2542 0 -21 -3404 6352 0 0 0 1496 0 0 0 1462 6278 0 0 -1561 0 0 -135 0 -168 -3690 0 213 0 -365 184 0 0 
-258 0 0 0 0 0 0 0 10528 0 0 0 0 0 0 0 -3696 -11088 2611 -1113 0 -1092 112 0 0 0 0 0 -4928 0 0 0 -3440 7224 0 0 1113 
0 12185 1344 0 0 3312 0 -2596 0 -4899 0 0 1380 688 4968 0 0 0 0 784 -2248 0 0 644 320 0 0 0 4830 -8280 2200 0 0 0 -1656 0 0 
0 7708 -1856 0 4002 2952 0 5084 0 0 0 0 0 0 0 -3840 0 0 0 0 0 0 0 574 0 0 0 0 0 -7380 0 0 0 -4800 0 0 0 
-540 0 4410 0 12172 0 939 0 9217 0 0 -1220 0 0 0 -880 -2574 -7722 2418 -8602 1335 5076 78 -1404 0 0 0 2449 -3432 -2940 0 -98 5292 5 0 0 -9800 
450 0 -768 0 5016 2938 0 2120 -2970 371 0 0 0 0 0 -3186 1566 0 0 0 0 -4230 0 1170 0 -5599 0 -2790 0 350 0 0 -4410 0 0 -4899 0 
0 378 0 1948 -6630 0 0 -581 11334 80 0 0 0 0 0 0 0 0 0 832 0 -78 0 -5868 -840 0 -910 0 0 0 154 -7410 0 0 0 0 0 
0 0 -172 -1936 4512 0 0 0 0 0 3256 -4092 0 0 0 0 0 0 0 4796 0 -5676 344 0 0 0 0 0 0 470 0 0 0 0 -176 4888 0 
-3900 6956 184 2940 3936 2664 0 4588 0 0 0 0 0 0 -7140 0 0 0 2436 -5520 0 6072 -368 518 0 0 0 -312 0 -6250 0 0 0 0 0 -7566 0 
600 0 0 3652 -6120 0 0 0 0 0 -6142 7719 0 0 852 0 0 0 0 -357 0 -72 0 -6480 0 0 0 0 984 0 0 -6840 0 0 332 4794 0 
-225 0 0 0 -150 0 0 0 0 0 0 183 0 0 0 -1980 0 0 0 -18 0 0 0 0 0 0 0 0 0 0 0 0 -3000 3660 0 1974 0 
0 0 0 0 0 0 0 0 0 -658 0 0 0 0 0 0 0 0 0 0 0 0 0 0 0 0 -4230 0 -5264 0 0 6674 0 0 0 0 0 
0 0 0 0 7395 646 0 760 0 133 0 2211 0 0 0 0 0 0 0 0 2769 87 0 3630 1092 -1349 0 0 6365 0 0 8265 0 0 0 0 0 
0 0 1440 0 -3105 -3162 0 -3720 0 -651 0 0 0 0 0 -6816 0 0 0 0 0 0 0 0 0 6603 0 0 0 0 0 0 0 -8520 0 0 0 
0 0 0 -930 4608 0 0 0 4666 744 0 0 0 0 0 4307 -2117 0 0 1104 0 0 0 0 -7812 2482 -8463 0 0 480 0 0 0 0 0 0 0 
0 0 -420 0 1296 -3159 8041 -2268 0 0 0 5427 0 -215 0 0 0 0 0 0 -2 0 0 0 -310 6561 0 0 6075 0 0 0 0 10 0 6723 0 
0 0 4005 0 12162 18 0 0 5082 -4312 0 195 0 0 0 0 0 0 0 -8039 -66 0 -4312 0 0 267 0 0 0 -2460 0 -89 0 0 0 0 -8900 
0 2160 0 0 0 0 0 -3320 0 0 0 0 0 0 0 0 0 0 0 -700 0 0 0 0 0 0 0 0 0 0 880 0 0 0 0 9400 0 
-2800 0 1184 590 -3497 2301 -5841 1652 -413 -2408 0 -4712 0 0 -3976 0 0 0 0 2904 0 -376 0 0 4956 -2883 5369 0 -6450 0 480 288 0 0 0 -4897 0 
0 4418 0 0 0 1692 0 2914 0 0 -2914 3760 141 0 940 -1392 0 0 0 432 0 1316 0 329 0 2604 0 3162 0 -4230 -1680 -1008 0 -1740 0 0 0 
1950 0 0 0 784 -1911 4851 -1372 0 0 0 3283 0 0 2769 0 0 0 0 0 0 0 0 0 0 3969 0 0 6873 0 0 0 0 0 0 4067 0 
0 -8700 4500 0 11400 0 0 0 -330 0 0 0 0 0 0 -354 174 0 0 -7900 0 0 -4089 0 0 -204 0 0 0 -3000 0 -100 0 0 0 1131 -10000 
0 0 -1170 0 -1514 0 0 0 0 -1892 0 -1769 0 0 0 -1276 0 0 0 3645 0 0 0 0 0 2580 0 0 4644 780 0 26 0 0 0 0 2600 
0 0 0 0 0 0 0 0 0 0 0 0 0 0 0 0 0 0 0 0 0 0 0 0 0 0 0 0 0 0 0 0 0 0 0 0 0 
0 0 0 0 -464 1131 -1053 812 6295 -6778 0 -1943 -2755 0 -475 1593 -783 0 0 1617 16001 0 0 2394 0 39 0 -2294 471 0 0 0 0 -250 0 -2407 0 
0 0 -6783 0 2906 -1248 2973 -896 0 -2565 0 2144 -1450 -3956 -250 0 0 805 190 -811 7378 3758 0 0 -5214 10869 0 0 2400 -630 -5340 -3225 0 0 0 2191 -1995 
-363 0 0 1276 -2600 0 0 0 0 1958 -2146 5869 0 0 0 2288 0 0 0 -701 -213 1410 0 -390 -84 -2670 0 930 -4806 0 0 0 -1370 5964 116 0 0 
0 3996 6636 0 0 -414 0 -6142 0 0 0 -6102 0 3397 0 0 0 0 0 0 -1168 0 0 0 4898 -6141 0 -2584 -4655 0 1628 0 0 0 0 0 0 
0 -6768 0 0 2400 -2592 1730 -4464 3380 0 0 0 0 0 0 2256 0 0 0 0 2032 0 0 -3486 0 0 0 -1612 0 6730 0 0 0 2850 0 0 0 
0 0 0 -3740 0 366 -968 0 0 0 6290 -3940 0 0 0 0 0 0 0 -91 6226 0 0 0 0 5429 0 0 0 0 0 0 0 -440 -340 1222 0 
0 0 0 0 1440 -3510 8910 -2520 -7209 -140 3410 1486 -165 0 -1100 -38 0 44 0 0 0 -50 0 0 0 7326 -100 0 6750 122 0 0 0 0 0 7560 -4455 
0 0 7980 0 0 -2080 0 -1280 0 -224 0 -2706 0 4085 4590 4230 0 0 0 0 -6380 0 0 0 5890 2272 0 136 -7790 0 0 0 0 0 0 4278 0 
-490 0 0 0 -7565 3154 0 4000 3478 -3620 0 -2665 -2088 0 -360 624 -1221 -3663 1147 1104 8442 4517 37 -9284 560 -10749 0 3038 -1628 0 0 -8455 4802 780 0 0 0 
0 0 0 0 1955 0 0 0 0 0 0 0 0 0 0 0 0 0 0 0 0 23 0 2070 0 0 0 0 0 0 0 2185 0 0 0 0 0 
0 5658 128 0 -276 228 0 -2241 5607 -1920 0 2470 -928 0 -160 0 0 0 0 0 1884 0 1974 0 0 3382 0 0 0 0 594 0 0 0 0 -546 3465 
-2850 -6000 0 -3652 600 0 0 0 0 0 2484 -3731 177 0 -5111 -2596 0 0 0 -516 1540 0 -2820 0 0 0 0 0 -4674 0 0 0 0 0 -332 780 0 
270 0 0 -2992 0 -1054 1023 -1240 5880 2135 5032 -6324 0 0 0 1008 -48 -4608 0 0 -7998 0 0 1104 0 -4239 0 0 0 0 350 0 8400 -7095 -272 4320 0 
0 0 0 0 -5651 0 0 0 0 0 0 0 0 0 -4998 -4606 0 0 0 0 3430 -71 0 -6390 0 0 0 952 0 40 0 -6745 0 0 0 0 0 
-3850 -1882 0 0 2800 -1908 0 -3286 0 0 0 -3416 0 0 -5467 -2464 0 0 0 -2408 0 0 1457 -371 0 0 0 0 -6314 4770 0 0 0 0 0 -403 0 
-1600 0 0 0 0 0 -2223 0 0 4959 0 0 0 0 0 0 0 9177 -376 -3286 0 -8069 0 0 5586 0 0 -128 0 0 0 0 0 0 0 -8405 4483 
4450 0 0 1072 0 0 0 0 5896 -2450 0 0 0 0 0 -1050 50 4800 0 0 0 0 0 -547 0 0 0 356 0 0 0 148 -5000 0 0 4133 0 
4550 0 -2266 0 -10290 0 0 0 0 0 0 -4148 0 0 6461 -2992 0 0 0 1506 0 -622 32 -8460 0 0 0 0 7462 1500 0 -10286 0 0 0 0 5000 
0 0 0 740 6120 0 0 0 7546 -592 0 0 0 0 0 0 0 0 0 0 0 72 0 6480 6216 -8832 6734 0 0 0 480 6840 0 0 0 0 0 
0 0 -4032 0 0 0 -3354 0 0 7482 0 0 0 -2064 0 0 0 13846 3268 -693 1632 -7310 0 0 5452 0 0 0 0 0 0 0 0 0 0 1308 1806 
-4650 0 4284 0 -1056 2574 -6534 1848 0 0 -6200 3578 300 2193 2000 0 0 0 0 0 -1734 0 0 0 3162 -5346 0 1464 -4950 0 0 0 0 0 0 -14499 0 
0 0 -90 0 3082 -656 0 0 0 2400 0 0 1160 0 200 0 0 0 0 158 -3400 22 0 1980 0 0 0 0 0 210 0 2092 0 0 0 2829 200 
0 0 0 208 -944 -681 -5841 -1028 1144 -469 0 -2765 0 0 -3366 -3102 0 0 0 0 2310 0 0 117 0 -22 0 0 -1005 0 0 0 0 0 0 -1861 0 
0 0 5738 0 4932 0 0 0 0 0 0 -1650 0 0 0 0 0 0 0 -7902 0 0 0 0 0 0 0 0 -4750 -2460 0 -82 0 0 0 0 -8200 
69 37 950
1 2 -564
1 3 704
1 4 260
1 5 -1518
1 6 -216
1 8 -372
1 9 93
1 10 -3246
1 16 -1007
1 17 -83
1 18 5952
1 20 -371
1 24 -1468
1 25 2184
1 26 170
1 27 2366
1 28 204
1 30 540
1 33 -6200
1 36 -598
2 1 2650
2 3 -5628
2 5 -4760
2 6 -1248
2 10 -1620
2 11 -4154
2 12 5360
2 13 -582
2 14 -2881
2 15 1205
2 21 4573
2 22 -56
2 24 -5040
2 25 -4154
2 28 212
2 32 -5320
2 36 10523
3 2 5600
3 5 -2212
3 6 -702
3 7 -74
3 8 -504
3 9 -4636
3 10 -6328
3 12 2837
3 13 -812
3 15 -140
3 16 2200
3 17 -132
3 18 -396
3 19 124
3 20 2150
3 21 -462
3 22 3168
3 23 -2012
3 26 8818
3 28 1798
3 29 -2911
3 31 -400
3 36 766
4 1 -250
4 6 -1488
4 7 -418
4 10 1380
4 13 667
4 15 115
4 21 1313
4 22 2350
4 24 -650
4 28 1550
4 33 2450
4 34 -190
4 36 6417
5 1 -108
5 6 -78
5 10 -2660
5 12 -3581
5 16 -2162
5 18 836
5 21 -4542
5 22 -950
5 25 -1904
5 26 -473
5 27 -1900
5 28 -3570
5 30 2318
5 33 -1440
5 34 1224
5 36 1710
6 1 -600
6 5 7200
6 6 -216
6 7 957
6 9 -2352
6 10 -154
6 12 -2340
6 15 -2892
6 16 -1880
6 21 -5290
6 26 -628
6 27 -990
6 29 -2216
6 30 750
6 31 -140
6 32 1562
6 34 435
7 7 2301
7 9 -4628
7 10 -3103
7 12 2088
7 16 551
7 18 -10137
7 19 -2242
7 22 5129
7 25 -5782
7 26 -1731
7 27 1450
7 28 -2108
7 30 -1769
7 31 780
7 32 468
7 36 4182
7 37 -4099
8 3 -32
8 5 69
8 9 -5264
8 10 -1938
8 13 -841
8 15 -1930
8 16 -1645
8 17 1848
8 18 5544
8 19 -1736
8 20 297
8 21 3690
8 22 3619
8 23 -56
8 26 7431
8 28 2686
8 29 2950
8 31 -4620
8 32 -2772
9 6 -1394
9 7 -484
9 8 -1640
9 9 3245
9 10 2023
9 12 2376
9 15 -765
9 16 3403
9 17 -1711
9 18 -726
9 19 -82
9 20 -106
9 21 4309
9 22 721
9 26 4323
9 27 1650
9 30 -2013
9 32 1813
9 34 -220
9 36 -1485
9 37 106
10 4 704
10 5 -8064
10 9 3872
10 10 -560
10 12 -576
10 16 2872
10 18 176
10 22 7808
10 24 396
10 26 144
10 27 -400
10 30 -352
10 34 3780
10 36 360
11 5 -4675
11 10 1078
11 16 462
11 17 -22
11 18 -2112
11 22 -55
11 24 -4444
11 32 -5225
11 33 2200
11 36 1980
12 6 414
12 9 3108
12 12 4485
12 21 -1518
12 26 2737
12 28 -1734
12 31 185
14 2 1350
14 5 9188
14 7 -1012
14 8 -2075
14 10 -4669
14 12 -5002
14 16 -5519
14 17 91
14 18 8736
14 20 -3622
14 21 7912
14 24 -2093
14 27 -1350
14 29 -1680
14 30 530
14 31 550
14 32 7458
14 33 -9100
14 34 -460
14 36 -8190
15 3 -4284
15 5 -1000
15 6 1292
15 8 1520
15 10 -711
15 12 1220
15 14 -2193
15 15 -4131
15 16 -4166
15 17 59
15 18 5664
15 20 -2011
15 21 4569
15 24 -1357
15 25 -3162
15 26 -5308
15 29 -4698
15 33 -5900
15 36 -5310
16 3 -5428
16 5 -3315
16 9 -5264
16 14 -2881
16 17 1848
16 18 5544
16 19 -1736
16 20 -6300
16 21 2278
16 22 6561
16 23 -456
16 24 -3510
16 25 -4154
16 28 2142
16 29 2464
16 31 1725
16 32 -3705
17 1 51
17 2 7802
17 6 2988
17 8 5146
17 20 497
17 24 581
17 30 -7470
17 33 680
17 34 -1428
17 36 -6674
18 2 1944
18 4 -3740
18 8 -2988
18 10 -60
18 11 6290
18 12 -8070
18 13 -29
18 15 -5
18 21 85
18 29 -475
18 31 792
18 35 -340
19 1 -4650
19 2 -810
19 6 672
19 8 1245
19 15 -6603
19 20 -602
19 21 -6674
19 25 -2632
19 29 -7626
19 31 -330
19 36 5186
20 3 3960
20 5 18523
20 6 -1014
20 7 4017
20 8 -728
20 10 -3219
20 12 1742
20 18 -5957
20 19 -1406
20 20 -6952
20 22 3240
20 24 6408
20 25 -3626
20 26 2106
20 29 1950
20 30 -2640
20 32 7161
20 36 5599
20 37 -9577
21 2 -4158
21 3 2944
21 5 -6348
21 7 748
21 8 6391
21 21 -5848
21 22 5632
21 28 -2822
21 31 -1694
21 32 2405
21 34 340
22 2 3854
22 4 2024
22 5 -1700
22 6 1476
22 7 -803
22 8 2542
22 10 -21
22 11 -3404
22 12 6352
22 16 1496
22 20 1462
22 21 6278
22 24 -1561
22 27 -135
22 29 -168
22 30 -3690
22 32 213
22 34 -365
22 35 184
23 1 -258
23 9 10528
23 17 -3696
23 18 -11088
23 19 2611
23 20 -1113
23 22 -1092
23 23 112
23 29 -4928
23 33 -3440
23 34 7224
23 37 1113
24 2 12185
24 3 1344
24 6 3312
24 8 -2596
24 10 -4899
24 13 1380
24 14 688
24 15 4968
24 20 784
24 21 -2248
24 24 644
24 25 320
24 29 4830
24 30 -8280
24 31 2200
24 35 -1656
25 2 7708
25 3 -1856
25 5 4002
25 6 2952
25 8 5084
25 16 -3840
25 24 574
25 30 -7380
25 34 -4800
26 1 -540
26 3 4410
26 5 12172
26 7 939
26 9 9217
26 12 -1220
26 16 -880
26 17 -2574
26 18 -7722
26 19 2418
26 20 -8602
26 21 1335
26 22 5076
26 23 78
26 24 -1404
26 28 2449
26 29 -3432
26 30 -2940
26 32 -98
26 33 5292
26 34 5
26 37 -9800
27 1 450
27 3 -768
27 5 5016
27 6 2938
27 8 2120
27 9 -2970
27 10 371
27 16 -3186
27 17 1566
27 22 -4230
27 24 1170
27 26 -5599
27 28 -2790
27 30 350
27 33 -4410
27 36 -4899
28 2 378
28 4 1948
28 5 -6630
28 8 -581
28 9 11334
28 10 80
28 20 832
28 22 -78
28 24 -5868
28 25 -840
28 27 -910
28 31 154
28 32 -7410
29 3 -172
29 4 -1936
29 5 4512
29 11 3256
29 12 -4092
29 20 4796
29 22 -5676
29 23 344
29 30 470
29 35 -176
29 36 4888
30 1 -3900
30 2 6956
30 3 184
30 4 2940
30 5 3936
30 6 2664
30 8 4588
30 15 -7140
30 19 2436
30 20 -5520
30 22 6072
30 23 -368
30 24 518
30 28 -312
30 30 -6250
30 36 -7566
31 1 600
31 4 3652
31 5 -6120
31 11 -6142
31 12 7719
31 15 852
31 20 -357
31 22 -72
31 24 -6480
31 29 984
31 32 -6840
31 35 332
31 36 4794
32 1 -225
32 5 -150
32 12 183
32 16 -1980
32 20 -18
32 33 -3000
32 34 3660
32 36 1974
33 10 -658
33 27 -4230
33 29 -5264
33 32 6674
34 5 7395
34 6 646
34 8 760
34 10 133
34 12 2211
34 21 2769
34 22 87
34 24 3630
34 25 1092
34 26 -1349
34 29 6365
34 32 8265
35 3 1440
35 5 -3105
35 6 -3162
35 8 -3720
35 10 -651
35 16 -6816
35 26 6603
35 34 -8520
36 4 -930
36 5 4608
36 9 4666
36 10 744
36 16 4307
36 17 -2117
36 20 1104
36 25 -7812
36 26 2482
36 27 -8463
36 30 480
37 3 -420
37 5 1296
37 6 -3159
37 7 8041
37 8 -2268
37 12 5427
37 14 -215
37 21 -2
37 25 -310
37 26 6561
37 29 6075
37 34 10
37 36 6723
38 3 4005
38 5 12162
38 6 18
38 9 5082
38 10 -4312
38 12 195
38 20 -8039
38 21 -66
38 23 -4312
38 26 267
38 30 -2460
38 32 -89
38 37 -8900
39 2 2160
39 8 -3320
39 20 -700
39 31 880
39 36 9400
40 1 -2800
40 3 1184
40 4 590
40 5 -3497
40 6 2301
40 7 -5841
40 8 1652
40 9 -413
40 10 -2408
40 12 -4712
40 15 -3976
40 20 2904
40 22 -376
40 25 4956
40 26 -2883
40 27 5369
40 29 -6450
40 31 480
40 32 288
40 36 -4897
41 2 4418
41 6 1692
41 8 2914
41 11 -2914
41 12 3760
41 13 141
41 15 940
41 16 -1392
41 20 432
41 22 1316
41 24 329
41 26 2604
41 28 3162
41 30 -4230
41 31 -1680
41 32 -1008
41 34 -1740
42 1 1950
42 5 784
42 6 -1911
42 7 4851
42 8 -1372
42 12 3283
42 15 2769
42 26 3969
42 29 6873
42 36 4067
43 2 -8700
43 3 4500
43 5 11400
43 9 -330
43 16 -354
43 17 174
43 20 -7900
43 23 -4089
43 26 -204
43 30 -3000
43 32 -100
43 36 1131
43 37 -10000
44 3 -1170
44 5 -1514
44 10 -1892
44 12 -1769
44 16 -1276
44 20 3645
44 26 2580
44 29 4644
44 30 780
44 32 26
44 37 2600
46 5 -464
46 6 1131
46 7 -1053
46 8 812
46 9 6295
46 10 -6778
46 12 -1943
46 13 -2755
46 15 -475
46 16 1593
46 17 -783
46 20 1617
46 21 16001
46 24 2394
46 26 39
46 28 -2294
46 29 471
46 34 -250
46 36 -2407
47 3 -6783
47 5 2906
47 6 -1248
47 7 2973
47 8 -896
47 10 -2565
47 12 2144
47 13 -1450
47 14 -3956
47 15 -250
47 18 805
47 19 190
47 20 -811
47 21 7378
47 22 3758
47 25 -5214
47 26 10869
47 29 2400
47 30 -630
47 31 -5340
47 32 -3225
47 36 2191
47 37 -1995
48 1 -363
48 4 1276
48 5 -2600
48 10 1958
48 11 -2146
48 12 5869
48 16 2288
48 20 -701
48 21 -213
48 22 1410
48 24 -390
48 25 -84
48 26 -2670
48 28 930
48 29 -4806
48 33 -1370
48 34 5964
48 35 116
49 2 3996
49 3 6636
49 6 -414
49 8 -6142
49 12 -6102
49 14 3397
49 21 -1168
49 25 4898
49 26 -6141
49 28 -2584
49 29 -4655
49 31 1628
50 2 -6768
50 5 2400
50 6 -2592
50 7 1730
50 8 -4464
50 9 3380
50 16 2256
50 21 2032
50 24 -3486
50 28 -1612
50 30 6730
50 34 2850
51 4 -3740
51 6 366
51 7 -968
51 11 6290
51 12 -3940
51 20 -91
51 21 6226
51 26 5429
51 34 -440
51 35 -340
51 36 1222
52 5 1440
52 6 -3510
52 7 8910
52 8 -2520
52 9 -7209
52 10 -140
52 11 3410
52 12 1486
52 13 -165
52 15 -1100
52 16 -38
52 18 44
52 22 -50
52 26 7326
52 27 -100
52 29 6750
52 30 122
52 36 7560
52 37 -4455
53 3 7980
53 6 -2080
53 8 -1280
53 10 -224
53 12 -2706
53 14 4085
53 15 4590
53 16 4230
53 21 -6380
53 25 5890
53 26 2272
53 28 136
53 29 -7790
53 36 4278
54 1 -490
54 5 -7565
54 6 3154
54 8 4000
54 9 3478
54 10 -3620
54 12 -2665
54 13 -2088
54 15 -360
54 16 624
54 17 -1221
54 18 -3663
54 19 1147
54 20 1104
54 21 8442
54 22 4517
54 23 37
54 24 -9284
54 25 560
54 26 -10749
54 28 3038
54 29 -1628
54 32 -8455
54 33 4802
54 34 780
55 5 1955
55 22 23
55 24 2070
55 32 2185
56 2 5658
56 3 128
56 5 -276
56 6 228
56 8 -2241
56 9 5607
56 10 -1920
56 12 2470
56 13 -928
56 15 -160
56 21 1884
56 23 1974
56 26 3382
56 31 594
56 36 -546
56 37 3465
57 1 -2850
57 2 -6000
57 4 -3652
57 5 600
57 11 2484
57 12 -3731
57 13 177
57 15 -5111
57 16 -2596
57 20 -516
57 21 1540
57 23 -2820
57 29 -4674
57 35 -332
57 36 780
58 1 270
58 4 -2992
58 6 -1054
58 7 1023
58 8 -1240
58 9 5880
58 10 2135
58 11 5032
58 12 -6324
58 16 1008
58 17 -48
58 18 -4608
58 21 -7998
58 24 1104
58 26 -4239
58 31 350
58 33 8400
58 34 -7095
58 35 -272
58 36 4320
59 5 -5651
59 15 -4998
59 16 -4606
59 21 3430
59 22 -71
59 24 -6390
59 28 952
59 30 40
59 32 -6745
60 1 -3850
60 2 -1882
60 5 2800
60 6 -1908
60 8 -3286
60 12 -3416
60 15 -5467
60 16 -2464
60 20 -2408
60 23 1457
60 24 -371
60 29 -6314
60 30 4770
60 36 -403
61 1 -1600
61 7 -2223
61 10 4959
61 18 9177
61 19 -376
61 20 -3286
61 22 -8069
61 25 5586
61 28 -128
61 36 -8405
61 37 4483
62 1 4450
62 4 1072
62 9 5896
62 10 -2450
62 16 -1050
62 17 50
62 18 4800
62 24 -547
62 28 356
62 32 148
62 33 -5000
62 36 4133
63 1 4550
63 3 -2266
63 5 -10290
63 12 -4148
63 15 6461
63 16 -2992
63 20 1506
63 22 -622
63 23 32
63 24 -8460
63 29 7462
63 30 1500
63 32 -10286
63 37 5000
64 4 740
64 5 6120
64 9 7546
64 10 -592
64 22 72
64 24 6480
64 25 6216
64 26 -8832
64 27 6734
64 31 480
64 32 6840
65 3 -4032
65 7 -3354
65 10 7482
65 14 -2064
65 18 13846
65 19 3268
65 20 -693
65 21 1632
65 22 -7310
65 25 5452
65 36 1308
65 37 1806
66 1 -4650
66 3 4284
66 5 -1056
66 6 2574
66 7 -6534
66 8 1848
66 11 -6200
66 12 3578
66 13 300
66 14 2193
66 15 2000
66 21 -1734
66 25 3162
66 26 -5346
66 28 1464
66 29 -4950
66 36 -14499
67 3 -90
67 5 3082
67 6 -656
67 10 2400
67 13 1160
67 15 200
67 20 158
67 21 -3400
67 22 22
67 24 1980
67 30 210
67 32 2092
67 36 2829
67 37 200
68 4 208
68 5 -944
68 6 -681
68 7 -5841
68 8 -1028
68 9 1144
68 10 -469
68 12 -2765
68 15 -3366
68 16 -3102
68 21 2310
68 24 117
68 26 -22
68 29 -1005
68 36 -1861
69 3 5738
69 5 4932
69 12 -1650
69 20 -7902
69 29 -4750
69 30 -2460
69 32 -82
69 37 -8200
