0 0 0 0 0 6745 0 0 0 0 0 -6228 4260 0 4851 0 0 0 0 0 156 0 -102 0 0 0 0 0 0 -156 484 0 0 -15506 0 -7600 0 -5082 0 0 -6618 0 0 0 0 0 -3465 71 0 0 5852 0 0 0 0 0 0 0 4757 0 -188 -923 0 
3200 -2352 7296 0 0 0 4263 0 0 0 0 0 3876 0 0 0 0 0 0 8269 3528 0 0 0 4459 -8843 1850 5244 0 0 0 0 0 0 -1359 0 0 0 147 0 0 -1148 0 0 147 228 0 0 0 -4636 4800 0 0 0 0 0 0 -3600 0 7144 0 2624 0 
0 -1362 0 0 -5432 3056 -6699 0 0 0 -16 0 5301 0 0 -2730 0 0 3082 -6545 -3304 -4740 0 3726 -7007 0 0 4464 0 0 -3234 0 0 0 6423 0 0 -2772 -5103 -6381 0 0 0 0 -231 0 0 0 0 0 -56 -3348 0 0 0 -112 0 0 0 -4560 -1806 0 0 
0 1250 0 2093 9603 -8027 0 0 -2254 50 -108 0 502 -356 0 -72 0 66 -91 0 -2632 -881 -1102 0 0 -32 0 0 0 -644 159 0 0 -1703 166 -1444 0 2464 8526 0 -216 0 0 0 0 0 -5236 201 -2448 0 98 0 0 0 78 -2682 0 0 491 1900 0 -4537 0 
0 0 0 0 0 0 0 0 0 34 0 187 0 0 0 0 0 0 0 0 0 0 0 629 0 0 0 0 0 0 -2726 0 0 0 0 0 0 0 0 0 119 0 0 0 0 0 0 -102 0 0 -374 0 0 0 0 0 0 0 0 0 -4418 0 0 
0 0 0 0 0 0 0 0 0 0 2304 0 3021 0 0 0 0 -1701 0 2223 0 0 0 -1632 0 0 1176 0 -1368 4503 0 0 1368 0 0 0 0 0 0 0 0 0 0 0 -5244 0 4902 0 0 0 0 0 0 0 0 0 0 2832 -2016 0 0 0 0 
0 -1568 0 1596 0 0 -1344 0 0 8272 0 -432 0 0 2268 0 0 0 0 0 -56 0 -2962 0 0 0 0 308 0 0 582 0 0 -9215 0 -5328 0 -2376 0 0 0 0 0 -3344 0 0 -1620 0 0 0 -3312 0 0 0 -980 0 0 0 0 0 0 -784 0 
0 0 0 -1120 0 0 6472 0 0 1672 0 -264 795 0 0 0 0 -195 0 585 2520 7568 -9910 0 0 6952 0 0 0 1185 367 0 -1065 -7885 -2240 -6588 3920 0 0 0 0 0 -4648 0 -1380 0 1290 -4816 0 0 -510 0 0 0 0 0 2816 0 0 0 0 0 0 
0 0 -5394 -1260 5908 6920 0 0 1960 1198 -3000 1089 -3474 -960 0 -1440 0 -546 -1820 1638 0 0 5518 3663 0 -640 0 -4800 0 3318 900 0 0 0 0 0 0 0 0 3300 693 2666 0 0 -3864 0 3612 846 0 0 -2178 3600 0 -5208 2986 0 0 0 0 0 0 0 0 
0 0 0 0 -3686 3458 0 0 0 0 0 0 0 0 0 0 0 0 0 0 1520 0 0 0 0 0 0 0 0 0 2890 0 2414 0 0 0 0 0 -3306 0 0 0 0 0 0 0 0 0 0 0 1118 0 0 0 0 -76 0 0 0 0 0 0 0 
0 -13400 0 0 0 0 0 0 0 0 0 0 0 0 0 0 0 -5700 0 0 0 -6952 0 0 0 0 0 0 0 8900 0 0 800 0 0 0 0 0 0 0 -4800 0 0 0 0 0 -5900 0 0 0 0 0 0 0 0 -5600 0 0 0 -6688 0 0 0 
0 2678 0 3248 6499 2412 -3132 -2548 -1582 3350 -3294 0 -1159 -4283 0 -4824 0 2013 -6097 -3060 1870 1501 0 0 -3276 -2144 0 0 0 -2231 3015 0 0 7479 6539 0 0 8536 -108 0 0 0 0 0 -108 0 2184 8484 0 0 0 1092 0 0 5226 -15107 -1300 0 -388 1444 0 0 0 
0 -1850 -5046 0 3712 -1929 0 0 0 -8930 0 2482 -6100 0 0 0 1972 -816 0 0 -2448 -1117 6556 0 3264 2465 0 0 0 0 0 0 0 272 0 0 0 0 0 0 1080 114 2380 3610 0 0 3311 -45 1548 0 7315 0 0 -4872 1334 0 0 0 -3015 -2812 0 8820 0 
0 0 0 0 -3136 0 832 0 0 3666 0 0 0 0 0 0 0 0 0 0 0 0 0 0 0 -4705 0 0 0 0 0 0 0 0 0 0 0 0 0 0 0 1484 1280 -1482 0 0 0 0 0 0 -3003 0 0 0 0 0 -2208 0 0 0 0 -3392 0 
-1600 0 0 0 0 0 0 0 0 264 0 1452 0 0 0 0 0 0 0 0 0 0 0 4884 0 0 -925 0 0 0 0 0 0 0 -325 0 0 0 0 0 924 0 0 0 0 0 0 -792 0 0 -5304 0 0 0 0 0 0 1800 0 0 0 0 0 
0 -1487 0 0 2201 0 0 0 0 -30 0 -165 0 0 0 -2145 -37 0 0 0 2866 0 -2784 -555 0 -2349 0 0 0 1536 -4649 -650 0 0 -1001 0 793 -1434 0 0 -105 2268 0 -864 -26 896 0 90 0 0 -2700 -520 0 0 0 -1664 0 -1891 0 0 -1419 -5184 0 
0 -4872 0 4959 0 0 -4176 3040 13965 0 -12048 0 -1064 0 -9025 0 0 5608 0 0 -174 0 0 6392 0 0 -4606 957 5358 0 0 0 -5358 2856 4648 6351 0 0 0 0 0 0 0 0 2660 95 -2850 3360 0 6935 2262 0 0 0 -3045 -5320 0 -11092 7896 0 0 -2436 0 
0 0 0 0 -9312 11721 6474 0 0 1577 -3599 -2147 2600 0 0 0 -1508 624 3953 0 5712 7138 -1066 4779 -2496 6557 0 0 0 0 1079 0 0 -208 4189 0 0 0 -8352 -4248 0 0 -1820 0 0 0 0 0 0 0 -96 0 0 0 0 -192 2656 0 0 0 0 0 0 
0 -4704 3072 0 2769 -10816 -342 0 0 -878 4798 -231 396 0 0 -6240 0 -1188 -6432 1728 2379 -3192 0 -8553 0 -7416 0 2208 0 -1102 -5462 0 0 -1836 -9804 0 0 -5400 0 6912 621 0 0 0 0 96 -5852 -2066 -2736 -1724 72 0 1178 0 0 3420 0 -2379 -2144 3008 3298 -4524 0 
0 0 -6528 0 7029 -5633 -6942 224 0 207 -122 879 -11580 0 -156 0 0 1092 134 -6948 6021 -7654 0 162 0 1945 0 -5329 588 -6202 -7889 0 0 693 142 0 0 2376 0 -144 2472 0 0 0 7728 -204 -4780 -61 0 4148 -1403 0 0 0 -1872 0 -2848 -6039 -4759 -6392 0 793 0 
0 -3430 0 -5607 8633 3204 0 -5235 8722 -1094 6732 3444 -874 -4272 0 -10958 0 -2322 -8099 0 0 0 0 -5100 0 -2848 4704 1092 -1356 0 3545 0 5472 10662 3818 0 0 -4620 -84 0 3108 0 0 0 0 -2016 4158 9168 0 0 708 2079 0 -6216 6942 -4370 -2475 11328 -6912 0 4980 0 0 
0 4150 0 0 0 0 0 0 0 0 0 480 0 0 -2520 0 0 0 0 0 0 6557 -2960 0 0 0 0 0 0 0 0 0 0 0 0 0 0 2640 0 0 0 0 0 0 0 0 1800 0 0 0 -3040 0 0 0 0 0 0 0 0 6308 0 0 0 
0 0 0 0 0 0 693 0 0 1694 6083 0 0 0 0 0 0 0 0 0 0 0 0 0 0 6468 0 0 0 2233 0 0 0 0 0 0 0 0 0 0 0 0 0 0 0 0 0 0 0 -462 0 0 -2387 0 0 0 0 0 0 0 0 0 0 
0 -6110 0 0 0 0 0 0 0 -20 0 -110 53 0 0 0 0 -3775 0 39 -1275 0 0 -370 0 0 0 0 0 5953 0 850 528 0 1309 0 -1037 0 0 0 -3238 0 0 0 -92 0 -3808 60 0 0 220 680 0 0 0 -3696 0 0 0 0 0 0 0 
0 -3150 0 0 0 0 -13338 0 0 -3249 0 513 4028 0 0 0 0 -988 0 2964 0 -19683 0 0 0 -13509 0 0 0 6004 3047 0 4402 0 0 0 0 0 0 0 0 0 0 0 -6992 0 6536 0 0 0 2108 0 0 0 0 0 -5472 0 0 -4788 0 0 0 
0 4550 3921 -847 -3904 0 0 0 924 0 -960 0 1554 121 0 0 0 400 0 0 -506 7189 -5429 680 0 0 -490 1470 570 253 0 0 -570 1428 0 0 0 -968 0 0 0 -2623 0 0 1386 0 0 0 0 0 0 0 0 5124 -1403 1056 0 -1180 884 6916 420 0 0 
0 -4816 0 5102 2522 -2366 -4058 2240 0 0 -6816 0 0 0 0 0 0 2840 0 0 -1662 0 910 4828 0 0 -3479 -5424 9927 0 0 0 -4047 0 400 6328 -700 0 2262 0 4410 0 830 0 0 0 0 860 0 0 -1868 0 0 0 -3010 52 0 -8378 -756 0 0 -2408 0 
0 -2790 -2112 0 0 0 0 0 0 0 0 0 -1122 0 0 0 0 -1767 0 -1188 0 0 0 0 0 2904 0 -1518 0 2759 0 0 248 0 0 0 0 0 0 0 -1488 0 0 0 0 -66 -1829 0 0 1342 0 0 0 0 0 -1736 0 0 0 -2068 0 0 0 
0 7290 -5088 0 0 5456 0 0 0 0 -2640 0 -7719 0 0 0 0 4617 0 -2862 0 0 -5394 0 0 6996 0 -7881 0 -4233 -1360 0 -1784 0 0 0 0 0 0 2904 3888 0 0 -1674 0 1577 4779 0 0 3233 -5814 3168 0 0 0 1312 0 0 0 -4982 0 0 0 
-6016 2401 0 0 0 0 0 -736 0 0 1674 0 589 0 0 3185 0 -1023 0 0 0 0 0 0 0 0 -3478 2093 -1932 0 3773 0 0 -1581 -3795 0 0 3234 0 0 -1449 0 0 0 0 0 0 -1860 0 0 -7667 0 0 0 0 2945 0 6768 2208 0 2107 0 0 
0 -1216 0 1482 0 0 -1683 4900 0 -4422 0 3707 0 0 -5040 0 777 0 0 -425 -412 0 -5920 1139 -455 0 0 286 4087 0 0 0 0 -8400 205 1898 0 5280 -82 0 3082 0 0 0 531 -1608 -600 0 0 0 -5404 -2100 0 -4958 -910 0 2500 0 0 0 0 -728 0 
0 0 -2346 0 0 0 0 0 0 0 0 0 -2446 0 0 0 0 0 0 -1728 0 0 0 0 0 4224 0 -2978 0 0 0 0 0 -748 0 0 0 0 0 0 0 0 0 0 -726 -96 0 0 0 1952 0 0 0 0 0 0 0 0 0 -3008 -220 0 0 
0 56 0 -617 -5820 5460 -148 896 0 0 0 0 0 0 3626 0 0 0 0 0 3662 0 -2548 0 0 0 0 -2559 2352 0 0 0 0 0 -1120 -213 1960 0 -5220 0 1764 0 -2324 0 0 0 0 -2408 0 0 -1738 3071 0 0 35 -120 0 0 -2688 -740 0 28 0 
0 -1484 0 6837 -2716 -1008 -4272 0 -2744 -1436 0 -198 -2279 1344 0 2016 -7524 559 2548 -1677 -178 5530 0 -666 0 896 0 979 -5742 -3397 -9399 0 -2814 0 0 6497 0 0 0 0 -126 0 0 0 3956 0 -3698 -1908 0 0 1078 0 0 1584 -5299 0 0 0 0 5320 0 -2492 0 
-2240 -1862 0 0 0 0 0 -2688 0 0 0 0 0 0 2058 -2470 0 0 0 0 0 0 0 0 0 0 -1295 7644 -7056 0 -2926 0 0 0 -455 0 0 -2508 0 0 -5292 0 0 0 0 0 0 0 0 0 1596 1743 0 0 0 0 0 2520 8064 -420 -1634 0 0 
0 -950 -5133 0 -3693 7007 0 0 0 8 0 -1452 0 0 0 0 0 0 0 0 3124 -1501 5251 148 0 -1479 0 0 0 -44 0 0 0 -1694 0 0 0 0 -6699 0 -1358 3965 0 0 0 0 0 -24 0 0 -165 0 0 -4956 1357 -154 0 0 0 -1444 0 -3264 0 
0 0 5250 2012 582 -546 0 0 2496 0 0 0 1275 484 0 0 -6375 0 0 525 -2264 -2550 0 0 0 0 0 -4875 0 1237 0 0 0 0 0 0 5100 -3872 1197 0 0 0 0 0 0 0 0 0 0 0 6 -825 0 0 0 4236 0 0 176 7275 0 0 0 
0 0 0 0 0 -6141 0 0 0 0 0 -6497 8900 0 0 0 -5162 2136 0 0 6408 0 -3649 0 -8544 0 0 0 0 0 0 0 0 -712 0 0 0 0 0 0 0 0 -6230 0 0 0 0 0 0 0 0 0 0 0 0 0 0 0 0 0 0 0 0 
0 0 1680 2748 0 0 357 0 -384 0 0 0 408 0 0 0 -7968 0 0 168 -2295 -816 4641 0 0 0 0 -1560 -4524 72 -3198 0 468 0 2040 255 -1938 0 216 0 0 0 4233 0 0 0 0 4386 0 0 0 -264 0 1248 0 0 0 0 0 2328 0 0 0 
0 4445 0 -2280 0 0 1920 0 0 0 0 0 0 0 0 2925 0 0 0 0 80 0 0 0 0 0 0 -440 0 0 3465 0 0 0 0 -2920 0 2970 0 0 0 0 0 0 0 0 0 0 0 0 -1040 0 0 0 1400 0 0 0 0 0 1935 1120 0 
0 0 0 -600 0 2001 1584 0 0 437 0 2048 -2900 0 9016 0 1682 -696 0 0 -738 1978 -1541 0 2784 1817 0 0 0 0 299 0 0 232 -1200 -150 2100 0 0 0 0 0 -460 0 0 0 0 -2580 0 0 0 7636 0 0 0 0 736 0 0 -1840 0 0 0 
0 -4950 0 0 0 -5994 0 2656 12201 0 4514 -732 0 0 -4042 0 0 -3135 -4958 0 0 0 4514 -5994 0 -1160 0 0 0 4895 0 0 440 0 -5254 0 0 -4026 0 5328 -2640 1120 0 0 2324 83 -8480 0 0 6059 4636 0 0 0 0 -3080 0 0 0 0 0 -2560 0 
0 0 -480 0 5893 0 0 0 0 14 4428 77 1303 0 0 0 0 -2706 0 -270 5063 0 0 259 0 660 0 -345 0 0 -9240 0 0 -4182 -6806 0 0 1992 0 0 49 0 0 0 0 -15 0 -4962 0 305 -984 0 0 0 0 7790 0 -5063 0 -470 -5828 0 0 
0 0 0 -1020 0 0 -357 0 0 0 0 0 0 0 0 0 0 0 0 0 2295 0 -4641 0 0 0 0 0 0 0 0 0 0 0 -2040 -255 3570 0 0 0 0 0 -4233 0 0 0 0 -4386 0 0 0 0 0 0 0 0 0 0 0 0 0 0 0 
0 0 660 0 -9700 9100 0 0 0 396 0 -246 -740 0 0 0 0 0 0 0 4000 0 0 -102 0 0 0 -700 -366 0 0 0 0 -680 0 0 0 0 -8694 0 -276 0 0 0 -660 144 0 0 0 0 -100 0 0 444 0 -200 0 0 0 0 -200 0 0 
0 0 0 0 0 0 0 0 0 -6059 0 0 0 0 498 0 0 0 0 0 0 0 2088 0 0 0 0 0 0 -1328 -216 0 0 3420 0 2736 0 0 0 0 0 0 0 0 0 0 -7802 0 0 0 0 0 0 0 5976 0 0 0 0 0 0 0 0 
0 0 0 0 5467 0 0 0 0 0 0 0 0 0 0 0 0 0 0 0 4697 0 6090 0 0 0 0 0 0 -3360 -5236 0 0 0 0 0 0 1848 0 0 0 0 0 1890 0 -1960 0 0 0 0 5180 0 0 0 0 3640 0 -4697 0 0 0 0 0 
0 -3240 0 0 0 648 0 1632 7497 0 -488 0 0 0 -4845 0 0 0 536 0 -1050 -3302 0 648 0 0 0 0 0 0 0 700 0 0 1646 0 -854 0 0 -576 0 0 0 0 1428 51 1396 0 1368 3723 0 560 0 0 0 0 0 0 0 -4712 0 2470 0 
0 0 0 0 2522 -2366 0 0 0 4700 -324 0 2960 0 0 0 0 -556 0 2262 -1040 0 -5162 0 0 0 0 0 0 4582 534 0 0 -8149 498 -6764 0 0 2262 0 0 0 0 -1900 -5336 0 4988 360 0 0 -3824 0 0 0 0 -518 0 0 0 0 0 0 0 
4032 0 0 0 0 0 0 0 0 0 0 0 0 0 0 0 -1628 0 0 0 0 0 0 0 0 0 2331 0 0 0 0 0 0 0 819 0 0 0 0 0 0 0 0 0 -1144 0 0 0 0 0 6048 0 0 0 0 0 0 -4536 0 0 0 0 0 
0 -220 -2170 -2232 0 -620 -7566 -6448 -11117 -1843 300 291 43 0 7505 0 5817 0 0 -217 -1650 -5986 0 0 0 -7663 0 2495 0 -93 -1261 1100 0 6720 1694 0 -3450 0 -279 -330 0 0 0 0 24 -79 8117 0 1116 -5767 0 2541 0 0 0 0 -5104 0 0 -3007 0 2015 0 
0 0 0 0 0 0 0 0 0 0 0 0 -1961 0 0 0 0 481 0 -1443 0 0 0 0 0 0 0 0 0 -2923 0 0 0 0 0 0 0 0 0 0 0 0 0 0 3404 0 -3182 0 0 0 0 0 0 0 0 0 0 0 0 0 0 0 0 
0 0 0 6111 -6371 -9840 -806 1792 4753 -1552 0 -7565 9200 4656 -9215 6984 -5336 2208 8827 0 6624 0 -3772 2827 -8832 4230 0 3731 -6311 0 -4365 0 0 -736 0 0 0 0 47 0 -4059 1876 -7680 0 2716 1225 -2910 -7572 0 7081 263 0 0 3478 -7566 0 2139 0 3936 0 0 -4288 0 
0 0 0 0 0 0 0 3008 0 0 0 0 0 0 0 0 0 0 0 0 0 0 5742 0 0 0 0 -8554 7896 0 -594 0 0 9405 0 7524 0 0 0 0 5922 0 0 0 0 0 0 0 0 0 -5546 0 0 0 0 0 0 0 -9024 0 0 0 0 
0 0 0 0 0 0 0 0 0 -2628 0 0 0 0 216 0 0 0 0 0 0 0 0 0 0 0 0 0 0 -576 -5162 0 0 0 0 0 0 0 0 0 0 0 0 0 0 0 -3384 0 0 0 0 0 0 0 2592 0 0 0 0 0 -8366 0 0 
0 0 -1782 0 -426 0 0 -192 -11319 0 0 0 1468 0 7315 0 0 130 0 -390 -366 0 0 0 0 0 0 -4571 5964 -790 408 0 0 1836 0 0 0 -144 0 0 4473 0 0 0 546 -77 1450 0 0 -5621 -4129 0 0 0 0 0 0 366 -6816 0 540 0 0 
0 1650 0 0 0 62 -54 0 0 -132 -504 0 3600 0 0 0 0 -897 0 2691 0 2607 6960 0 0 -504 0 -48 0 1437 0 0 0 0 0 0 0 0 0 33 0 0 0 2160 -6348 -2240 5934 0 0 36 6800 36 186 0 0 4160 0 0 0 2508 0 0 0 
0 2417 5698 4608 -896 0 -7134 0 -1024 0 0 0 1088 0 3234 -2015 -5440 0 0 -6522 -5904 -2176 -1246 0 -7462 0 0 -4160 0 192 -2387 0 0 0 3362 0 4352 -2046 330 0 0 -602 0 0 -246 0 0 0 0 0 0 2035 0 1176 -322 0 0 0 0 5548 -1333 0 0 
4992 -310 0 0 0 0 0 0 0 -7990 0 0 0 0 0 0 0 0 0 0 -2325 0 2204 0 0 0 2886 0 0 0 -228 1550 0 3610 3401 2888 -1891 0 0 0 0 0 0 3230 0 0 0 0 0 0 14033 1240 0 0 0 0 0 -5616 0 0 0 0 0 
0 -2128 0 2166 0 0 -1824 0 0 0 0 5712 0 0 0 0 0 0 0 0 -244 0 0 0 0 0 0 418 0 168 0 0 0 6468 0 2774 0 0 0 0 5292 0 0 0 0 0 0 0 0 0 988 0 0 0 -1330 0 0 0 0 0 0 -1064 0 
0 0 0 -5698 0 7383 0 0 6216 0 0 7811 -10700 814 0 0 6206 -2568 0 0 -11108 0 4387 0 10272 0 0 0 0 1702 0 0 0 856 0 0 0 -6512 0 0 0 0 7490 0 0 0 0 0 0 0 0 0 0 0 0 7104 0 0 296 0 0 0 0 
-256 0 0 3003 -3234 0 858 0 -3276 0 0 0 0 -429 0 0 0 0 0 0 1794 0 0 0 0 -3267 -148 0 0 -897 0 0 0 0 -52 0 0 3432 0 0 0 0 1320 0 0 0 0 0 0 0 -384 0 0 0 0 -3744 -2277 288 -156 0 0 0 0 
0 2970 3290 3384 -3408 -6014 0 0 -752 0 2910 -2788 6328 0 0 0 -3995 1881 0 329 -2846 -1598 0 0 0 0 0 1601 0 -2878 3264 0 -264 -3157 0 0 3196 -1152 423 -3201 -999 0 0 0 0 0 1947 0 0 0 480 -4009 0 0 0 1848 0 2928 0 4559 0 0 0 
0 0 0 539 0 0 0 -4557 -588 138 0 6131 0 -77 0 0 0 0 0 0 164 0 0 2553 0 0 0 0 0 -3 7310 0 6106 13895 0 0 0 616 0 0 5460 0 0 0 0 0 3906 -414 0 0 1406 1953 0 0 0 -672 -2325 0 -28 0 0 0 0 
0 0 0 0 -5041 2470 0 -1911 0 0 6432 0 1560 0 0 0 -6992 -2680 0 0 -4331 0 2958 -4556 0 0 3283 0 -9155 0 -5455 0 -812 8121 0 3876 0 -1704 0 0 -624 0 0 0 0 0 1638 26 0 0 -1772 819 0 1472 0 0 -975 12237 -3886 0 0 -338 0 
0 0 5088 0 4947 -4641 0 480 0 0 0 0 2703 0 0 0 0 0 0 2862 -2040 0 0 0 0 -7808 0 2292 1260 0 0 0 0 0 0 0 0 0 4437 0 945 784 0 0 0 159 0 0 0 -3233 -834 0 0 0 0 102 0 0 -1440 4982 0 -1792 0 
0 0 0 0 0 -4209 0 0 0 -594 0 -4084 6100 0 0 0 -3538 1464 0 0 4392 0 -2501 153 -5856 0 0 0 549 0 0 0 0 -488 0 0 0 0 -9 0 414 0 -4270 0 0 -216 0 0 0 0 0 0 0 -666 0 0 0 0 0 0 0 0 0 
67 63 1389
1 6 6745
1 12 -6228
1 13 4260
1 15 4851
1 21 156
1 23 -102
1 30 -156
1 31 484
1 34 -15506
1 36 -7600
1 38 -5082
1 41 -6618
1 47 -3465
1 48 71
1 51 5852
1 59 4757
1 61 -188
1 62 -923
2 1 3200
2 2 -2352
2 3 7296
2 7 4263
2 13 3876
2 20 8269
2 21 3528
2 25 4459
2 26 -8843
2 27 1850
2 28 5244
2 35 -1359
2 39 147
2 42 -1148
2 45 147
2 46 228
2 50 -4636
2 51 4800
2 58 -3600
2 60 7144
2 62 2624
3 2 -1362
3 5 -5432
3 6 3056
3 7 -6699
3 11 -16
3 13 5301
3 16 -2730
3 19 3082
3 20 -6545
3 21 -3304
3 22 -4740
3 24 3726
3 25 -7007
3 28 4464
3 31 -3234
3 35 6423
3 38 -2772
3 39 -5103
3 40 -6381
3 45 -231
3 51 -56
3 52 -3348
3 56 -112
3 60 -4560
3 61 -1806
4 2 1250
4 4 2093
4 5 9603
4 6 -8027
4 9 -2254
4 10 50
4 11 -108
4 13 502
4 14 -356
4 16 -72
4 18 66
4 19 -91
4 21 -2632
4 22 -881
4 23 -1102
4 26 -32
4 30 -644
4 31 159
4 34 -1703
4 35 166
4 36 -1444
4 38 2464
4 39 8526
4 41 -216
4 47 -5236
4 48 201
4 49 -2448
4 51 98
4 55 78
4 56 -2682
4 59 491
4 60 1900
4 62 -4537
5 10 34
5 12 187
5 24 629
5 31 -2726
5 41 119
5 48 -102
5 51 -374
5 61 -4418
6 11 2304
6 13 3021
6 18 -1701
6 20 2223
6 24 -1632
6 27 1176
6 29 -1368
6 30 4503
6 33 1368
6 45 -5244
6 47 4902
6 58 2832
6 59 -2016
7 2 -1568
7 4 1596
7 7 -1344
7 10 8272
7 12 -432
7 15 2268
7 21 -56
7 23 -2962
7 28 308
7 31 582
7 34 -9215
7 36 -5328
7 38 -2376
7 44 -3344
7 47 -1620
7 51 -3312
7 55 -980
7 62 -784
8 4 -1120
8 7 6472
8 10 1672
8 12 -264
8 13 795
8 18 -195
8 20 585
8 21 2520
8 22 7568
8 23 -9910
8 26 6952
8 30 1185
8 31 367
8 33 -1065
8 34 -7885
8 35 -2240
8 36 -6588
8 37 3920
8 43 -4648
8 45 -1380
8 47 1290
8 48 -4816
8 51 -510
8 57 2816
9 3 -5394
9 4 -1260
9 5 5908
9 6 6920
9 9 1960
9 10 1198
9 11 -3000
9 12 1089
9 13 -3474
9 14 -960
9 16 -1440
9 18 -546
9 19 -1820
9 20 1638
9 23 5518
9 24 3663
9 26 -640
9 28 -4800
9 30 3318
9 31 900
9 40 3300
9 41 693
9 42 2666
9 45 -3864
9 47 3612
9 48 846
9 51 -2178
9 52 3600
9 54 -5208
9 55 2986
10 5 -3686
10 6 3458
10 21 1520
10 31 2890
10 33 2414
10 39 -3306
10 51 1118
10 56 -76
11 2 -13400
11 18 -5700
11 22 -6952
11 30 8900
11 33 800
11 41 -4800
11 47 -5900
11 56 -5600
11 60 -6688
12 2 2678
12 4 3248
12 5 6499
12 6 2412
12 7 -3132
12 8 -2548
12 9 -1582
12 10 3350
12 11 -3294
12 13 -1159
12 14 -4283
12 16 -4824
12 18 2013
12 19 -6097
12 20 -3060
12 21 1870
12 22 1501
12 25 -3276
12 26 -2144
12 30 -2231
12 31 3015
12 34 7479
12 35 6539
12 38 8536
12 39 -108
12 45 -108
12 47 2184
12 48 8484
12 52 1092
12 55 5226
12 56 -15107
12 57 -1300
12 59 -388
12 60 1444
13 2 -1850
13 3 -5046
13 5 3712
13 6 -1929
13 10 -8930
13 12 2482
13 13 -6100
13 17 1972
13 18 -816
13 21 -2448
13 22 -1117
13 23 6556
13 25 3264
13 26 2465
13 34 272
13 41 1080
13 42 114
13 43 2380
13 44 3610
13 47 3311
13 48 -45
13 49 1548
13 51 7315
13 54 -4872
13 55 1334
13 59 -3015
13 60 -2812
13 62 8820
14 5 -3136
14 7 832
14 10 3666
14 26 -4705
14 42 1484
14 43 1280
14 44 -1482
14 51 -3003
14 57 -2208
14 62 -3392
15 1 -1600
15 10 264
15 12 1452
15 24 4884
15 27 -925
15 35 -325
15 41 924
15 48 -792
15 51 -5304
15 58 1800
16 2 -1487
16 5 2201
16 10 -30
16 12 -165
16 16 -2145
16 17 -37
16 21 2866
16 23 -2784
16 24 -555
16 26 -2349
16 30 1536
16 31 -4649
16 32 -650
16 35 -1001
16 37 793
16 38 -1434
16 41 -105
16 42 2268
16 44 -864
16 45 -26
16 46 896
16 48 90
16 51 -2700
16 52 -520
16 56 -1664
16 58 -1891
16 61 -1419
16 62 -5184
17 2 -4872
17 4 4959
17 7 -4176
17 8 3040
17 9 13965
17 11 -12048
17 13 -1064
17 15 -9025
17 18 5608
17 21 -174
17 24 6392
17 27 -4606
17 28 957
17 29 5358
17 33 -5358
17 34 2856
17 35 4648
17 36 6351
17 45 2660
17 46 95
17 47 -2850
17 48 3360
17 50 6935
17 51 2262
17 55 -3045
17 56 -5320
17 58 -11092
17 59 7896
17 62 -2436
18 5 -9312
18 6 11721
18 7 6474
18 10 1577
18 11 -3599
18 12 -2147
18 13 2600
18 17 -1508
18 18 624
18 19 3953
18 21 5712
18 22 7138
18 23 -1066
18 24 4779
18 25 -2496
18 26 6557
18 31 1079
18 34 -208
18 35 4189
18 39 -8352
18 40 -4248
18 43 -1820
18 51 -96
18 56 -192
18 57 2656
19 2 -4704
19 3 3072
19 5 2769
19 6 -10816
19 7 -342
19 10 -878
19 11 4798
19 12 -231
19 13 396
19 16 -6240
19 18 -1188
19 19 -6432
19 20 1728
19 21 2379
19 22 -3192
19 24 -8553
19 26 -7416
19 28 2208
19 30 -1102
19 31 -5462
19 34 -1836
19 35 -9804
19 38 -5400
19 40 6912
19 41 621
19 46 96
19 47 -5852
19 48 -2066
19 49 -2736
19 50 -1724
19 51 72
19 53 1178
19 56 3420
19 58 -2379
19 59 -2144
19 60 3008
19 61 3298
19 62 -4524
20 3 -6528
20 5 7029
20 6 -5633
20 7 -6942
20 8 224
20 10 207
20 11 -122
20 12 879
20 13 -11580
20 15 -156
20 18 1092
20 19 134
20 20 -6948
20 21 6021
20 22 -7654
20 24 162
20 26 1945
20 28 -5329
20 29 588
20 30 -6202
20 31 -7889
20 34 693
20 35 142
20 38 2376
20 40 -144
20 41 2472
20 45 7728
20 46 -204
20 47 -4780
20 48 -61
20 50 4148
20 51 -1403
20 55 -1872
20 57 -2848
20 58 -6039
20 59 -4759
20 60 -6392
20 62 793
21 2 -3430
21 4 -5607
21 5 8633
21 6 3204
21 8 -5235
21 9 8722
21 10 -1094
21 11 6732
21 12 3444
21 13 -874
21 14 -4272
21 16 -10958
21 18 -2322
21 19 -8099
21 24 -5100
21 26 -2848
21 27 4704
21 28 1092
21 29 -1356
21 31 3545
21 33 5472
21 34 10662
21 35 3818
21 38 -4620
21 39 -84
21 41 3108
21 46 -2016
21 47 4158
21 48 9168
21 51 708
21 52 2079
21 54 -6216
21 55 6942
21 56 -4370
21 57 -2475
21 58 11328
21 59 -6912
21 61 4980
22 2 4150
22 12 480
22 15 -2520
22 22 6557
22 23 -2960
22 38 2640
22 47 1800
22 51 -3040
22 60 6308
23 7 693
23 10 1694
23 11 6083
23 26 6468
23 30 2233
23 50 -462
23 53 -2387
24 2 -6110
24 10 -20
24 12 -110
24 13 53
24 18 -3775
24 20 39
24 21 -1275
24 24 -370
24 30 5953
24 32 850
24 33 528
24 35 1309
24 37 -1037
24 41 -3238
24 45 -92
24 47 -3808
24 48 60
24 51 220
24 52 680
24 56 -3696
25 2 -3150
25 7 -13338
25 10 -3249
25 12 513
25 13 4028
25 18 -988
25 20 2964
25 22 -19683
25 26 -13509
25 30 6004
25 31 3047
25 33 4402
25 45 -6992
25 47 6536
25 51 2108
25 57 -5472
25 60 -4788
26 2 4550
26 3 3921
26 4 -847
26 5 -3904
26 9 924
26 11 -960
26 13 1554
26 14 121
26 18 400
26 21 -506
26 22 7189
26 23 -5429
26 24 680
26 27 -490
26 28 1470
26 29 570
26 30 253
26 33 -570
26 34 1428
26 38 -968
26 42 -2623
26 45 1386
26 54 5124
26 55 -1403
26 56 1056
26 58 -1180
26 59 884
26 60 6916
26 61 420
27 2 -4816
27 4 5102
27 5 2522
27 6 -2366
27 7 -4058
27 8 2240
27 11 -6816
27 18 2840
27 21 -1662
27 23 910
27 24 4828
27 27 -3479
27 28 -5424
27 29 9927
27 33 -4047
27 35 400
27 36 6328
27 37 -700
27 39 2262
27 41 4410
27 43 830
27 48 860
27 51 -1868
27 55 -3010
27 56 52
27 58 -8378
27 59 -756
27 62 -2408
28 2 -2790
28 3 -2112
28 13 -1122
28 18 -1767
28 20 -1188
28 26 2904
28 28 -1518
28 30 2759
28 33 248
28 41 -1488
28 46 -66
28 47 -1829
28 50 1342
28 56 -1736
28 60 -2068
29 2 7290
29 3 -5088
29 6 5456
29 11 -2640
29 13 -7719
29 18 4617
29 20 -2862
29 23 -5394
29 26 6996
29 28 -7881
29 30 -4233
29 31 -1360
29 33 -1784
29 40 2904
29 41 3888
29 44 -1674
29 46 1577
29 47 4779
29 50 3233
29 51 -5814
29 52 3168
29 56 1312
29 60 -4982
30 1 -6016
30 2 2401
30 8 -736
30 11 1674
30 13 589
30 16 3185
30 18 -1023
30 27 -3478
30 28 2093
30 29 -1932
30 31 3773
30 34 -1581
30 35 -3795
30 38 3234
30 41 -1449
30 48 -1860
30 51 -7667
30 56 2945
30 58 6768
30 59 2208
30 61 2107
31 2 -1216
31 4 1482
31 7 -1683
31 8 4900
31 10 -4422
31 12 3707
31 15 -5040
31 17 777
31 20 -425
31 21 -412
31 23 -5920
31 24 1139
31 25 -455
31 28 286
31 29 4087
31 34 -8400
31 35 205
31 36 1898
31 38 5280
31 39 -82
31 41 3082
31 45 531
31 46 -1608
31 47 -600
31 51 -5404
31 52 -2100
31 54 -4958
31 55 -910
31 57 2500
31 62 -728
32 3 -2346
32 13 -2446
32 20 -1728
32 26 4224
32 28 -2978
32 34 -748
32 45 -726
32 46 -96
32 50 1952
32 60 -3008
32 61 -220
33 2 56
33 4 -617
33 5 -5820
33 6 5460
33 7 -148
33 8 896
33 15 3626
33 21 3662
33 23 -2548
33 28 -2559
33 29 2352
33 35 -1120
33 36 -213
33 37 1960
33 39 -5220
33 41 1764
33 43 -2324
33 48 -2408
33 51 -1738
33 52 3071
33 55 35
33 56 -120
33 59 -2688
33 60 -740
33 62 28
34 2 -1484
34 4 6837
34 5 -2716
34 6 -1008
34 7 -4272
34 9 -2744
34 10 -1436
34 12 -198
34 13 -2279
34 14 1344
34 16 2016
34 17 -7524
34 18 559
34 19 2548
34 20 -1677
34 21 -178
34 22 5530
34 24 -666
34 26 896
34 28 979
34 29 -5742
34 30 -3397
34 31 -9399
34 33 -2814
34 36 6497
34 41 -126
34 45 3956
34 47 -3698
34 48 -1908
34 51 1078
34 54 1584
34 55 -5299
34 60 5320
34 62 -2492
35 1 -2240
35 2 -1862
35 8 -2688
35 15 2058
35 16 -2470
35 27 -1295
35 28 7644
35 29 -7056
35 31 -2926
35 35 -455
35 38 -2508
35 41 -5292
35 51 1596
35 52 1743
35 58 2520
35 59 8064
35 60 -420
35 61 -1634
36 2 -950
36 3 -5133
36 5 -3693
36 6 7007
36 10 8
36 12 -1452
36 21 3124
36 22 -1501
36 23 5251
36 24 148
36 26 -1479
36 30 -44
36 34 -1694
36 39 -6699
36 41 -1358
36 42 3965
36 48 -24
36 51 -165
36 54 -4956
36 55 1357
36 56 -154
36 60 -1444
36 62 -3264
37 3 5250
37 4 2012
37 5 582
37 6 -546
37 9 2496
37 13 1275
37 14 484
37 17 -6375
37 20 525
37 21 -2264
37 22 -2550
37 28 -4875
37 30 1237
37 37 5100
37 38 -3872
37 39 1197
37 51 6
37 52 -825
37 56 4236
37 59 176
37 60 7275
38 6 -6141
38 12 -6497
38 13 8900
38 17 -5162
38 18 2136
38 21 6408
38 23 -3649
38 25 -8544
38 34 -712
38 43 -6230
39 3 1680
39 4 2748
39 7 357
39 9 -384
39 13 408
39 17 -7968
39 20 168
39 21 -2295
39 22 -816
39 23 4641
39 28 -1560
39 29 -4524
39 30 72
39 31 -3198
39 33 468
39 35 2040
39 36 255
39 37 -1938
39 39 216
39 43 4233
39 48 4386
39 52 -264
39 54 1248
39 60 2328
40 2 4445
40 4 -2280
40 7 1920
40 16 2925
40 21 80
40 28 -440
40 31 3465
40 36 -2920
40 38 2970
40 51 -1040
40 55 1400
40 61 1935
40 62 1120
41 4 -600
41 6 2001
41 7 1584
41 10 437
41 12 2048
41 13 -2900
41 15 9016
41 17 1682
41 18 -696
41 21 -738
41 22 1978
41 23 -1541
41 25 2784
41 26 1817
41 31 299
41 34 232
41 35 -1200
41 36 -150
41 37 2100
41 43 -460
41 48 -2580
41 52 7636
41 57 736
41 60 -1840
42 2 -4950
42 6 -5994
42 8 2656
42 9 12201
42 11 4514
42 12 -732
42 15 -4042
42 18 -3135
42 19 -4958
42 23 4514
42 24 -5994
42 26 -1160
42 30 4895
42 33 440
42 35 -5254
42 38 -4026
42 40 5328
42 41 -2640
42 42 1120
42 45 2324
42 46 83
42 47 -8480
42 50 6059
42 51 4636
42 56 -3080
42 62 -2560
43 3 -480
43 5 5893
43 10 14
43 11 4428
43 12 77
43 13 1303
43 18 -2706
43 20 -270
43 21 5063
43 24 259
43 26 660
43 28 -345
43 31 -9240
43 34 -4182
43 35 -6806
43 38 1992
43 41 49
43 46 -15
43 48 -4962
43 50 305
43 51 -984
43 56 7790
43 58 -5063
43 60 -470
43 61 -5828
44 4 -1020
44 7 -357
44 21 2295
44 23 -4641
44 35 -2040
44 36 -255
44 37 3570
44 43 -4233
44 48 -4386
45 3 660
45 5 -9700
45 6 9100
45 10 396
45 12 -246
45 13 -740
45 21 4000
45 24 -102
45 28 -700
45 29 -366
45 34 -680
45 39 -8694
45 41 -276
45 45 -660
45 46 144
45 51 -100
45 54 444
45 56 -200
45 61 -200
46 10 -6059
46 15 498
46 23 2088
46 30 -1328
46 31 -216
46 34 3420
46 36 2736
46 47 -7802
46 55 5976
47 5 5467
47 21 4697
47 23 6090
47 30 -3360
47 31 -5236
47 38 1848
47 44 1890
47 46 -1960
47 51 5180
47 56 3640
47 58 -4697
48 2 -3240
48 6 648
48 8 1632
48 9 7497
48 11 -488
48 15 -4845
48 19 536
48 21 -1050
48 22 -3302
48 24 648
48 32 700
48 35 1646
48 37 -854
48 40 -576
48 45 1428
48 46 51
48 47 1396
48 49 1368
48 50 3723
48 52 560
48 60 -4712
48 62 2470
49 5 2522
49 6 -2366
49 10 4700
49 11 -324
49 13 2960
49 18 -556
49 20 2262
49 21 -1040
49 23 -5162
49 30 4582
49 31 534
49 34 -8149
49 35 498
49 36 -6764
49 39 2262
49 44 -1900
49 45 -5336
49 47 4988
49 48 360
49 51 -3824
49 56 -518
50 1 4032
50 17 -1628
50 27 2331
50 35 819
50 45 -1144
50 51 6048
50 58 -4536
51 2 -220
51 3 -2170
51 4 -2232
51 6 -620
51 7 -7566
51 8 -6448
51 9 -11117
51 10 -1843
51 11 300
51 12 291
51 13 43
51 15 7505
51 17 5817
51 20 -217
51 21 -1650
51 22 -5986
51 26 -7663
51 28 2495
51 30 -93
51 31 -1261
51 32 1100
51 34 6720
51 35 1694
51 37 -3450
51 39 -279
51 40 -330
51 45 24
51 46 -79
51 47 8117
51 49 1116
51 50 -5767
51 52 2541
51 57 -5104
51 60 -3007
51 62 2015
52 13 -1961
52 18 481
52 20 -1443
52 30 -2923
52 45 3404
52 47 -3182
53 4 6111
53 5 -6371
53 6 -9840
53 7 -806
53 8 1792
53 9 4753
53 10 -1552
53 12 -7565
53 13 9200
53 14 4656
53 15 -9215
53 16 6984
53 17 -5336
53 18 2208
53 19 8827
53 21 6624
53 23 -3772
53 24 2827
53 25 -8832
53 26 4230
53 28 3731
53 29 -6311
53 31 -4365
53 34 -736
53 39 47
53 41 -4059
53 42 1876
53 43 -7680
53 45 2716
53 46 1225
53 47 -2910
53 48 -7572
53 50 7081
53 51 263
53 54 3478
53 55 -7566
53 57 2139
53 59 3936
53 62 -4288
54 8 3008
54 23 5742
54 28 -8554
54 29 7896
54 31 -594
54 34 9405
54 36 7524
54 41 5922
54 51 -5546
54 59 -9024
55 10 -2628
55 15 216
55 30 -576
55 31 -5162
55 47 -3384
55 55 2592
55 61 -8366
56 3 -1782
56 5 -426
56 8 -192
56 9 -11319
56 13 1468
56 15 7315
56 18 130
56 20 -390
56 21 -366
56 28 -4571
56 29 5964
56 30 -790
56 31 408
56 34 1836
56 38 -144
56 41 4473
56 45 546
56 46 -77
56 47 1450
56 50 -5621
56 51 -4129
56 58 366
56 59 -6816
56 61 540
57 2 1650
57 6 62
57 7 -54
57 10 -132
57 11 -504
57 13 3600
57 18 -897
57 20 2691
57 22 2607
57 23 6960
57 26 -504
57 28 -48
57 30 1437
57 40 33
57 44 2160
57 45 -6348
57 46 -2240
57 47 5934
57 50 36
57 51 6800
57 52 36
57 53 186
57 56 4160
57 60 2508
58 2 2417
58 3 5698
58 4 4608
58 5 -896
58 7 -7134
58 9 -1024
58 13 1088
58 15 3234
58 16 -2015
58 17 -5440
58 20 -6522
58 21 -5904
58 22 -2176
58 23 -1246
58 25 -7462
58 28 -4160
58 30 192
58 31 -2387
58 35 3362
58 37 4352
58 38 -2046
58 39 330
58 42 -602
58 45 -246
58 52 2035
58 54 1176
58 55 -322
58 60 5548
58 61 -1333
59 1 4992
59 2 -310
59 10 -7990
59 21 -2325
59 23 2204
59 27 2886
59 31 -228
59 32 1550
59 34 3610
59 35 3401
59 36 2888
59 37 -1891
59 44 3230
59 51 14033
59 52 1240
59 58 -5616
60 2 -2128
60 4 2166
60 7 -1824
60 12 5712
60 21 -244
60 28 418
60 30 168
60 34 6468
60 36 2774
60 41 5292
60 51 988
60 55 -1330
60 62 -1064
61 4 -5698
61 6 7383
61 9 6216
61 12 7811
61 13 -10700
61 14 814
61 17 6206
61 18 -2568
61 21 -11108
61 23 4387
61 25 10272
61 30 1702
61 34 856
61 38 -6512
61 43 7490
61 56 7104
61 59 296
62 1 -256
62 4 3003
62 5 -3234
62 7 858
62 9 -3276
62 14 -429
62 21 1794
62 26 -3267
62 27 -148
62 30 -897
62 35 -52
62 38 3432
62 43 1320
62 51 -384
62 56 -3744
62 57 -2277
62 58 288
62 59 -156
63 2 2970
63 3 3290
63 4 3384
63 5 -3408
63 6 -6014
63 9 -752
63 11 2910
63 12 -2788
63 13 6328
63 17 -3995
63 18 1881
63 20 329
63 21 -2846
63 22 -1598
63 28 1601
63 30 -2878
63 31 3264
63 33 -264
63 34 -3157
63 37 3196
63 38 -1152
63 39 423
63 40 -3201
63 41 -999
63 47 1947
63 51 480
63 52 -4009
63 56 1848
63 58 2928
63 60 4559
64 4 539
64 8 -4557
64 9 -588
64 10 138
64 12 6131
64 14 -77
64 21 164
64 24 2553
64 30 -3
64 31 7310
64 33 6106
64 34 13895
64 38 616
64 41 5460
64 47 3906
64 48 -414
64 51 1406
64 52 1953
64 56 -672
64 57 -2325
64 59 -28
65 5 -5041
65 6 2470
65 8 -1911
65 11 6432
65 13 1560
65 17 -6992
65 18 -2680
65 21 -4331
65 23 2958
65 24 -4556
65 27 3283
65 29 -9155
65 31 -5455
65 33 -812
65 34 8121
65 36 3876
65 38 -1704
65 41 -624
65 47 1638
65 48 26
65 51 -1772
65 52 819
65 54 1472
65 57 -975
65 58 12237
65 59 -3886
65 62 -338
66 3 5088
66 5 4947
66 6 -4641
66 8 480
66 13 2703
66 20 2862
66 21 -2040
66 26 -7808
66 28 2292
66 29 1260
66 39 4437
66 41 945
66 42 784
66 46 159
66 50 -3233
66 51 -834
66 56 102
66 59 -1440
66 60 4982
66 62 -1792
67 6 -4209
67 10 -594
67 12 -4084
67 13 6100
67 17 -3538
67 18 1464
67 21 4392
67 23 -2501
67 24 153
67 25 -5856
67 29 549
67 34 -488
67 39 -9
67 41 414
67 43 -4270
67 46 -216
67 54 -666
