4902 1403 -2982 -3168 -1458 -1116 0 -180 -204 -837 0 -1168 -4329 2906 -3546 1457 -3360 3168 -806 -248 0 348 7362 -2356 1966 0 1564 0 -1428 -2244 1550 0 0 -527 -5130 -3738 -5125 4146 -189 0 4959 0 -1971 948 -4155 0 2536 3140 5475 0 4910 0 0 -2153 0 1126 1617 0 -376 0 2688 
0 -4085 -512 3680 0 -2295 0 0 0 -828 0 1520 -1748 0 -480 0 0 0 -4335 0 0 -3995 0 0 -5510 0 0 0 0 -14875 4416 0 912 0 0 0 0 0 0 -1530 0 -992 2565 0 0 0 0 0 -7125 0 -1530 528 6110 3078 0 0 -1615 -656 -1344 0 -4120 
0 -2581 -1376 -295 -1368 0 -46 9312 -8676 387 0 -7650 -5705 -3018 -3369 2399 2148 3240 8740 570 0 22 -93 0 0 0 0 0 -399 -2295 4301 -1470 575 9403 0 0 -506 5208 0 -288 -19930 2646 0 0 1302 0 -450 96 0 2896 -582 -3900 -105 2844 0 -871 0 -1946 -523 -3354 0 
5005 5621 312 312 0 0 0 -385 0 0 4437 1218 624 0 0 -5621 693 0 0 0 1674 0 0 0 0 0 182 0 0 0 0 0 0 0 0 0 0 0 1925 0 -8550 847 2541 0 0 0 1479 7047 0 -6853 -2519 -3773 0 0 0 -3045 5823 2262 0 -1998 0 
0 -4150 3315 -4144 -2590 -2214 0 0 2295 -2091 -84 1174 -2886 -2448 7434 0 -1578 0 -6494 4003 408 -5469 1875 -5372 0 0 3220 -4488 0 -15523 5698 0 5168 -1085 0 3410 0 0 -1922 -176 -7565 0 0 -5559 3256 0 -3052 2823 0 0 -11512 -24 9830 -525 0 -3115 8127 2314 -1271 2040 -11561 
0 6629 4371 0 0 -1010 -8645 0 6528 -2788 1386 16430 0 -684 5110 0 1564 0 -5623 0 7564 2526 13230 -2329 331 0 -2583 -1254 -437 -1564 1638 16328 5386 -4278 0 0 -3325 0 -8911 -1352 82 -3942 805 -3485 0 -1558 -5852 -3536 2870 -5767 -1710 0 0 0 7742 2428 -5168 2405 3100 -1151 -1288 
0 -490 14145 2320 0 44 -148 -1608 0 -680 2156 6174 -1292 0 -1770 0 6120 0 0 -38 -5896 4500 -750 -3240 -1150 1395 0 0 -1710 0 5470 7088 -432 0 0 0 -9948 -142 -813 0 -1758 -162 3150 0 0 0 -88 6432 -1422 0 0 492 -492 -1404 0 -544 0 -6162 1086 -612 -2628 
0 0 0 0 0 3600 0 -216 0 -164 0 0 0 0 0 -4700 0 0 2757 788 0 0 -624 3647 1968 0 -3075 0 -5829 270 0 0 996 0 2484 0 -5226 -4548 0 0 0 0 0 0 1998 0 -9600 3116 0 0 0 0 -5226 288 492 1203 0 6231 0 0 0 
0 -688 1051 1232 -2745 2718 -2925 -552 0 0 462 256 386 180 -288 -4148 275 270 3264 -814 -6294 3008 0 394 -630 0 0 -4135 0 11200 -1694 3555 2290 0 0 5130 -1125 -385 -3015 4507 0 0 432 0 -968 0 -1980 2208 6765 -2501 7722 0 -5062 416 4819 0 -272 -2208 915 -4140 7932 
0 0 0 -4788 891 0 -2332 0 16245 0 -5049 -1386 -234 0 0 1972 0 0 0 0 1526 -2277 836 0 -4951 0 0 -1288 57 874 1404 210 1173 0 0 3420 -6238 10089 -546 -1595 8415 -836 0 0 6542 0 -2877 -6853 -2070 1189 2401 -1188 15 0 -2633 7365 -9747 -2520 -660 1348 -216 
0 -225 0 0 1278 0 0 0 0 0 -6435 2835 0 4245 0 0 0 800 0 2254 0 7029 0 0 -4930 0 0 3976 0 -2698 1170 0 1566 0 0 6076 1400 -736 -6931 0 0 0 0 0 -710 0 -9590 -1281 6390 0 7764 0 -1290 0 0 -3085 0 -4026 -3075 6106 -13880 
-1164 1350 0 2343 1408 0 0 7027 -8450 -384 -63 0 -6087 6500 -2681 9090 3358 -7200 856 4536 2929 10241 2760 -286 -6503 0 -6412 5264 570 1528 231 2100 -12596 -2827 0 0 -3976 -8285 0 4821 -5170 2128 3744 0 -2668 0 5621 4383 6408 -3905 14274 3024 2385 1054 1152 -5184 0 540 -4956 8084 0 
0 0 -1539 565 6885 -962 -3819 -67 -2662 -5538 0 1494 -1630 0 -4489 -7470 0 625 0 0 0 0 -190 0 614 810 864 0 2213 0 -5304 1708 0 1584 11655 4450 9581 -575 -6097 1404 2362 0 0 -150 2300 4590 -4316 870 540 -2520 0 0 0 0 0 324 0 0 273 0 -320 
0 0 4834 1212 -14054 0 0 0 -3159 0 9702 0 0 0 -649 0 -3814 0 5704 -494 -10047 -3267 -18087 0 1052 0 7268 -1848 0 1254 0 -4455 1683 -2733 0 0 -6603 3734 6076 0 -186 3534 0 1199 330 -5076 2604 -4555 -2970 0 -2805 5022 0 -1185 0 -2600 -1034 0 4018 -2838 7252 
-7134 0 -540 0 -4464 0 550 0 0 0 0 -1496 -4772 -144 5394 -868 -220 -216 -5544 0 0 700 0 -40 1722 0 0 3512 0 0 0 0 -1662 0 0 -4104 220 -4530 0 0 1820 0 0 -2320 -1920 0 520 -160 -6192 0 -5256 0 0 1560 8624 0 0 0 -1200 3810 -2816 
0 6503 11558 6711 -7938 1800 -1482 480 1716 0 0 -1349 3540 -1550 2160 -2350 0 0 7692 400 -10900 0 0 1679 2256 0 0 900 -1040 0 0 0 -1767 -5244 0 0 0 -2550 884 -2346 0 0 15473 0 0 -5292 -4304 -1920 5805 8178 -5571 -71 -8830 -1846 0 0 1207 4364 0 7030 -720 
0 0 0 0 0 5391 0 0 13206 0 -9300 -10558 4836 -70 -10974 7719 -372 -105 -4590 0 0 -13536 0 0 0 0 0 0 -744 -15750 0 5022 -35 -7440 -8928 -1995 0 0 0 -1620 8075 0 0 20274 0 0 -1615 -6300 3263 2604 5 0 4860 0 0 6394 -25179 -2470 0 9530 -5040 
0 -2952 0 0 4300 490 0 3870 0 0 0 -10004 0 0 -5740 -3430 -4704 0 0 0 0 -7482 1260 0 0 1862 -4753 1344 0 -770 0 0 -4428 5412 0 0 1892 0 0 0 0 4428 -490 -2666 0 -1176 882 0 0 6478 0 0 0 0 840 -1410 -1568 -2624 5050 -490 532 
-1044 70 1677 15 -405 0 236 0 -726 100 -308 -882 -2802 0 -1026 0 40 0 -125 0 -883 -617 0 0 -1043 0 1875 -584 706 -720 -364 980 8 0 -6624 0 -143 -764 -374 0 581 0 0 1131 -5260 -270 0 -1822 0 0 0 0 70 -1014 -300 2092 0 -782 1760 -2574 512 
0 0 -576 -2540 0 2240 954 0 0 0 0 3105 0 -4450 -540 0 0 0 -4347 0 -1600 0 3328 -1077 0 0 0 6144 -261 -3520 0 0 -4047 0 0 0 -4778 0 0 0 0 1316 -1980 0 0 -5376 4532 -3392 620 -1500 -1691 4050 -126 684 10602 1305 520 -459 -1512 -6467 3152 
0 -8726 0 0 0 0 731 17 -238 0 0 671 0 0 1139 0 72 -1375 0 -920 0 0 0 0 -2030 0 0 0 0 0 0 0 0 2304 -765 -2480 0 1265 0 2262 -476 0 945 -1584 0 0 3320 0 -2625 0 0 37 0 910 0 0 -595 0 0 0 3400 
4611 0 -3552 -12 324 588 559 1261 1909 3950 -2652 -728 4750 -1692 -2985 0 -82 -1425 -1598 1242 4576 -2209 0 -3335 -1253 0 504 -3102 0 0 -3450 0 3572 0 639 3348 0 4438 0 0 7040 180 0 5149 -684 520 -6230 -7810 -3185 0 -1942 0 0 0 0 1316 -8066 3640 -1050 0 -6462 
7619 3796 8358 702 -1769 0 -1537 -260 -3360 0 0 6636 -2964 0 0 -10768 7855 0 0 0 -4446 5016 -8379 -3168 6864 0 1708 0 -1000 0 0 -325 0 6378 8910 0 -2050 2250 1300 0 3570 572 4796 0 -1950 0 -1508 4452 2822 -6980 884 -2548 0 0 0 0 -7638 264 0 1363 -4928 
0 0 0 -4171 0 0 0 1080 0 567 0 0 1197 6282 0 0 854 8640 2518 60 0 3149 3120 4708 0 0 0 6222 0 0 -1890 0 -10072 1022 0 0 0 -2760 0 0 0 0 -1287 0 0 0 247 0 -7607 -975 6030 -700 0 -1440 0 0 338 0 0 -602 0 
0 0 528 0 0 1521 0 0 0 0 0 0 5664 0 3456 -3854 0 0 -571 656 0 -2491 0 4456 -2461 0 0 1440 0 -9275 -7800 0 0 0 0 0 0 -4182 0 -954 0 0 0 0 0 0 -7872 -1394 -5947 0 -954 -328 2862 0 0 0 9600 0 4400 0 -1768 
-7855 0 3041 533 -2964 0 -2537 181 826 -4819 0 0 -5795 0 -3953 0 -1311 0 0 0 880 -7128 -95 0 5413 0 -1596 -4032 85 2736 4209 0 3672 0 10935 0 3772 -4140 0 0 -10012 0 0 -75 4308 -2214 0 -960 -2733 0 -6120 0 0 0 0 0 0 960 0 -6192 -520 
0 0 2013 9789 -5000 0 -5244 -4500 8024 -117 0 0 -247 0 0 0 0 0 0 0 -1290 8700 -2660 2115 0 0 0 0 -8180 0 4894 0 0 0 0 0 -7170 0 3128 0 0 2660 4653 3100 0 0 2348 -3710 -1457 3525 0 3780 0 0 0 -7340 -1222 8648 -9400 0 0 
-4386 0 793 -2651 0 -1827 0 0 918 0 0 0 1586 -2107 -1062 3760 -36 -4704 -4123 -640 0 1833 798 -6080 0 0 0 -980 -714 6825 0 0 0 0 4590 0 2091 7417 0 702 -4437 0 0 2650 2037 0 7680 616 4361 0 702 0 2246 0 0 0 -4803 0 0 -132 3528 
0 0 0 1840 0 -629 0 0 -5890 -414 0 0 -874 0 -3038 3348 0 0 663 3782 6138 611 -2520 434 -1050 0 0 -2688 0 3815 2208 0 0 0 0 0 3400 0 238 234 0 0 0 0 0 2352 2666 0 0 -3410 234 0 -702 0 -1680 -2204 0 0 0 980 -336 
-1479 0 1827 73 0 1606 -4745 882 2755 0 0 0 0 -1224 2390 -1566 1428 0 -960 -3723 -2805 -401 2548 -3730 3019 0 -1260 -2244 -399 0 0 7384 -1483 0 0 -5394 -1740 -3257 -4891 32 0 0 735 0 0 0 2762 0 0 1595 -3060 0 0 -1170 0 0 0 21 219 0 6219 
0 0 -1680 7100 0 0 371 0 -1680 -765 5049 0 -1615 -116 -9204 0 2467 -174 2576 0 0 0 -4660 0 0 0 -868 0 680 0 7077 0 -58 9561 0 -3306 0 2520 3162 0 -84 0 0 -5220 0 0 364 0 -4988 0 -4234 -1850 0 0 0 0 0 0 2091 748 2494 
-80 0 -330 -10470 -2122 0 -456 0 -77 -297 -5601 -1134 -3357 -1200 0 0 6415 0 3591 2590 40 1089 1843 0 -946 0 2240 616 -1969 -418 12349 0 -1929 5475 5022 -60 0 -5193 272 0 6885 0 0 1455 2856 0 -1233 -6561 4030 0 4043 -3750 802 0 6 2835 -11149 -1354 0 -2279 3104 
0 0 -4260 330 0 0 -1763 -41 574 0 0 21 -3660 0 -2747 0 0 0 5166 1311 0 0 0 0 0 0 0 0 -450 0 0 0 0 0 1845 -1806 0 -7216 0 0 1148 0 0 0 -2760 0 -4731 4680 0 0 0 7 -5576 0 0 -174 0 0 0 0 -4845 
0 0 9212 0 0 -1470 8366 0 0 0 0 0 0 1764 0 0 0 0 1666 0 0 2303 -3780 3871 0 2820 3008 -798 4606 2310 0 -2162 -3724 0 0 0 0 0 0 0 1692 0 0 0 0 3528 0 0 0 0 4410 0 0 0 -2520 372 0 0 0 1470 -1596 
0 -224 -708 3135 0 0 0 0 -2336 0 7227 0 5124 744 -488 -2190 -3332 0 0 0 -6630 -2793 -11751 1764 -5310 0 0 0 -3344 0 -5486 -7598 0 -510 0 7476 0 0 4526 -2460 0 0 -3275 0 3864 0 -1533 -6552 3312 0 -1464 0 -840 0 0 -1653 0 -147 5933 0 8146 
1365 1533 2225 -5732 5112 6144 0 -105 -1440 426 273 6248 6924 -1620 0 -539 -2312 0 -1530 -281 -6720 -2580 0 5035 0 0 4032 -2970 0 345 -3314 0 3775 -2993 5994 0 -8500 0 525 -3200 -443 231 693 5440 -572 2432 0 780 -4295 -1869 -3693 1021 -949 -600 0 0 -4336 4200 -250 1163 0 
0 -1300 0 -2418 0 0 3182 254 -1036 0 0 0 0 0 4958 0 0 0 6704 10 2600 0 520 754 -672 0 -1232 0 0 0 0 0 -830 1976 -3330 0 0 -460 0 884 -2072 0 18130 0 0 0 0 0 2208 8526 -5194 0 -8624 -240 0 0 0 0 0 0 0 
1547 0 5264 5096 -2523 0 -56 0 0 0 1911 0 3549 1105 0 0 2987 -1224 0 -3367 0 -1960 0 0 -1260 0 1470 0 0 867 -7007 0 -1344 0 -1710 0 -2895 855 -105 0 -3443 0 0 0 -4745 0 170 0 3306 0 187 0 -6643 -4368 0 750 0 0 3360 0 0 
0 0 -7016 -15 0 -6557 0 0 60 0 3735 1577 -3538 -445 0 0 -970 0 -92 -1520 0 5864 0 1224 -2652 0 0 0 646 910 -3678 -2618 0 1601 8372 -5162 0 -5770 -3471 0 3 0 -1190 0 4066 0 0 2655 -5727 0 0 -1100 -4272 0 0 -10573 6720 -5976 0 -7586 2744 
0 2701 -1880 -330 0 190 -114 0 1452 0 0 -480 0 0 -4672 0 -4539 0 -2024 -1900 560 0 836 0 1968 0 0 365 -80 90 -5994 0 5500 -5512 -464 0 1562 -9045 68 -442 66 -7226 -810 0 1388 0 296 1166 2250 0 0 5812 9500 3020 0 -9468 510 -3912 -8400 3182 3680 
0 -3821 7219 2794 0 6244 2451 57 -798 0 1928 5295 0 0 6723 0 2516 0 0 0 0 3425 0 -342 -2266 0 5040 0 -703 0 1534 2849 0 0 -321 0 0 0 0 0 -1756 330 5687 6800 -1254 3040 -2002 0 -13398 1650 0 0 0 2132 0 -4485 -1966 111 0 -1120 -2072 
0 3173 4264 0 0 0 -890 -1824 0 0 -4653 0 0 -12984 5978 -1353 0 -8640 2646 0 -984 0 -9114 0 0 -300 -320 -1800 -490 0 4606 230 -2244 0 0 0 0 -3696 -2914 0 3087 0 0 0 0 0 0 7296 6186 495 -8526 0 -2856 0 0 -120 0 -7296 -1927 -6808 -742 
0 -112 0 -1590 0 1044 0 0 0 0 0 -264 6942 -1353 -244 -1363 -1450 1650 754 316 -2772 0 30 5715 0 0 0 0 -1472 -1275 -188 -6230 -50 0 0 -2850 -3648 -1479 0 -1344 0 0 0 -270 5518 0 -3034 0 -4300 0 -3577 -88 -523 -252 0 51 0 255 -6230 2300 -576 
0 0 -1512 0 0 -1155 2964 0 -9322 -100 -3825 -1050 0 2448 -3038 3768 576 0 1961 3782 5878 3196 -2970 5806 -3546 -228 -1293 1320 2080 1815 0 0 -5168 0 0 0 0 0 -1768 0 6375 0 -1235 638 528 2772 1283 -4488 0 -4019 9791 -84 616 0 -1680 681 -5883 -6838 0 -297 -1254 
-120 0 0 0 0 -864 0 -6887 3441 0 6438 -2449 6298 0 0 2573 0 0 -1632 304 -234 -2711 -441 0 0 0 0 0 -248 -5600 0 1169 0 -2498 1254 -3700 1927 -2852 0 -363 2585 0 0 0 1833 0 0 -1714 -186 868 -576 0 1728 -4757 0 1600 -74 0 0 0 -1792 
-1174 0 0 4250 -1656 351 0 0 0 -387 4002 -2024 -3025 457 0 -322 0 108 663 0 0 611 0 0 -2520 0 0 0 -3450 2275 2064 -230 -79 0 3780 -248 -1278 -5570 2793 234 -3654 0 0 0 1638 0 0 1617 3096 0 2862 0 2994 0 0 166 -46 5082 0 -1656 728 
0 2376 -9506 0 3285 0 -10234 2034 780 0 0 8052 6318 -475 3414 4964 325 0 456 114 11390 0 17688 0 -949 -2910 -3104 -4745 -6612 320 0 161 -3298 -3876 3754 0 0 -5699 -3433 -4015 -1242 -3564 0 0 7390 0 -364 -1995 0 -2221 0 0 -4965 -2736 -5767 4050 0 -4864 -5418 329 4160 
783 -936 1675 -1016 0 -550 1625 1224 0 0 0 -3070 1475 0 -1433 0 0 0 -6052 68 0 0 3536 -410 86 0 280 375 0 0 -5850 -1975 -7048 1716 0 0 625 -2597 1675 0 0 1404 -17997 0 0 0 1252 0 248 -6637 4929 34 8184 -1632 0 -2054 7408 -832 -1037 0 900 
0 3268 3243 5424 -2072 0 1680 -1128 6080 0 0 -1216 7600 -6307 7600 0 -5462 5112 -1598 1026 6642 -1489 11705 -3713 4408 0 2576 -3102 1496 -4041 0 4095 3572 -322 -3864 1280 0 7610 0 0 -7840 0 -2052 -1320 -676 0 -70 4512 4572 0 -5011 0 0 -2396 -128 5400 1292 -4512 0 0 -1124 
34 -3362 2045 -9 -1282 235 38 0 3096 -79 0 -11461 61 0 -8508 249 -1062 0 0 0 100 1330 0 29 -250 0 -952 4088 -24 0 6579 162 -6296 5908 -1886 0 418 392 0 34 3398 4733 0 0 893 -1512 3081 -159 -1217 7352 0 0 0 2964 0 -6610 0 -2944 -5684 0 -3584 
50 61 1765
1 1 4902
1 2 1403
1 3 -2982
1 4 -3168
1 5 -1458
1 6 -1116
1 8 -180
1 9 -204
1 10 -837
1 12 -1168
1 13 -4329
1 14 2906
1 15 -3546
1 16 1457
1 17 -3360
1 18 3168
1 19 -806
1 20 -248
1 22 348
1 23 7362
1 24 -2356
1 25 1966
1 27 1564
1 29 -1428
1 30 -2244
1 31 1550
1 34 -527
1 35 -5130
1 36 -3738
1 37 -5125
1 38 4146
1 39 -189
1 41 4959
1 43 -1971
1 44 948
1 45 -4155
1 47 2536
1 48 3140
1 49 5475
1 51 4910
1 54 -2153
1 56 1126
1 57 1617
1 59 -376
1 61 2688
2 2 -4085
2 3 -512
2 4 3680
2 6 -2295
2 10 -828
2 12 1520
2 13 -1748
2 15 -480
2 19 -4335
2 22 -3995
2 25 -5510
2 30 -14875
2 31 4416
2 33 912
2 40 -1530
2 42 -992
2 43 2565
2 49 -7125
2 51 -1530
2 52 528
2 53 6110
2 54 3078
2 57 -1615
2 58 -656
2 59 -1344
2 61 -4120
3 2 -2581
3 3 -1376
3 4 -295
3 5 -1368
3 7 -46
3 8 9312
3 9 -8676
3 10 387
3 12 -7650
3 13 -5705
3 14 -3018
3 15 -3369
3 16 2399
3 17 2148
3 18 3240
3 19 8740
3 20 570
3 22 22
3 23 -93
3 29 -399
3 30 -2295
3 31 4301
3 32 -1470
3 33 575
3 34 9403
3 37 -506
3 38 5208
3 40 -288
3 41 -19930
3 42 2646
3 45 1302
3 47 -450
3 48 96
3 50 2896
3 51 -582
3 52 -3900
3 53 -105
3 54 2844
3 56 -871
3 58 -1946
3 59 -523
3 60 -3354
4 1 5005
4 2 5621
4 3 312
4 4 312
4 8 -385
4 11 4437
4 12 1218
4 13 624
4 16 -5621
4 17 693
4 21 1674
4 27 182
4 39 1925
4 41 -8550
4 42 847
4 43 2541
4 47 1479
4 48 7047
4 50 -6853
4 51 -2519
4 52 -3773
4 56 -3045
4 57 5823
4 58 2262
4 60 -1998
5 2 -4150
5 3 3315
5 4 -4144
5 5 -2590
5 6 -2214
5 9 2295
5 10 -2091
5 11 -84
5 12 1174
5 13 -2886
5 14 -2448
5 15 7434
5 17 -1578
5 19 -6494
5 20 4003
5 21 408
5 22 -5469
5 23 1875
5 24 -5372
5 27 3220
5 28 -4488
5 30 -15523
5 31 5698
5 33 5168
5 34 -1085
5 36 3410
5 39 -1922
5 40 -176
5 41 -7565
5 44 -5559
5 45 3256
5 47 -3052
5 48 2823
5 51 -11512
5 52 -24
5 53 9830
5 54 -525
5 56 -3115
5 57 8127
5 58 2314
5 59 -1271
5 60 2040
5 61 -11561
6 2 6629
6 3 4371
6 6 -1010
6 7 -8645
6 9 6528
6 10 -2788
6 11 1386
6 12 16430
6 14 -684
6 15 5110
6 17 1564
6 19 -5623
6 21 7564
6 22 2526
6 23 13230
6 24 -2329
6 25 331
6 27 -2583
6 28 -1254
6 29 -437
6 30 -1564
6 31 1638
6 32 16328
6 33 5386
6 34 -4278
6 37 -3325
6 39 -8911
6 40 -1352
6 41 82
6 42 -3942
6 43 805
6 44 -3485
6 46 -1558
6 47 -5852
6 48 -3536
6 49 2870
6 50 -5767
6 51 -1710
6 55 7742
6 56 2428
6 57 -5168
6 58 2405
6 59 3100
6 60 -1151
6 61 -1288
7 2 -490
7 3 14145
7 4 2320
7 6 44
7 7 -148
7 8 -1608
7 10 -680
7 11 2156
7 12 6174
7 13 -1292
7 15 -1770
7 17 6120
7 20 -38
7 21 -5896
7 22 4500
7 23 -750
7 24 -3240
7 25 -1150
7 26 1395
7 29 -1710
7 31 5470
7 32 7088
7 33 -432
7 37 -9948
7 38 -142
7 39 -813
7 41 -1758
7 42 -162
7 43 3150
7 47 -88
7 48 6432
7 49 -1422
7 52 492
7 53 -492
7 54 -1404
7 56 -544
7 58 -6162
7 59 1086
7 60 -612
7 61 -2628
8 6 3600
8 8 -216
8 10 -164
8 16 -4700
8 19 2757
8 20 788
8 23 -624
8 24 3647
8 25 1968
8 27 -3075
8 29 -5829
8 30 270
8 33 996
8 35 2484
8 37 -5226
8 38 -4548
8 45 1998
8 47 -9600
8 48 3116
8 53 -5226
8 54 288
8 55 492
8 56 1203
8 58 6231
9 2 -688
9 3 1051
9 4 1232
9 5 -2745
9 6 2718
9 7 -2925
9 8 -552
9 11 462
9 12 256
9 13 386
9 14 180
9 15 -288
9 16 -4148
9 17 275
9 18 270
9 19 3264
9 20 -814
9 21 -6294
9 22 3008
9 24 394
9 25 -630
9 28 -4135
9 30 11200
9 31 -1694
9 32 3555
9 33 2290
9 36 5130
9 37 -1125
9 38 -385
9 39 -3015
9 40 4507
9 43 432
9 45 -968
9 47 -1980
9 48 2208
9 49 6765
9 50 -2501
9 51 7722
9 53 -5062
9 54 416
9 55 4819
9 57 -272
9 58 -2208
9 59 915
9 60 -4140
9 61 7932
10 4 -4788
10 5 891
10 7 -2332
10 9 16245
10 11 -5049
10 12 -1386
10 13 -234
10 16 1972
10 21 1526
10 22 -2277
10 23 836
10 25 -4951
10 28 -1288
10 29 57
10 30 874
10 31 1404
10 32 210
10 33 1173
10 36 3420
10 37 -6238
10 38 10089
10 39 -546
10 40 -1595
10 41 8415
10 42 -836
10 45 6542
10 47 -2877
10 48 -6853
10 49 -2070
10 50 1189
10 51 2401
10 52 -1188
10 53 15
10 55 -2633
10 56 7365
10 57 -9747
10 58 -2520
10 59 -660
10 60 1348
10 61 -216
11 2 -225
11 5 1278
11 11 -6435
11 12 2835
11 14 4245
11 18 800
11 20 2254
11 22 7029
11 25 -4930
11 28 3976
11 30 -2698
11 31 1170
11 33 1566
11 36 6076
11 37 1400
11 38 -736
11 39 -6931
11 45 -710
11 47 -9590
11 48 -1281
11 49 6390
11 51 7764
11 53 -1290
11 56 -3085
11 58 -4026
11 59 -3075
11 60 6106
11 61 -13880
12 1 -1164
12 2 1350
12 4 2343
12 5 1408
12 8 7027
12 9 -8450
12 10 -384
12 11 -63
12 13 -6087
12 14 6500
12 15 -2681
12 16 9090
12 17 3358
12 18 -7200
12 19 856
12 20 4536
12 21 2929
12 22 10241
12 23 2760
12 24 -286
12 25 -6503
12 27 -6412
12 28 5264
12 29 570
12 30 1528
12 31 231
12 32 2100
12 33 -12596
12 34 -2827
12 37 -3976
12 38 -8285
12 40 4821
12 41 -5170
12 42 2128
12 43 3744
12 45 -2668
12 47 5621
12 48 4383
12 49 6408
12 50 -3905
12 51 14274
12 52 3024
12 53 2385
12 54 1054
12 55 1152
12 56 -5184
12 58 540
12 59 -4956
12 60 8084
13 3 -1539
13 4 565
13 5 6885
13 6 -962
13 7 -3819
13 8 -67
13 9 -2662
13 10 -5538
13 12 1494
13 13 -1630
13 15 -4489
13 16 -7470
13 18 625
13 23 -190
13 25 614
13 26 810
13 27 864
13 29 2213
13 31 -5304
13 32 1708
13 34 1584
13 35 11655
13 36 4450
13 37 9581
13 38 -575
13 39 -6097
13 40 1404
13 41 2362
13 44 -150
13 45 2300
13 46 4590
13 47 -4316
13 48 870
13 49 540
13 50 -2520
13 56 324
13 59 273
13 61 -320
14 3 4834
14 4 1212
14 5 -14054
14 9 -3159
14 11 9702
14 15 -649
14 17 -3814
14 19 5704
14 20 -494
14 21 -10047
14 22 -3267
14 23 -18087
14 25 1052
14 27 7268
14 28 -1848
14 30 1254
14 32 -4455
14 33 1683
14 34 -2733
14 37 -6603
14 38 3734
14 39 6076
14 41 -186
14 42 3534
14 44 1199
14 45 330
14 46 -5076
14 47 2604
14 48 -4555
14 49 -2970
14 51 -2805
14 52 5022
14 54 -1185
14 56 -2600
14 57 -1034
14 59 4018
14 60 -2838
14 61 7252
15 1 -7134
15 3 -540
15 5 -4464
15 7 550
15 12 -1496
15 13 -4772
15 14 -144
15 15 5394
15 16 -868
15 17 -220
15 18 -216
15 19 -5544
15 22 700
15 24 -40
15 25 1722
15 28 3512
15 33 -1662
15 36 -4104
15 37 220
15 38 -4530
15 41 1820
15 44 -2320
15 45 -1920
15 47 520
15 48 -160
15 49 -6192
15 51 -5256
15 54 1560
15 55 8624
15 59 -1200
15 60 3810
15 61 -2816
16 2 6503
16 3 11558
16 4 6711
16 5 -7938
16 6 1800
16 7 -1482
16 8 480
16 9 1716
16 12 -1349
16 13 3540
16 14 -1550
16 15 2160
16 16 -2350
16 19 7692
16 20 400
16 21 -10900
16 24 1679
16 25 2256
16 28 900
16 29 -1040
16 33 -1767
16 34 -5244
16 38 -2550
16 39 884
16 40 -2346
16 43 15473
16 46 -5292
16 47 -4304
16 48 -1920
16 49 5805
16 50 8178
16 51 -5571
16 52 -71
16 53 -8830
16 54 -1846
16 57 1207
16 58 4364
16 60 7030
16 61 -720
17 6 5391
17 9 13206
17 11 -9300
17 12 -10558
17 13 4836
17 14 -70
17 15 -10974
17 16 7719
17 17 -372
17 18 -105
17 19 -4590
17 22 -13536
17 29 -744
17 30 -15750
17 32 5022
17 33 -35
17 34 -7440
17 35 -8928
17 36 -1995
17 40 -1620
17 41 8075
17 44 20274
17 47 -1615
17 48 -6300
17 49 3263
17 50 2604
17 51 5
17 53 4860
17 56 6394
17 57 -25179
17 58 -2470
17 60 9530
17 61 -5040
18 2 -2952
18 5 4300
18 6 490
18 8 3870
18 12 -10004
18 15 -5740
18 16 -3430
18 17 -4704
18 22 -7482
18 23 1260
18 26 1862
18 27 -4753
18 28 1344
18 30 -770
18 33 -4428
18 34 5412
18 37 1892
18 42 4428
18 43 -490
18 44 -2666
18 46 -1176
18 47 882
18 50 6478
18 55 840
18 56 -1410
18 57 -1568
18 58 -2624
18 59 5050
18 60 -490
18 61 532
19 1 -1044
19 2 70
19 3 1677
19 4 15
19 5 -405
19 7 236
19 9 -726
19 10 100
19 11 -308
19 12 -882
19 13 -2802
19 15 -1026
19 17 40
19 19 -125
19 21 -883
19 22 -617
19 25 -1043
19 27 1875
19 28 -584
19 29 706
19 30 -720
19 31 -364
19 32 980
19 33 8
19 35 -6624
19 37 -143
19 38 -764
19 39 -374
19 41 581
19 44 1131
19 45 -5260
19 46 -270
19 48 -1822
19 53 70
19 54 -1014
19 55 -300
19 56 2092
19 58 -782
19 59 1760
19 60 -2574
19 61 512
20 3 -576
20 4 -2540
20 6 2240
20 7 954
20 12 3105
20 14 -4450
20 15 -540
20 19 -4347
20 21 -1600
20 23 3328
20 24 -1077
20 28 6144
20 29 -261
20 30 -3520
20 33 -4047
20 37 -4778
20 42 1316
20 43 -1980
20 46 -5376
20 47 4532
20 48 -3392
20 49 620
20 50 -1500
20 51 -1691
20 52 4050
20 53 -126
20 54 684
20 55 10602
20 56 1305
20 57 520
20 58 -459
20 59 -1512
20 60 -6467
20 61 3152
21 2 -8726
21 7 731
21 8 17
21 9 -238
21 12 671
21 15 1139
21 17 72
21 18 -1375
21 20 -920
21 25 -2030
21 34 2304
21 35 -765
21 36 -2480
21 38 1265
21 40 2262
21 41 -476
21 43 945
21 44 -1584
21 47 3320
21 49 -2625
21 52 37
21 54 910
21 57 -595
21 61 3400
22 1 4611
22 3 -3552
22 4 -12
22 5 324
22 6 588
22 7 559
22 8 1261
22 9 1909
22 10 3950
22 11 -2652
22 12 -728
22 13 4750
22 14 -1692
22 15 -2985
22 17 -82
22 18 -1425
22 19 -1598
22 20 1242
22 21 4576
22 22 -2209
22 24 -3335
22 25 -1253
22 27 504
22 28 -3102
22 31 -3450
22 33 3572
22 35 639
22 36 3348
22 38 4438
22 41 7040
22 42 180
22 44 5149
22 45 -684
22 46 520
22 47 -6230
22 48 -7810
22 49 -3185
22 51 -1942
22 56 1316
22 57 -8066
22 58 3640
22 59 -1050
22 61 -6462
23 1 7619
23 2 3796
23 3 8358
23 4 702
23 5 -1769
23 7 -1537
23 8 -260
23 9 -3360
23 12 6636
23 13 -2964
23 16 -10768
23 17 7855
23 21 -4446
23 22 5016
23 23 -8379
23 24 -3168
23 25 6864
23 27 1708
23 29 -1000
23 32 -325
23 34 6378
23 35 8910
23 37 -2050
23 38 2250
23 39 1300
23 41 3570
23 42 572
23 43 4796
23 45 -1950
23 47 -1508
23 48 4452
23 49 2822
23 50 -6980
23 51 884
23 52 -2548
23 57 -7638
23 58 264
23 60 1363
23 61 -4928
24 4 -4171
24 8 1080
24 10 567
24 13 1197
24 14 6282
24 17 854
24 18 8640
24 19 2518
24 20 60
24 22 3149
24 23 3120
24 24 4708
24 28 6222
24 31 -1890
24 33 -10072
24 34 1022
24 38 -2760
24 43 -1287
24 47 247
24 49 -7607
24 50 -975
24 51 6030
24 52 -700
24 54 -1440
24 57 338
24 60 -602
25 3 528
25 6 1521
25 13 5664
25 15 3456
25 16 -3854
25 19 -571
25 20 656
25 22 -2491
25 24 4456
25 25 -2461
25 28 1440
25 30 -9275
25 31 -7800
25 38 -4182
25 40 -954
25 47 -7872
25 48 -1394
25 49 -5947
25 51 -954
25 52 -328
25 53 2862
25 57 9600
25 59 4400
25 61 -1768
26 1 -7855
26 3 3041
26 4 533
26 5 -2964
26 7 -2537
26 8 181
26 9 826
26 10 -4819
26 13 -5795
26 15 -3953
26 17 -1311
26 21 880
26 22 -7128
26 23 -95
26 25 5413
26 27 -1596
26 28 -4032
26 29 85
26 30 2736
26 31 4209
26 33 3672
26 35 10935
26 37 3772
26 38 -4140
26 41 -10012
26 44 -75
26 45 4308
26 46 -2214
26 48 -960
26 49 -2733
26 51 -6120
26 58 960
26 60 -6192
26 61 -520
27 3 2013
27 4 9789
27 5 -5000
27 7 -5244
27 8 -4500
27 9 8024
27 10 -117
27 13 -247
27 21 -1290
27 22 8700
27 23 -2660
27 24 2115
27 29 -8180
27 31 4894
27 37 -7170
27 39 3128
27 42 2660
27 43 4653
27 44 3100
27 47 2348
27 48 -3710
27 49 -1457
27 50 3525
27 52 3780
27 56 -7340
27 57 -1222
27 58 8648
27 59 -9400
28 1 -4386
28 3 793
28 4 -2651
28 6 -1827
28 9 918
28 13 1586
28 14 -2107
28 15 -1062
28 16 3760
28 17 -36
28 18 -4704
28 19 -4123
28 20 -640
28 22 1833
28 23 798
28 24 -6080
28 28 -980
28 29 -714
28 30 6825
28 35 4590
28 37 2091
28 38 7417
28 40 702
28 41 -4437
28 44 2650
28 45 2037
28 47 7680
28 48 616
28 49 4361
28 51 702
28 53 2246
28 57 -4803
28 60 -132
28 61 3528
29 4 1840
29 6 -629
29 9 -5890
29 10 -414
29 13 -874
29 15 -3038
29 16 3348
29 19 663
29 20 3782
29 21 6138
29 22 611
29 23 -2520
29 24 434
29 25 -1050
29 28 -2688
29 30 3815
29 31 2208
29 37 3400
29 39 238
29 40 234
29 46 2352
29 47 2666
29 50 -3410
29 51 234
29 53 -702
29 55 -1680
29 56 -2204
29 60 980
29 61 -336
30 1 -1479
30 3 1827
30 4 73
30 6 1606
30 7 -4745
30 8 882
30 9 2755
30 14 -1224
30 15 2390
30 16 -1566
30 17 1428
30 19 -960
30 20 -3723
30 21 -2805
30 22 -401
30 23 2548
30 24 -3730
30 25 3019
30 27 -1260
30 28 -2244
30 29 -399
30 32 7384
30 33 -1483
30 36 -5394
30 37 -1740
30 38 -3257
30 39 -4891
30 40 32
30 43 735
30 47 2762
30 50 1595
30 51 -3060
30 54 -1170
30 58 21
30 59 219
30 61 6219
31 3 -1680
31 4 7100
31 7 371
31 9 -1680
31 10 -765
31 11 5049
31 13 -1615
31 14 -116
31 15 -9204
31 17 2467
31 18 -174
31 19 2576
31 23 -4660
31 27 -868
31 29 680
31 31 7077
31 33 -58
31 34 9561
31 36 -3306
31 38 2520
31 39 3162
31 41 -84
31 44 -5220
31 47 364
31 49 -4988
31 51 -4234
31 52 -1850
31 59 2091
31 60 748
31 61 2494
32 1 -80
32 3 -330
32 4 -10470
32 5 -2122
32 7 -456
32 9 -77
32 10 -297
32 11 -5601
32 12 -1134
32 13 -3357
32 14 -1200
32 17 6415
32 19 3591
32 20 2590
32 21 40
32 22 1089
32 23 1843
32 25 -946
32 27 2240
32 28 616
32 29 -1969
32 30 -418
32 31 12349
32 33 -1929
32 34 5475
32 35 5022
32 36 -60
32 38 -5193
32 39 272
32 41 6885
32 44 1455
32 45 2856
32 47 -1233
32 48 -6561
32 49 4030
32 51 4043
32 52 -3750
32 53 802
32 55 6
32 56 2835
32 57 -11149
32 58 -1354
32 60 -2279
32 61 3104
33 3 -4260
33 4 330
33 7 -1763
33 8 -41
33 9 574
33 12 21
33 13 -3660
33 15 -2747
33 19 5166
33 20 1311
33 29 -450
33 35 1845
33 36 -1806
33 38 -7216
33 41 1148
33 45 -2760
33 47 -4731
33 48 4680
33 52 7
33 53 -5576
33 56 -174
33 61 -4845
34 3 9212
34 6 -1470
34 7 8366
34 14 1764
34 19 1666
34 22 2303
34 23 -3780
34 24 3871
34 26 2820
34 27 3008
34 28 -798
34 29 4606
34 30 2310
34 32 -2162
34 33 -3724
34 41 1692
34 46 3528
34 51 4410
34 55 -2520
34 56 372
34 60 1470
34 61 -1596
35 2 -224
35 3 -708
35 4 3135
35 9 -2336
35 11 7227
35 13 5124
35 14 744
35 15 -488
35 16 -2190
35 17 -3332
35 21 -6630
35 22 -2793
35 23 -11751
35 24 1764
35 25 -5310
35 29 -3344
35 31 -5486
35 32 -7598
35 34 -510
35 36 7476
35 39 4526
35 40 -2460
35 43 -3275
35 45 3864
35 47 -1533
35 48 -6552
35 49 3312
35 51 -1464
35 53 -840
35 56 -1653
35 58 -147
35 59 5933
35 61 8146
36 1 1365
36 2 1533
36 3 2225
36 4 -5732
36 5 5112
36 6 6144
36 8 -105
36 9 -1440
36 10 426
36 11 273
36 12 6248
36 13 6924
36 14 -1620
36 16 -539
36 17 -2312
36 19 -1530
36 20 -281
36 21 -6720
36 22 -2580
36 24 5035
36 27 4032
36 28 -2970
36 30 345
36 31 -3314
36 33 3775
36 34 -2993
36 35 5994
36 37 -8500
36 39 525
36 40 -3200
36 41 -443
36 42 231
36 43 693
36 44 5440
36 45 -572
36 46 2432
36 48 780
36 49 -4295
36 50 -1869
36 51 -3693
36 52 1021
36 53 -949
36 54 -600
36 57 -4336
36 58 4200
36 59 -250
36 60 1163
37 2 -1300
37 4 -2418
37 7 3182
37 8 254
37 9 -1036
37 15 4958
37 19 6704
37 20 10
37 21 2600
37 23 520
37 24 754
37 25 -672
37 27 -1232
37 33 -830
37 34 1976
37 35 -3330
37 38 -460
37 40 884
37 41 -2072
37 43 18130
37 49 2208
37 50 8526
37 51 -5194
37 53 -8624
37 54 -240
38 1 1547
38 3 5264
38 4 5096
38 5 -2523
38 7 -56
38 11 1911
38 13 3549
38 14 1105
38 17 2987
38 18 -1224
38 20 -3367
38 22 -1960
38 25 -1260
38 27 1470
38 30 867
38 31 -7007
38 33 -1344
38 35 -1710
38 37 -2895
38 38 855
38 39 -105
38 41 -3443
38 45 -4745
38 47 170
38 49 3306
38 51 187
38 53 -6643
38 54 -4368
38 56 750
38 59 3360
39 3 -7016
39 4 -15
39 6 -6557
39 9 60
39 11 3735
39 12 1577
39 13 -3538
39 14 -445
39 17 -970
39 19 -92
39 20 -1520
39 22 5864
39 24 1224
39 25 -2652
39 29 646
39 30 910
39 31 -3678
39 32 -2618
39 34 1601
39 35 8372
39 36 -5162
39 38 -5770
39 39 -3471
39 41 3
39 43 -1190
39 45 4066
39 48 2655
39 49 -5727
39 52 -1100
39 53 -4272
39 56 -10573
39 57 6720
39 58 -5976
39 60 -7586
39 61 2744
40 2 2701
40 3 -1880
40 4 -330
40 6 190
40 7 -114
40 9 1452
40 12 -480
40 15 -4672
40 17 -4539
40 19 -2024
40 20 -1900
40 21 560
40 23 836
40 25 1968
40 28 365
40 29 -80
40 30 90
40 31 -5994
40 33 5500
40 34 -5512
40 35 -464
40 37 1562
40 38 -9045
40 39 68
40 40 -442
40 41 66
40 42 -7226
40 43 -810
40 45 1388
40 47 296
40 48 1166
40 49 2250
40 52 5812
40 53 9500
40 54 3020
40 56 -9468
40 57 510
40 58 -3912
40 59 -8400
40 60 3182
40 61 3680
41 2 -3821
41 3 7219
41 4 2794
41 6 6244
41 7 2451
41 8 57
41 9 -798
41 11 1928
41 12 5295
41 15 6723
41 17 2516
41 22 3425
41 24 -342
41 25 -2266
41 27 5040
41 29 -703
41 31 1534
41 32 2849
41 35 -321
41 41 -1756
41 42 330
41 43 5687
41 44 6800
41 45 -1254
41 46 3040
41 47 -2002
41 49 -13398
41 50 1650
41 54 2132
41 56 -4485
41 57 -1966
41 58 111
41 60 -1120
41 61 -2072
42 2 3173
42 3 4264
42 7 -890
42 8 -1824
42 11 -4653
42 14 -12984
42 15 5978
42 16 -1353
42 18 -8640
42 19 2646
42 21 -984
42 23 -9114
42 26 -300
42 27 -320
42 28 -1800
42 29 -490
42 31 4606
42 32 230
42 33 -2244
42 38 -3696
42 39 -2914
42 41 3087
42 48 7296
42 49 6186
42 50 495
42 51 -8526
42 53 -2856
42 56 -120
42 58 -7296
42 59 -1927
42 60 -6808
42 61 -742
43 2 -112
43 4 -1590
43 6 1044
43 12 -264
43 13 6942
43 14 -1353
43 15 -244
43 16 -1363
43 17 -1450
43 18 1650
43 19 754
43 20 316
43 21 -2772
43 23 30
43 24 5715
43 29 -1472
43 30 -1275
43 31 -188
43 32 -6230
43 33 -50
43 36 -2850
43 37 -3648
43 38 -1479
43 40 -1344
43 44 -270
43 45 5518
43 47 -3034
43 49 -4300
43 51 -3577
43 52 -88
43 53 -523
43 54 -252
43 56 51
43 58 255
43 59 -6230
43 60 2300
43 61 -576
44 3 -1512
44 6 -1155
44 7 2964
44 9 -9322
44 10 -100
44 11 -3825
44 12 -1050
44 14 2448
44 15 -3038
44 16 3768
44 17 576
44 19 1961
44 20 3782
44 21 5878
44 22 3196
44 23 -2970
44 24 5806
44 25 -3546
44 26 -228
44 27 -1293
44 28 1320
44 29 2080
44 30 1815
44 33 -5168
44 39 -1768
44 41 6375
44 43 -1235
44 44 638
44 45 528
44 46 2772
44 47 1283
44 48 -4488
44 50 -4019
44 51 9791
44 52 -84
44 53 616
44 55 -1680
44 56 681
44 57 -5883
44 58 -6838
44 60 -297
44 61 -1254
45 1 -120
45 6 -864
45 8 -6887
45 9 3441
45 11 6438
45 12 -2449
45 13 6298
45 16 2573
45 19 -1632
45 20 304
45 21 -234
45 22 -2711
45 23 -441
45 29 -248
45 30 -5600
45 32 1169
45 34 -2498
45 35 1254
45 36 -3700
45 37 1927
45 38 -2852
45 40 -363
45 41 2585
45 45 1833
45 48 -1714
45 49 -186
45 50 868
45 51 -576
45 53 1728
45 54 -4757
45 56 1600
45 57 -74
45 61 -1792
46 1 -1174
46 4 4250
46 5 -1656
46 6 351
46 10 -387
46 11 4002
46 12 -2024
46 13 -3025
46 14 457
46 16 -322
46 18 108
46 19 663
46 22 611
46 25 -2520
46 29 -3450
46 30 2275
46 31 2064
46 32 -230
46 33 -79
46 35 3780
46 36 -248
46 37 -1278
46 38 -5570
46 39 2793
46 40 234
46 41 -3654
46 45 1638
46 48 1617
46 49 3096
46 51 2862
46 53 2994
46 56 166
46 57 -46
46 58 5082
46 60 -1656
46 61 728
47 2 2376
47 3 -9506
47 5 3285
47 7 -10234
47 8 2034
47 9 780
47 12 8052
47 13 6318
47 14 -475
47 15 3414
47 16 4964
47 17 325
47 19 456
47 20 114
47 21 11390
47 23 17688
47 25 -949
47 26 -2910
47 27 -3104
47 28 -4745
47 29 -6612
47 30 320
47 32 161
47 33 -3298
47 34 -3876
47 35 3754
47 38 -5699
47 39 -3433
47 40 -4015
47 41 -1242
47 42 -3564
47 45 7390
47 47 -364
47 48 -1995
47 50 -2221
47 53 -4965
47 54 -2736
47 55 -5767
47 56 4050
47 58 -4864
47 59 -5418
47 60 329
47 61 4160
48 1 783
48 2 -936
48 3 1675
48 4 -1016
48 6 -550
48 7 1625
48 8 1224
48 12 -3070
48 13 1475
48 15 -1433
48 19 -6052
48 20 68
48 23 3536
48 24 -410
48 25 86
48 27 280
48 28 375
48 31 -5850
48 32 -1975
48 33 -7048
48 34 1716
48 37 625
48 38 -2597
48 39 1675
48 42 1404
48 43 -17997
48 47 1252
48 49 248
48 50 -6637
48 51 4929
48 52 34
48 53 8184
48 54 -1632
48 56 -2054
48 57 7408
48 58 -832
48 59 -1037
48 61 900
49 2 3268
49 3 3243
49 4 5424
49 5 -2072
49 7 1680
49 8 -1128
49 9 6080
49 12 -1216
49 13 7600
49 14 -6307
49 15 7600
49 17 -5462
49 18 5112
49 19 -1598
49 20 1026
49 21 6642
49 22 -1489
49 23 11705
49 24 -3713
49 25 4408
49 27 2576
49 28 -3102
49 29 1496
49 30 -4041
49 32 4095
49 33 3572
49 34 -322
49 35 -3864
49 36 1280
49 38 7610
49 41 -7840
49 43 -2052
49 44 -1320
49 45 -676
49 47 -70
49 48 4512
49 49 4572
49 51 -5011
49 54 -2396
49 55 -128
49 56 5400
49 57 1292
49 58 -4512
49 61 -1124
50 1 34
50 2 -3362
50 3 2045
50 4 -9
50 5 -1282
50 6 235
50 7 38
50 9 3096
50 10 -79
50 12 -11461
50 13 61
50 15 -8508
50 16 249
50 17 -1062
50 21 100
50 22 1330
50 24 29
50 25 -250
50 27 -952
50 28 4088
50 29 -24
50 31 6579
50 32 162
50 33 -6296
50 34 5908
50 35 -1886
50 37 418
50 38 392
50 40 34
50 41 3398
50 42 4733
50 45 893
50 46 -1512
50 47 3081
50 48 -159
50 49 -1217
50 50 7352
50 54 2964
50 56 -6610
50 58 -2944
50 59 -5684
50 61 -3584
