0 1
0 2
1 2
1 3
2 3
3 3
3 4
3 5
4 5
4 6
5 6
5 7
5 8
5 9
6 9
6 10
7 10
7 11
7 12
8 12
8 13
8 14
8 15
9 15
9 16
9 17
9 18
10 18
10 19
11 19
12 19
12 0
12 1
13 1
14 1
15 1
15 2
15 3
15 4
16 4
16 5
16 6
17 6
18 6
18 7
18 8
18 9
19 9
0 9
1 9
1 10
1 11
1 12
1 13
1 14
2 14
3 14
3 15
3 16
3 17
4 17
5 17
6 17
6 18
7 18
8 18
9 18
10 18
10 19
10 0
10 1
10 2
10 3
11 3
12 3
12 4
12 5
12 6
13 6
13 7
14 7
14 8
14 9
15 9
16 9
16 10
16 11
16 12
16 13
16 14
17 14
18 14
18 15
18 16
19 16
0 16
0 17
1 17
2 17
3 17
nlRl01LScC7h2w