0 1
0 2
0 3
0 4
0 5
0 6
1 6
1 7
2 7
2 8
2 9
3 9
3 10
4 10
4 11
4 12
5 12
5 13
5 14
6 14
7 14
8 14
9 14
9 15
9 16
9 17
9 18
10 18
11 18
11 19
11 0
11 1
11 2
11 3
11 4
12 4
13 4
13 5
13 6
13 7
13 8
13 9
13 10
14 10
14 11
15 11
15 12
15 13
15 14
16 14
17 14
17 15
17 16
18 16
19 16
19 17
19 18
0 18
1 18
1 19
1 0
2 0
3 0
3 1
4 1
4 2
5 2
5 3
6 3
6 4
7 4
8 4
9 4
10 4
10 5
11 5
11 6
11 7
12 7
12 8
13 8
14 8
15 8
16 8
16 9
16 10
17 10
17 11
18 11
19 11
19 12
0 12
1 12
1 13
2 13
3 13
3 14
4 14
5 14
5 15
eZ2C3kA00l