27 27 66
1 4 54
1 17 95
2 4 52
2 10 36
2 11 16
2 12 60
2 17 57
2 21 41
3 1 65
3 12 73
3 24 59
4 13 116
4 22 26
5 23 63
5 27 4
6 3 56
6 5 85
7 27 33
8 8 188
9 3 51
9 9 19
9 10 24
9 13 123
9 18 2
10 1 12
10 4 6
11 25 41
12 11 96
13 9 52
13 13 35
13 15 13
14 5 28
14 21 81
15 4 3
15 12 54
15 18 27
16 3 80
16 4 53
16 18 88
16 22 75
16 25 82
17 8 41
18 3 82
18 5 11
18 9 2
18 13 11
18 19 66
19 2 89
19 26 66
20 4 51
20 17 17
20 18 82
21 1 3
21 2 24
23 1 53
23 4 64
23 15 78
24 2 48
24 3 92
24 24 24
25 7 66
25 12 80
25 14 42
25 21 99
26 15 71
27 23 89
54