42 36 144
1 17 95
2 18 34
2 25 7
2 27 125
3 16 17
3 26 64
3 30 5
3 32 48
4 11 34
4 15 9
4 18 34
4 22 51
4 36 72
5 7 40
5 9 58
5 12 34
5 27 44
6 1 22
6 14 5
7 6 13
7 23 1
8 3 11
8 6 38
8 11 58
8 28 60
9 12 3
9 14 79
9 15 63
10 3 28
10 4 19
10 14 57
10 19 34
11 6 67
11 8 36
11 13 25
11 22 68
12 3 12
12 15 24
12 18 41
12 24 66
13 6 79
13 13 51
13 14 8
13 22 19
13 23 60
13 25 55
13 28 55
14 20 4
15 3 47
15 7 30
15 27 16
16 1 74
16 4 60
16 12 98
17 15 97
17 19 67
17 20 82
17 35 88
18 15 30
18 21 32
18 30 90
19 1 34
19 2 1
19 10 6
19 14 22
19 22 56
19 25 82
19 31 116
20 11 16
20 24 28
21 4 8
21 16 53
21 22 28
21 24 27
22 14 153
22 21 97
22 23 26
22 25 64
22 34 22
23 2 61
23 16 53
23 34 61
24 5 51
24 17 68
24 29 77
25 34 92
25 35 21
26 5 73
26 10 47
26 19 45
26 33 91
27 17 12
27 34 68
28 2 84
28 30 85
28 32 58
29 13 4
29 18 62
29 25 43
29 29 89
29 34 54
30 11 12
30 27 74
31 1 34
31 11 41
31 15 14
31 30 85
31 35 15
32 2 23
32 24 48
33 10 73
33 24 7
33 32 77
34 21 75
34 22 3
34 25 85
34 26 163
35 2 73
35 15 90
35 20 68
35 22 29
36 16 1
36 18 23
36 34 7
36 35 20
37 17 72
37 23 98
38 4 42
38 6 12
38 28 8
38 29 11
39 11 34
39 13 89
39 23 25
39 25 37
39 34 83
40 30 41
41 32 41
42 7 13
42 10 78
42 12 85
42 22 6
42 34 48
42 36 23
116