31 55 163
1 32 67
1 48 15
2 4 28
2 5 44
2 31 57
2 35 61
2 37 19
2 44 27
3 3 35
3 14 71
3 33 98
3 35 97
3 54 21
4 14 13
4 29 20
4 39 45
4 42 86
4 47 73
4 48 30
5 9 20
5 49 42
6 14 26
6 17 66
6 32 17
6 49 82
6 51 3
6 53 75
6 55 45
7 5 16
7 7 43
7 8 74
7 9 18
7 13 42
7 17 54
7 41 62
8 1 92
8 38 36
8 46 3
9 11 45
9 12 28
9 17 52
9 20 29
9 44 82
9 45 45
9 49 97
9 50 29
10 2 85
10 3 26
10 14 37
10 16 49
10 37 15
10 48 63
10 53 14
11 11 20
11 32 42
11 49 94
12 3 65
12 16 47
12 47 77
12 51 92
13 27 64
13 29 62
13 45 29
13 49 22
13 52 88
13 54 69
14 13 5
14 17 83
14 19 54
14 20 50
14 21 92
14 23 86
14 31 15
14 54 4
15 15 16
15 46 152
15 51 51
16 19 83
16 45 11
16 51 86
17 24 45
17 44 12
17 45 34
18 6 19
18 7 60
18 10 57
18 13 74
18 23 118
18 25 115
18 27 71
18 35 49
18 39 25
18 40 75
18 48 26
18 55 44
19 3 100
19 9 85
19 10 72
19 21 64
19 26 12
19 43 67
19 48 73
20 17 87
20 51 41
21 7 11
21 23 33
21 24 51
21 32 18
21 53 61
22 20 91
22 53 30
23 2 60
23 4 24
23 14 10
23 23 49
23 39 53
23 43 31
23 47 15
23 51 29
24 32 14
24 35 22
24 50 86
25 1 66
25 9 91
25 14 67
25 15 64
25 50 87
26 7 82
26 8 80
26 17 74
26 19 42
26 32 1
26 41 2
27 4 13
27 26 60
27 33 20
27 38 52
27 42 67
27 54 68
28 8 87
28 9 87
28 27 9
28 40 19
28 44 38
28 54 22
29 10 50
29 14 90
29 19 38
29 36 84
29 53 24
30 3 21
30 6 28
30 10 12
30 12 36
30 19 17
30 30 62
31 3 96
31 18 76
31 27 83
31 28 23
31 34 46
31 46 13
31 55 91
88