47 58 255
1 2 99
1 12 72
1 15 87
1 22 17
1 45 99
2 34 35
2 40 96
2 55 76
2 56 1
3 13 28
3 42 91
3 46 91
3 55 92
4 5 20
4 19 11
4 20 82
4 24 67
4 25 13
4 26 87
4 40 15
4 41 45
4 58 28
5 6 61
5 7 44
5 19 57
5 24 48
5 33 58
6 9 82
6 17 82
6 23 58
6 41 76
6 43 89
6 53 99
7 17 73
7 19 49
7 28 27
7 38 15
7 46 24
7 58 2
8 17 29
8 20 53
8 41 60
8 47 94
8 52 45
9 1 56
9 21 53
9 28 34
9 42 77
9 52 62
9 57 43
9 58 43
10 5 71
10 12 161
10 14 58
10 26 36
10 42 68
10 43 46
10 45 41
11 5 20
11 19 37
11 43 66
11 50 36
11 55 15
12 25 26
12 44 83
12 50 47
12 56 74
12 58 15
13 5 81
13 13 63
13 15 63
13 24 92
13 27 42
13 35 3
13 43 25
13 47 84
14 30 35
14 39 25
14 41 26
14 45 77
14 56 71
15 1 55
15 5 15
15 13 71
15 16 47
15 35 10
15 40 15
15 48 22
15 57 51
16 1 41
16 4 34
16 11 10
16 12 87
16 18 49
16 21 56
16 26 92
16 29 93
16 32 82
16 46 95
16 55 87
17 3 100
17 6 91
17 14 13
17 34 96
17 37 7
17 48 27
17 54 61
18 2 47
18 10 71
18 20 2
18 28 81
18 36 46
18 37 95
18 38 23
19 12 133
19 28 9
19 40 7
19 46 71
19 49 26
19 53 74
19 56 9
19 58 32
20 10 64
20 13 96
20 26 100
20 39 112
20 52 57
21 15 92
21 16 26
21 20 54
21 39 82
21 45 7
21 48 34
22 2 49
22 5 90
22 8 77
22 12 88
22 14 67
22 20 99
22 23 36
22 32 28
22 45 43
23 10 97
23 11 47
23 12 70
23 13 89
23 15 63
23 56 84
24 12 89
24 13 62
24 19 30
24 29 54
24 37 62
25 3 88
25 13 51
25 14 30
25 23 52
25 35 10
26 1 86
26 17 15
26 21 165
26 25 12
26 36 92
27 1 26
27 11 23
27 17 81
27 22 70
27 56 42
28 11 58
28 28 27
28 32 17
28 36 14
28 37 67
28 38 9
28 51 45
28 56 52
29 24 67
29 25 95
30 26 14
30 50 96
30 52 22
31 1 57
31 7 84
31 9 62
31 24 16
31 35 66
31 38 11
31 39 23
31 53 78
32 2 79
32 18 61
33 14 41
33 22 63
33 28 99
33 40 155
33 56 7
34 17 60
34 24 99
34 25 72
34 45 100
34 52 64
34 58 52
35 30 22
35 39 8
35 53 51
35 56 1
36 47 180
36 51 6
36 52 73
36 53 63
37 26 38
37 30 96
37 44 46
37 52 9
38 2 89
38 42 61
38 45 88
38 58 77
39 11 67
39 13 73
39 17 94
39 29 77
39 32 90
40 1 60
40 10 1
40 15 43
40 40 35
40 52 43
40 56 75
41 19 74
41 55 72
41 57 100
42 15 1
42 16 39
42 23 31
42 51 79
42 56 98
42 57 87
43 3 66
44 9 2
44 20 90
44 24 87
44 26 39
45 30 117
45 54 10
46 6 92
46 9 25
46 12 40
46 19 62
46 29 9
46 42 74
46 43 7
46 53 16
47 31 14
47 47 44
2