40 39 147
1 16 25
2 1 46
2 3 70
2 13 57
2 24 4
2 37 17
3 19 1
3 29 95
3 30 91
3 36 9
4 6 89
4 21 41
4 34 36
5 2 28
5 7 13
5 21 6
5 26 79
5 27 100
5 30 80
5 32 18
6 9 53
6 35 35
6 37 71
7 4 73
7 13 24
7 31 29
7 36 82
7 38 5
8 34 7
9 11 83
9 31 73
9 38 80
10 8 23
10 17 58
10 32 77
10 36 1
11 15 65
11 21 95
11 24 15
11 27 7
12 2 45
12 11 48
12 31 28
12 33 48
12 37 79
13 5 25
13 10 58
13 19 107
14 1 12
14 3 14
14 9 76
14 14 26
14 19 46
14 20 9
14 27 6
14 39 37
15 25 28
16 3 92
16 13 43
16 19 60
16 27 96
16 31 73
16 34 10
16 38 69
17 28 70
17 37 95
18 8 77
18 17 97
18 21 67
19 5 41
19 23 46
20 8 84
20 9 7
20 16 171
20 23 11
21 4 93
21 13 2
21 20 82
21 23 31
22 10 44
22 19 96
22 20 70
22 23 79
22 26 139
22 32 54
23 1 92
23 8 71
23 20 72
23 32 44
24 13 14
24 31 68
25 12 80
25 14 43
25 20 54
25 21 30
25 37 162
25 38 85
26 20 86
26 26 63
26 32 47
26 39 67
27 7 69
27 12 79
27 21 75
27 31 13
28 32 90
28 33 14
29 1 39
29 16 67
30 1 71
30 28 80
31 1 14
31 13 64
31 14 12
31 26 5
31 37 6
32 13 4
33 1 69
33 21 23
33 34 85
34 4 24
35 14 78
35 29 68
35 34 6
35 37 88
36 2 75
36 3 66
36 8 15
36 18 52
37 1 85
37 15 80
37 29 141
37 31 6
38 8 1
38 15 28
38 18 58
38 21 59
38 23 32
38 35 98
39 2 78
39 3 50
39 23 81
39 28 69
39 30 19
39 32 53
40 24 74
40 26 50
37