76 56 407
1 25 99
1 42 81
1 44 50
1 50 60
2 2 13
2 27 77
2 37 29
2 46 33
3 4 32
3 6 67
3 22 6
3 46 10
3 50 91
4 31 95
4 34 100
5 3 23
5 15 12
5 19 92
5 21 41
5 26 22
5 36 78
5 41 10
5 45 26
6 18 20
6 22 64
7 10 5
7 21 81
7 55 55
8 13 21
8 27 38
8 31 7
9 34 97
9 35 16
9 37 66
9 41 62
10 10 92
10 28 43
10 31 68
10 34 81
11 1 78
11 4 3
11 6 57
11 21 39
11 41 86
11 45 91
11 48 3
11 55 71
12 10 9
12 12 80
12 26 92
12 50 61
13 5 35
13 7 13
13 28 44
13 34 51
13 49 73
13 52 86
14 22 68
14 39 7
14 47 69
14 54 191
15 11 15
15 16 12
15 26 65
15 28 85
15 36 66
15 44 46
16 3 18
16 6 17
16 11 5
16 33 84
16 35 1
16 54 42
17 11 64
17 19 91
17 22 18
17 33 31
17 35 52
17 41 32
17 53 3
18 8 89
18 10 69
18 26 98
18 39 34
18 52 3
19 6 99
19 8 51
19 11 11
19 12 85
19 19 26
19 22 44
19 25 51
19 27 55
19 33 33
19 41 55
19 43 100
20 7 8
20 39 58
20 43 80
20 46 5
20 49 2
20 54 73
21 2 54
21 7 37
21 22 42
21 39 51
21 41 4
22 9 46
22 11 63
22 20 29
22 26 60
22 29 84
22 35 5
22 39 12
23 6 98
23 22 71
23 24 100
23 25 99
23 37 7
23 54 62
24 3 91
24 5 57
24 10 71
24 32 121
24 40 35
24 44 57
24 55 43
25 15 45
25 35 95
25 37 79
25 54 60
26 10 92
26 14 55
26 20 43
27 2 14
27 19 91
27 26 67
27 30 49
27 38 69
28 6 48
28 37 83
29 21 66
29 49 65
29 54 97
29 55 73
30 5 41
30 10 87
30 40 69
31 2 37
31 4 70
31 12 83
31 24 31
31 36 38
31 51 28
31 55 6
32 28 22
32 32 83
32 33 36
32 37 20
32 55 71
33 6 65
33 9 21
33 21 46
33 24 80
33 29 11
33 31 91
33 40 40
34 1 31
34 20 63
34 27 95
34 28 76
34 35 24
34 42 3
35 9 3
35 21 57
35 32 88
35 41 9
35 46 14
35 51 26
35 56 74
36 1 26
36 9 28
36 36 35
36 41 10
36 48 55
36 56 24
37 5 54
37 7 74
37 12 15
37 14 99
37 41 8
38 22 88
38 25 89
38 26 96
38 30 27
38 38 11
39 6 12
39 19 46
39 22 4
39 24 76
39 37 86
39 55 8
40 6 24
40 7 9
40 9 3
40 14 22
40 16 94
40 19 12
40 24 19
40 33 78
40 43 21
41 15 51
41 28 89
41 31 50
41 33 61
41 53 10
41 54 16
42 15 59
42 18 11
42 23 31
42 27 78
42 46 49
42 50 23
42 51 81
43 1 28
43 2 61
43 6 82
43 8 6
43 22 96
43 30 78
43 34 89
43 39 22
43 49 1
44 8 96
44 11 142
44 18 100
44 28 81
44 31 56
45 10 78
45 29 4
45 35 63
45 39 81
45 54 73
46 9 20
46 14 104
46 24 35
46 29 93
46 32 73
46 38 75
46 39 33
46 56 43
47 4 84
47 5 92
47 15 81
47 16 30
47 21 10
48 12 30
48 29 20
49 3 87
49 8 84
49 14 38
49 33 28
49 48 85
50 7 24
50 49 60
51 3 30
51 11 12
51 13 47
51 34 24
51 53 98
52 8 23
52 25 91
52 55 24
52 56 87
53 15 46
53 28 72
54 7 70
54 21 49
54 22 80
54 30 100
54 40 6
55 9 20
55 18 96
55 39 84
55 53 81
56 21 48
56 30 65
56 38 41
56 41 75
57 6 50
57 13 2
57 15 16
57 18 118
57 24 39
57 43 93
57 45 27
57 51 79
58 12 29
58 23 100
58 36 3
58 37 61
59 21 74
59 24 83
59 35 92
59 50 81
60 5 25
60 6 79
60 7 95
60 16 60
60 22 70
60 32 79
60 46 49
60 53 78
61 9 27
61 19 38
61 32 8
61 41 12
61 45 53
61 50 6
62 15 36
62 26 100
62 44 52
62 45 17
63 4 71
63 15 71
63 36 82
63 40 9
63 42 18
63 47 33
63 55 52
64 4 99
64 9 78
64 14 79
64 18 76
64 23 23
64 27 79
64 35 31
64 55 67
65 6 94
65 30 73
65 34 25
66 2 5
66 14 86
66 18 52
66 19 20
66 20 19
66 28 5
66 32 5
66 40 21
66 50 22
67 3 47
67 11 4
67 30 17
67 40 92
67 52 25
67 53 39
68 2 31
68 19 70
68 23 52
68 29 45
69 13 14
69 22 53
69 23 56
69 47 1
69 49 64
69 52 61
70 6 71
70 23 76
70 26 91
70 29 32
70 34 29
70 36 63
70 37 90
70 38 90
70 50 19
70 52 2
71 13 96
71 20 6
71 36 77
71 46 43
72 5 59
72 40 21
72 41 49
72 55 83
73 6 27
73 18 81
73 22 52
73 28 20
73 34 11
73 45 26
73 46 8
73 53 47
74 2 69
74 8 82
74 14 55
74 40 38
74 53 44
75 5 17
75 41 28
75 50 49
75 54 23
76 11 44
76 21 115
76 27 77
76 35 40
76 46 62
76 52 77
8