90 79 675
1 9 43
1 15 93
1 42 20
1 49 85
1 51 100
1 62 76
1 70 76
2 6 99
2 12 17
2 15 14
2 17 3
2 28 97
2 51 81
2 56 82
2 69 4
2 79 87
3 7 87
3 22 19
3 29 40
3 34 3
3 47 50
3 51 62
3 60 94
3 65 100
3 68 71
3 74 49
4 8 18
4 14 59
4 21 21
4 41 55
4 44 90
4 47 30
4 59 54
4 69 98
4 75 51
5 4 55
5 7 17
5 20 11
5 32 77
5 38 81
5 40 36
5 61 58
5 63 88
5 64 28
6 9 90
6 18 69
6 33 23
6 40 87
6 44 14
6 64 34
7 67 11
8 7 37
8 8 48
8 42 92
8 47 71
8 67 15
9 12 32
9 21 35
9 27 90
9 31 65
9 61 100
10 20 26
10 36 28
10 37 95
10 40 7
10 52 84
10 62 5
10 72 75
10 75 85
11 17 94
11 25 56
11 26 83
11 27 27
11 33 47
11 38 57
11 42 75
11 51 83
11 60 91
11 71 36
11 76 31
12 9 81
12 29 84
12 50 72
12 63 93
12 66 56
13 14 100
13 15 37
13 26 120
13 32 45
13 40 100
13 68 63
13 72 54
13 75 80
13 78 3
14 1 39
14 7 83
14 8 64
14 10 95
14 32 87
14 41 21
14 58 58
15 17 64
15 31 64
15 38 74
15 46 100
15 65 36
16 5 74
16 16 27
16 19 94
16 27 45
16 33 35
16 35 29
16 53 11
16 54 97
16 70 68
16 74 49
16 76 36
17 4 62
17 12 20
17 27 28
17 45 45
17 77 22
18 26 79
18 36 47
18 65 74
18 69 45
18 70 76
19 1 96
19 3 84
19 5 14
19 34 40
19 46 2
19 47 10
19 50 83
19 51 93
19 54 96
19 57 126
19 70 23
20 18 88
20 29 91
20 57 56
20 59 49
21 16 83
21 32 19
21 38 35
21 39 89
21 51 37
21 53 29
21 58 74
21 64 38
21 66 43
21 72 6
21 77 19
22 5 54
22 49 27
22 51 82
22 53 9
22 58 95
22 60 40
23 27 94
23 48 41
23 53 32
23 60 21
23 71 71
23 78 66
24 10 39
24 14 50
24 27 18
24 65 59
24 70 87
24 78 34
25 7 82
25 8 112
25 11 35
25 14 16
25 29 71
25 58 35
25 74 93
25 77 14
26 13 19
26 21 36
26 27 98
26 35 89
26 36 20
26 45 8
26 46 92
26 61 45
26 62 42
26 66 12
26 73 37
27 22 33
27 33 94
27 36 85
27 47 32
27 52 12
27 53 69
27 57 94
27 74 52
28 7 6
28 25 95
28 28 78
28 38 59
28 48 71
28 51 88
28 59 59
28 71 98
29 12 94
29 17 90
29 18 86
29 28 33
29 48 7
29 53 60
30 12 97
30 26 56
30 27 34
30 45 91
30 50 84
30 52 47
30 74 83
30 76 70
31 10 2
31 11 97
31 18 10
31 30 20
31 42 67
31 56 41
31 58 26
32 11 53
32 15 35
32 20 96
32 32 33
32 43 19
32 63 42
32 64 95
32 75 86
33 22 86
33 30 85
33 45 28
33 51 45
33 70 90
33 79 29
34 1 78
34 5 78
34 22 2
34 23 91
34 32 1
34 42 45
34 43 58
34 45 46
35 8 34
35 11 97
35 40 8
35 71 71
36 8 59
36 13 159
36 30 83
36 53 99
36 54 45
36 61 57
36 65 98
36 77 65
37 9 81
37 17 20
37 21 72
37 25 68
37 31 91
37 33 19
37 50 94
37 75 40
38 12 55
38 15 13
38 25 81
38 31 96
38 36 10
38 57 86
39 3 15
39 17 32
39 25 14
39 29 68
39 36 57
39 38 89
39 40 64
39 42 159
39 51 95
39 60 39
39 71 44
40 23 54
40 35 52
40 39 74
41 11 15
41 37 12
41 51 10
41 69 53
41 72 9
42 13 32
42 18 35
42 24 85
42 31 52
42 61 25
42 68 36
42 74 68
43 1 30
43 4 2
43 24 72
43 27 2
43 31 73
43 33 48
43 36 70
43 38 75
43 52 12
43 65 37
43 69 39
43 76 67
43 78 95
44 17 171
44 27 54
44 28 54
44 51 52
44 77 84
45 11 84
45 20 92
45 30 1
45 31 65
45 53 23
45 66 81
46 2 62
46 4 65
46 6 97
46 29 66
46 38 82
46 42 55
46 44 61
46 54 77
46 75 47
46 78 26
47 28 5
47 36 63
47 39 43
47 55 49
48 6 130
48 8 18
48 12 83
48 20 62
48 23 11
48 33 98
48 55 11
48 62 21
48 70 84
48 71 55
48 78 14
49 11 71
49 49 65
49 74 19
50 34 34
50 38 62
50 44 3
50 54 9
50 57 27
50 60 57
50 64 39
50 69 18
50 76 51
51 7 66
51 19 79
51 25 9
51 37 80
51 44 97
51 61 52
52 7 10
52 9 60
52 18 8
52 21 81
52 26 96
52 28 21
52 30 25
52 31 50
52 33 8
52 61 15
52 79 13
53 3 93
53 33 2
53 34 42
53 38 8
53 45 42
53 46 38
53 47 50
54 15 64
54 16 70
54 43 80
54 44 14
54 46 41
54 62 94
54 66 10
54 72 2
54 74 85
55 1 19
55 4 81
55 23 20
55 26 56
55 59 45
55 69 88
55 70 72
56 6 52
56 17 22
56 26 58
56 31 46
56 62 30
56 69 94
56 70 77
56 73 7
56 78 98
56 79 53
57 1 56
57 3 38
57 9 7
57 18 25
57 21 18
57 25 89
57 30 28
57 34 77
57 39 62
57 41 129
57 64 46
57 66 96
58 3 71
58 8 67
58 19 3
58 34 56
58 41 74
58 61 12
59 5 99
59 12 12
59 17 37
59 24 64
59 42 60
59 43 36
59 56 92
59 75 78
60 2 80
60 15 94
60 28 12
60 32 60
60 33 51
60 53 100
60 61 97
60 62 83
60 68 73
61 3 28
61 4 118
61 6 32
61 7 14
61 15 10
61 21 32
61 23 43
61 27 46
61 29 27
61 34 45
61 36 12
61 45 272
61 48 100
61 51 88
61 59 52
61 68 35
61 69 28
62 14 31
62 18 26
62 43 50
62 50 10
62 51 51
62 56 62
62 62 63
63 33 75
63 62 30
63 66 8
63 68 37
64 15 3
64 17 98
64 23 12
64 25 80
64 40 19
64 46 59
64 65 85
64 78 99
65 11 30
65 13 59
65 41 37
65 48 50
65 56 58
65 69 89
65 76 97
66 5 85
66 6 98
66 9 70
66 11 23
66 15 99
66 19 50
66 24 11
66 25 8
66 27 37
66 43 4
66 61 7
66 73 3
67 1 81
67 6 62
67 17 70
67 46 62
67 51 9
67 59 45
67 66 60
67 68 93
67 75 41
68 36 47
68 55 29
68 63 18
69 11 53
69 13 106
69 15 87
69 20 30
69 53 21
69 65 5
70 23 41
70 32 74
70 42 4
70 46 36
70 70 24
70 76 30
70 79 27
71 3 68
71 8 29
71 16 43
71 21 51
71 37 25
71 39 17
71 64 61
71 70 76
71 75 60
72 10 19
72 22 62
72 32 100
72 37 39
72 40 22
72 68 58
72 76 25
73 2 37
73 4 92
73 35 74
73 37 139
73 49 22
73 50 56
73 53 44
73 55 17
73 69 44
74 8 19
74 33 17
74 53 93
74 69 5
74 74 77
74 76 60
75 8 1
75 9 66
75 10 9
75 14 60
75 27 8
75 70 8
76 2 78
76 4 75
76 17 54
76 33 73
76 34 40
76 40 68
76 46 30
77 3 14
77 9 72
77 11 69
77 18 78
77 46 74
77 59 110
78 7 80
78 14 95
78 22 8
78 35 1
78 43 85
78 66 25
79 12 87
79 14 54
79 25 89
79 31 60
79 55 148
79 70 48
79 73 73
80 7 94
80 15 57
80 17 56
80 20 24
80 30 94
80 40 79
80 43 44
80 47 76
80 53 37
80 54 35
80 59 93
80 64 16
81 8 78
81 12 96
81 29 38
81 30 58
81 32 75
81 33 14
81 66 89
81 71 12
81 73 54
82 6 82
82 33 65
82 38 27
82 57 14
82 59 1
82 65 77
82 66 87
83 13 57
83 18 29
83 62 53
84 5 20
84 6 16
84 8 47
84 18 35
84 43 95
84 50 73
84 55 35
84 57 59
84 72 57
85 9 55
85 33 53
85 40 65
85 42 58
85 44 43
85 60 66
85 62 19
85 63 21
86 33 21
86 58 90
86 61 45
86 76 66
86 79 63
87 7 40
87 24 72
87 26 9
87 31 38
87 44 34
87 51 91
87 56 39
87 60 16
87 67 140
87 71 3
88 10 122
88 20 94
88 39 25
88 49 82
88 58 89
88 59 1
88 62 86
88 73 82
89 1 3
89 6 35
89 25 30
89 35 63
89 37 91
89 66 47
89 69 42
90 1 2
90 2 24
90 15 33
90 18 59
90 26 35
90 50 71
90 73 67
3